#
# A fatal error has been detected by the Java Runtime Environment:
#
#  EXCEPTION_ACCESS_VIOLATION (0xc0000005) at pc=0x000000071f333f40, pid=5100, tid=15020
#
# JRE version: Java(TM) SE Runtime Environment (8.0_25-b18) (build 1.8.0_25-b18)
# Java VM: Java HotSpot(TM) 64-Bit Server VM (25.25-b02 mixed mode windows-amd64 compressed oops)
# Problematic frame:
# C  0x000000071f333f40
#
# Failed to write core dump. Minidumps are not enabled by default on client versions of Windows
#
# If you would like to submit a bug report, please visit:
#   http://bugreport.sun.com/bugreport/crash.jsp
#

---------------  T H R E A D  ---------------

Current thread (0x0000000002bf3800):  JavaThread "Client thread" [_thread_in_Java, id=15020, stack(0x0000000002af0000,0x0000000002bf0000)]

siginfo: ExceptionCode=0xc0000005, ExceptionInformation=0x0000000000000008 0x000000071f333f40

Registers:
RAX=0x0000000000000000, RBX=0x0000000024226cd0, RCX=0x0000000000000000, RDX=0x000000071f81eb70
RSP=0x0000000002bee2d8, RBP=0x000000071f81eb70, RSI=0x0000000000000008, RDI=0x0000000000000006
R8 =0x0000000000000000, R9 =0x000000071f81f238, R10=0x00000000d85dd03b, R11=0x0000000000000001
R12=0x0000000000000000, R13=0x0000000000000000, R14=0x0000000000000001, R15=0x0000000002bf3800
RIP=0x000000071f333f40, EFLAGS=0x0000000000010246

Top of Stack: (sp=0x0000000002bee2d8)
0x0000000002bee2d8:   000000071f333ab0 000000074ddabf17
0x0000000002bee2e8:   00000006cde733c8 00000006cc9909a0
0x0000000002bee2f8:   d87a8eff00000000 00000007d87a8eff
0x0000000002bee308:   0000000003d05118 000000071f81eb70
0x0000000002bee318:   0000000004b14df4 00000006cf5ae9fc
0x0000000002bee328:   0000000000000086 000000071f81eb70
0x0000000002bee338:   0000000004f802f8 00000006cf5aec10
0x0000000002bee348:   00000006cf5aec0c 0000000002bee380
0x0000000002bee358:   0000000002bee380 000000071f81eb70
0x0000000002bee368:   0000012f00000000 ffffff7100000001
0x0000000002bee378:   00000006cde733c8 00000006ccefbfa8
0x0000000002bee388:   000000000387a3cf 0000000000000001
0x0000000002bee398:   000000070c602b50 0000000600000000
0x0000000002bee3a8:   000000071f3337b0 00000006f7540ec0
0x0000000002bee3b8:   00000000e3ed2a1b 00000006f7540e00
0x0000000002bee3c8:   00000000f80328d5 d99df7e73dcccccd 

Instructions: (pc=0x000000071f333f40)
0x000000071f333f20:   47 b3 00 f8 e6 67 e6 e3 f0 67 e6 e3 e8 67 e6 e3
0x000000071f333f30:   0d 00 00 00 00 00 00 00 cd b4 00 f8 e8 67 e6 e3
0x000000071f333f40:   0d 00 00 00 00 00 00 00 2f b4 00 f8 00 00 00 00
0x000000071f333f50:   00 00 00 00 00 00 00 00 00 00 00 00 01 00 00 00 


Register to memory mapping:

RAX=0x0000000000000000 is an unknown value
RBX={method} {0x0000000024226cd8} 'func_70613_aW' '()Z' in 'net/minecraft/entity/EntityLiving'
RCX=0x0000000000000000 is an unknown value
RDX=0x000000071f81eb70 is an oop
net.minecraft.entity.monster.EntitySkeleton 
 - klass: 'net/minecraft/entity/monster/EntitySkeleton'
RSP=0x0000000002bee2d8 is pointing into the stack for thread: 0x0000000002bf3800
RBP=0x000000071f81eb70 is an oop
net.minecraft.entity.monster.EntitySkeleton 
 - klass: 'net/minecraft/entity/monster/EntitySkeleton'
RSI=0x0000000000000008 is an unknown value
RDI=0x0000000000000006 is an unknown value
R8 =0x0000000000000000 is an unknown value
R9 =0x000000071f81f238 is an oop
java.util.concurrent.locks.ReentrantReadWriteLock$NonfairSync 
 - klass: 'java/util/concurrent/locks/ReentrantReadWriteLock$NonfairSync'
R10=0x00000000d85dd03b is an unknown value
R11=0x0000000000000001 is an unknown value
R12=0x0000000000000000 is an unknown value
R13=0x0000000000000000 is an unknown value
R14=0x0000000000000001 is an unknown value
R15=0x0000000002bf3800 is a thread


Stack: [0x0000000002af0000,0x0000000002bf0000],  sp=0x0000000002bee2d8,  free space=1016k
Native frames: (J=compiled Java code, j=interpreted, Vv=VM code, C=native code)
C  0x000000071f333f40


---------------  P R O C E S S  ---------------

Java Threads: ( => current thread )
  0x00000000253eb800 JavaThread "JM-texture-8" [_thread_blocked, id=7544, stack(0x000000005a7d0000,0x000000005a8d0000)]
  0x00000000253eb000 JavaThread "JM-texture-7" [_thread_blocked, id=16600, stack(0x000000005a6d0000,0x000000005a7d0000)]
  0x00000000253e8800 JavaThread "JM-texture-5" [_thread_blocked, id=2140, stack(0x0000000055db0000,0x0000000055eb0000)]
  0x00000000253df000 JavaThread "File IO Thread" [_thread_blocked, id=17400, stack(0x0000000055960000,0x0000000055a60000)]
  0x00000000253e5800 JavaThread "JM-task-4" [_thread_blocked, id=14056, stack(0x0000000045cd0000,0x0000000045dd0000)]
  0x00000000253de000 JavaThread "JM-texture-3" [_thread_blocked, id=17052, stack(0x0000000045130000,0x0000000045230000)]
  0x0000000026283800 JavaThread "Netty Client IO #2" daemon [_thread_in_native, id=16196, stack(0x0000000044420000,0x0000000044520000)]
  0x0000000026282000 JavaThread "Netty Client IO #1" daemon [_thread_in_native, id=10428, stack(0x0000000044120000,0x0000000044220000)]
  0x0000000026281000 JavaThread "Netty Client IO #0" daemon [_thread_in_native, id=16528, stack(0x0000000044020000,0x0000000044120000)]
  0x000000002627f800 JavaThread "Thread-15" daemon [_thread_in_native, id=16772, stack(0x0000000043f20000,0x0000000044020000)]
  0x0000000026284000 JavaThread "Server Pinger #1" daemon [_thread_blocked, id=16688, stack(0x0000000043e20000,0x0000000043f20000)]
  0x0000000021d12000 JavaThread "Server Pinger #0" daemon [_thread_blocked, id=15604, stack(0x0000000043d20000,0x0000000043e20000)]
  0x0000000021d13800 JavaThread "Thread-14" [_thread_blocked, id=10172, stack(0x000000003b650000,0x000000003b750000)]
  0x0000000021d18000 JavaThread "Thread-13" [_thread_blocked, id=4364, stack(0x000000003b550000,0x000000003b650000)]
  0x0000000021d13000 JavaThread "Chunk Batcher 1" daemon [_thread_blocked, id=10316, stack(0x0000000037220000,0x0000000037320000)]
  0x0000000021d11800 JavaThread "Chunk Batcher 0" daemon [_thread_blocked, id=14260, stack(0x0000000037120000,0x0000000037220000)]
  0x000000002207f800 JavaThread "Thread-9" [_thread_blocked, id=15728, stack(0x0000000036830000,0x0000000036930000)]
  0x00000000210c6800 JavaThread "LWJGL Timer" daemon [_thread_blocked, id=7992, stack(0x000000002e6a0000,0x000000002e7a0000)]
  0x000000002453f800 JavaThread "Java2D Disposer" daemon [_thread_blocked, id=16096, stack(0x0000000025ca0000,0x0000000025da0000)]
  0x000000002311c000 JavaThread "Timer hack thread" daemon [_thread_blocked, id=12940, stack(0x0000000025ba0000,0x0000000025ca0000)]
  0x0000000023954800 JavaThread "Snooper Timer" daemon [_thread_blocked, id=2904, stack(0x00000000258a0000,0x00000000259a0000)]
  0x00000000238c5800 JavaThread "Snooper Timer" daemon [_thread_blocked, id=14048, stack(0x00000000243b0000,0x00000000244b0000)]
  0x000000001fbcd800 JavaThread "Service Thread" daemon [_thread_blocked, id=15440, stack(0x00000000204e0000,0x00000000205e0000)]
  0x0000000002ceb000 JavaThread "C1 CompilerThread2" daemon [_thread_blocked, id=15652, stack(0x00000000203e0000,0x00000000204e0000)]
  0x000000001fb54800 JavaThread "C2 CompilerThread1" daemon [_thread_blocked, id=7896, stack(0x00000000202e0000,0x00000000203e0000)]
  0x000000001fb53800 JavaThread "C2 CompilerThread0" daemon [_thread_blocked, id=14328, stack(0x00000000201e0000,0x00000000202e0000)]
  0x000000001fb50000 JavaThread "Attach Listener" daemon [_thread_blocked, id=588, stack(0x00000000200e0000,0x00000000201e0000)]
  0x000000001fb4d800 JavaThread "Signal Dispatcher" daemon [_thread_blocked, id=14132, stack(0x000000001ffe0000,0x00000000200e0000)]
  0x000000001fb4c000 JavaThread "Surrogate Locker Thread (Concurrent GC)" daemon [_thread_blocked, id=12420, stack(0x000000001fee0000,0x000000001ffe0000)]
  0x000000001fb41000 JavaThread "Finalizer" daemon [_thread_blocked, id=15364, stack(0x000000001fde0000,0x000000001fee0000)]
  0x000000001fb40800 JavaThread "Reference Handler" daemon [_thread_blocked, id=16004, stack(0x000000001fce0000,0x000000001fde0000)]
=>0x0000000002bf3800 JavaThread "Client thread" [_thread_in_Java, id=15020, stack(0x0000000002af0000,0x0000000002bf0000)]

Other Threads:
  0x0000000002cc9800 VMThread [stack: 0x000000001fbe0000,0x000000001fce0000] [id=9460]
  0x00000000205e8800 WatcherThread [stack: 0x00000000209e0000,0x0000000020ae0000] [id=4092]

VM state:not at safepoint (normal execution)

VM Mutex/Monitor currently owned by a thread: None

Heap:
 garbage-first heap   total 1916928K, used 1175826K [0x00000006c0000000, 0x0000000735000000, 0x00000007c0000000)
  region size 16384K, 42 young (688128K), 2 survivors (32768K)
 Metaspace       used 53485K, capacity 54143K, committed 54488K, reserved 1097728K
  class space    used 6421K, capacity 6596K, committed 6656K, reserved 1048576K

Heap Regions: (Y=young(eden), SU=young(survivor), HS=humongous(starts), HC=humongous(continues), CS=collection set, F=free, TS=gc time stamp, PTAMS=previous top-at-mark-start, NTAMS=next top-at-mark-start)
            TS     0 PTAMS 0x00000006c1000000 NTAMS 0x00000006c1000000 space 16384K, 100% used [0x00000006c0000000, 0x00000006c1000000, 0x00000006c1000000)
            TS     0 PTAMS 0x00000006c1ff2008 NTAMS 0x00000006c1ff2008 space 16384K,  99% used [0x00000006c1000000, 0x00000006c1ff2008, 0x00000006c2000000)
            TS     0 PTAMS 0x00000006c2ffff48 NTAMS 0x00000006c2ffff48 space 16384K,  99% used [0x00000006c2000000, 0x00000006c2ffff48, 0x00000006c3000000)
            TS     0 PTAMS 0x00000006c3fff620 NTAMS 0x00000006c3fff620 space 16384K,  99% used [0x00000006c3000000, 0x00000006c3fff620, 0x00000006c4000000)
            TS     0 PTAMS 0x00000006c4ffdab8 NTAMS 0x00000006c4ffdab8 space 16384K,  99% used [0x00000006c4000000, 0x00000006c4ffdab8, 0x00000006c5000000)
            TS     0 PTAMS 0x00000006c5fffff0 NTAMS 0x00000006c5fffff0 space 16384K,  99% used [0x00000006c5000000, 0x00000006c5fffff0, 0x00000006c6000000)
 HS         TS     0 PTAMS 0x00000006c6a00010 NTAMS 0x00000006c6a00010 space 16384K,  62% used [0x00000006c6000000, 0x00000006c6a00010, 0x00000006c7000000)
            TS     0 PTAMS 0x00000006c7fdca70 NTAMS 0x00000006c7fdca70 space 16384K,  99% used [0x00000006c7000000, 0x00000006c7fdca70, 0x00000006c8000000)
            TS     0 PTAMS 0x00000006c8fffff8 NTAMS 0x00000006c8fffff8 space 16384K,  99% used [0x00000006c8000000, 0x00000006c8fffff8, 0x00000006c9000000)
            TS     0 PTAMS 0x00000006ca000000 NTAMS 0x00000006ca000000 space 16384K, 100% used [0x00000006c9000000, 0x00000006ca000000, 0x00000006ca000000)
            TS     0 PTAMS 0x00000006caffffc8 NTAMS 0x00000006caffffc8 space 16384K,  99% used [0x00000006ca000000, 0x00000006caffffc8, 0x00000006cb000000)
            TS     0 PTAMS 0x00000006cc000000 NTAMS 0x00000006cc000000 space 16384K, 100% used [0x00000006cb000000, 0x00000006cc000000, 0x00000006cc000000)
            TS     0 PTAMS 0x00000006ccffd378 NTAMS 0x00000006ccffd378 space 16384K,  99% used [0x00000006cc000000, 0x00000006ccffd378, 0x00000006cd000000)
            TS     0 PTAMS 0x00000006cdffffa8 NTAMS 0x00000006cdffffa8 space 16384K,  99% used [0x00000006cd000000, 0x00000006cdffffa8, 0x00000006ce000000)
            TS     0 PTAMS 0x00000006cf000000 NTAMS 0x00000006cf000000 space 16384K, 100% used [0x00000006ce000000, 0x00000006cf000000, 0x00000006cf000000)
            TS     0 PTAMS 0x00000006d0000000 NTAMS 0x00000006d0000000 space 16384K, 100% used [0x00000006cf000000, 0x00000006d0000000, 0x00000006d0000000)
            TS     0 PTAMS 0x00000006d1000000 NTAMS 0x00000006d1000000 space 16384K, 100% used [0x00000006d0000000, 0x00000006d1000000, 0x00000006d1000000)
            TS     0 PTAMS 0x00000006d2000000 NTAMS 0x00000006d2000000 space 16384K, 100% used [0x00000006d1000000, 0x00000006d2000000, 0x00000006d2000000)
            TS     0 PTAMS 0x00000006d3000000 NTAMS 0x00000006d3000000 space 16384K, 100% used [0x00000006d2000000, 0x00000006d3000000, 0x00000006d3000000)
            TS     0 PTAMS 0x00000006d4000000 NTAMS 0x00000006d4000000 space 16384K, 100% used [0x00000006d3000000, 0x00000006d4000000, 0x00000006d4000000)
            TS     0 PTAMS 0x00000006d5000000 NTAMS 0x00000006d5000000 space 16384K, 100% used [0x00000006d4000000, 0x00000006d5000000, 0x00000006d5000000)
            TS     0 PTAMS 0x00000006d6000000 NTAMS 0x00000006d6000000 space 16384K, 100% used [0x00000006d5000000, 0x00000006d6000000, 0x00000006d6000000)
            TS     1 PTAMS 0x00000006d6fb87a0 NTAMS 0x00000006d6fb87a0 space 16384K, 100% used [0x00000006d6000000, 0x00000006d7000000, 0x00000006d7000000)
            TS     3 PTAMS 0x00000006d7000000 NTAMS 0x00000006d7000000 space 16384K,  82% used [0x00000006d7000000, 0x00000006d7d383b0, 0x00000006d8000000)
          F TS     0 PTAMS 0x00000006d8000000 NTAMS 0x00000006d8000000 space 16384K,   0% used [0x00000006d8000000, 0x00000006d8000000, 0x00000006d9000000)
            TS     0 PTAMS 0x00000006da000000 NTAMS 0x00000006da000000 space 16384K, 100% used [0x00000006d9000000, 0x00000006da000000, 0x00000006da000000)
            TS     0 PTAMS 0x00000006db000000 NTAMS 0x00000006db000000 space 16384K, 100% used [0x00000006da000000, 0x00000006db000000, 0x00000006db000000)
          F TS     0 PTAMS 0x00000006db000000 NTAMS 0x00000006db000000 space 16384K,   0% used [0x00000006db000000, 0x00000006db000000, 0x00000006dc000000)
          F TS     0 PTAMS 0x00000006dc000000 NTAMS 0x00000006dc000000 space 16384K,   0% used [0x00000006dc000000, 0x00000006dc000000, 0x00000006dd000000)
          F TS     0 PTAMS 0x00000006dd000000 NTAMS 0x00000006dd000000 space 16384K,   0% used [0x00000006dd000000, 0x00000006dd000000, 0x00000006de000000)
          F TS     0 PTAMS 0x00000006de000000 NTAMS 0x00000006de000000 space 16384K,   0% used [0x00000006de000000, 0x00000006de000000, 0x00000006df000000)
          F TS     3 PTAMS 0x00000006df000000 NTAMS 0x00000006df000000 space 16384K,   0% used [0x00000006df000000, 0x00000006df000000, 0x00000006e0000000)
            TS     0 PTAMS 0x00000006e1000000 NTAMS 0x00000006e1000000 space 16384K, 100% used [0x00000006e0000000, 0x00000006e1000000, 0x00000006e1000000)
            TS     0 PTAMS 0x00000006e2000000 NTAMS 0x00000006e2000000 space 16384K, 100% used [0x00000006e1000000, 0x00000006e2000000, 0x00000006e2000000)
          F TS     0 PTAMS 0x00000006e2000000 NTAMS 0x00000006e2000000 space 16384K,   0% used [0x00000006e2000000, 0x00000006e2000000, 0x00000006e3000000)
          F TS     0 PTAMS 0x00000006e3000000 NTAMS 0x00000006e3000000 space 16384K,   0% used [0x00000006e3000000, 0x00000006e3000000, 0x00000006e4000000)
          F TS     0 PTAMS 0x00000006e4000000 NTAMS 0x00000006e4000000 space 16384K,   0% used [0x00000006e4000000, 0x00000006e4000000, 0x00000006e5000000)
          F TS     0 PTAMS 0x00000006e5000000 NTAMS 0x00000006e5000000 space 16384K,   0% used [0x00000006e5000000, 0x00000006e5000000, 0x00000006e6000000)
          F TS     0 PTAMS 0x00000006e6000000 NTAMS 0x00000006e6000000 space 16384K,   0% used [0x00000006e6000000, 0x00000006e6000000, 0x00000006e7000000)
          F TS     3 PTAMS 0x00000006e7000000 NTAMS 0x00000006e7000000 space 16384K,   0% used [0x00000006e7000000, 0x00000006e7000000, 0x00000006e8000000)
          F TS     3 PTAMS 0x00000006e8000000 NTAMS 0x00000006e8000000 space 16384K,   0% used [0x00000006e8000000, 0x00000006e8000000, 0x00000006e9000000)
          F TS     0 PTAMS 0x00000006e9000000 NTAMS 0x00000006e9000000 space 16384K,   0% used [0x00000006e9000000, 0x00000006e9000000, 0x00000006ea000000)
          F TS     0 PTAMS 0x00000006ea000000 NTAMS 0x00000006ea000000 space 16384K,   0% used [0x00000006ea000000, 0x00000006ea000000, 0x00000006eb000000)
          F TS     0 PTAMS 0x00000006eb000000 NTAMS 0x00000006eb000000 space 16384K,   0% used [0x00000006eb000000, 0x00000006eb000000, 0x00000006ec000000)
            TS     0 PTAMS 0x00000006ed000000 NTAMS 0x00000006ed000000 space 16384K, 100% used [0x00000006ec000000, 0x00000006ed000000, 0x00000006ed000000)
          F TS     0 PTAMS 0x00000006ed000000 NTAMS 0x00000006ed000000 space 16384K,   0% used [0x00000006ed000000, 0x00000006ed000000, 0x00000006ee000000)
          F TS     0 PTAMS 0x00000006ee000000 NTAMS 0x00000006ee000000 space 16384K,   0% used [0x00000006ee000000, 0x00000006ee000000, 0x00000006ef000000)
          F TS     0 PTAMS 0x00000006ef000000 NTAMS 0x00000006ef000000 space 16384K,   0% used [0x00000006ef000000, 0x00000006ef000000, 0x00000006f0000000)
            TS     0 PTAMS 0x00000006f1000000 NTAMS 0x00000006f1000000 space 16384K, 100% used [0x00000006f0000000, 0x00000006f1000000, 0x00000006f1000000)
          F TS     0 PTAMS 0x00000006f1000000 NTAMS 0x00000006f1000000 space 16384K,   0% used [0x00000006f1000000, 0x00000006f1000000, 0x00000006f2000000)
          F TS     0 PTAMS 0x00000006f2000000 NTAMS 0x00000006f2000000 space 16384K,   0% used [0x00000006f2000000, 0x00000006f2000000, 0x00000006f3000000)
          F TS     0 PTAMS 0x00000006f3000000 NTAMS 0x00000006f3000000 space 16384K,   0% used [0x00000006f3000000, 0x00000006f3000000, 0x00000006f4000000)
          F TS     0 PTAMS 0x00000006f4000000 NTAMS 0x00000006f4000000 space 16384K,   0% used [0x00000006f4000000, 0x00000006f4000000, 0x00000006f5000000)
            TS     0 PTAMS 0x00000006f6000000 NTAMS 0x00000006f6000000 space 16384K, 100% used [0x00000006f5000000, 0x00000006f6000000, 0x00000006f6000000)
          F TS     3 PTAMS 0x00000006f6000000 NTAMS 0x00000006f6000000 space 16384K,   0% used [0x00000006f6000000, 0x00000006f6000000, 0x00000006f7000000)
            TS     0 PTAMS 0x00000006f8000000 NTAMS 0x00000006f8000000 space 16384K, 100% used [0x00000006f7000000, 0x00000006f8000000, 0x00000006f8000000)
          F TS     0 PTAMS 0x00000006f8000000 NTAMS 0x00000006f8000000 space 16384K,   0% used [0x00000006f8000000, 0x00000006f8000000, 0x00000006f9000000)
          F TS     0 PTAMS 0x00000006f9000000 NTAMS 0x00000006f9000000 space 16384K,   0% used [0x00000006f9000000, 0x00000006f9000000, 0x00000006fa000000)
          F TS     0 PTAMS 0x00000006fa000000 NTAMS 0x00000006fa000000 space 16384K,   0% used [0x00000006fa000000, 0x00000006fa000000, 0x00000006fb000000)
          F TS     0 PTAMS 0x00000006fb000000 NTAMS 0x00000006fb000000 space 16384K,   0% used [0x00000006fb000000, 0x00000006fb000000, 0x00000006fc000000)
          F TS     0 PTAMS 0x00000006fc000000 NTAMS 0x00000006fc000000 space 16384K,   0% used [0x00000006fc000000, 0x00000006fc000000, 0x00000006fd000000)
          F TS     0 PTAMS 0x00000006fd000000 NTAMS 0x00000006fd000000 space 16384K,   0% used [0x00000006fd000000, 0x00000006fd000000, 0x00000006fe000000)
          F TS     0 PTAMS 0x00000006fe000000 NTAMS 0x00000006fe000000 space 16384K,   0% used [0x00000006fe000000, 0x00000006fe000000, 0x00000006ff000000)
          F TS     0 PTAMS 0x00000006ff000000 NTAMS 0x00000006ff000000 space 16384K,   0% used [0x00000006ff000000, 0x00000006ff000000, 0x0000000700000000)
          F TS     0 PTAMS 0x0000000700000000 NTAMS 0x0000000700000000 space 16384K,   0% used [0x0000000700000000, 0x0000000700000000, 0x0000000701000000)
          F TS     0 PTAMS 0x0000000701000000 NTAMS 0x0000000701000000 space 16384K,   0% used [0x0000000701000000, 0x0000000701000000, 0x0000000702000000)
          F TS     0 PTAMS 0x0000000702000000 NTAMS 0x0000000702000000 space 16384K,   0% used [0x0000000702000000, 0x0000000702000000, 0x0000000703000000)
          F TS     0 PTAMS 0x0000000703000000 NTAMS 0x0000000703000000 space 16384K,   0% used [0x0000000703000000, 0x0000000703000000, 0x0000000704000000)
          F TS     0 PTAMS 0x0000000704000000 NTAMS 0x0000000704000000 space 16384K,   0% used [0x0000000704000000, 0x0000000704000000, 0x0000000705000000)
          F TS     1 PTAMS 0x0000000705000000 NTAMS 0x0000000705000000 space 16384K,   0% used [0x0000000705000000, 0x0000000705000000, 0x0000000706000000)
          F TS     1 PTAMS 0x0000000706000000 NTAMS 0x0000000706000000 space 16384K,   0% used [0x0000000706000000, 0x0000000706000000, 0x0000000707000000)
          F TS     0 PTAMS 0x0000000707000000 NTAMS 0x0000000707000000 space 16384K,   0% used [0x0000000707000000, 0x0000000707000000, 0x0000000708000000)
          F TS     0 PTAMS 0x0000000708000000 NTAMS 0x0000000708000000 space 16384K,   0% used [0x0000000708000000, 0x0000000708000000, 0x0000000709000000)
          F TS     0 PTAMS 0x0000000709000000 NTAMS 0x0000000709000000 space 16384K,   0% used [0x0000000709000000, 0x0000000709000000, 0x000000070a000000)
          F TS     0 PTAMS 0x000000070a000000 NTAMS 0x000000070a000000 space 16384K,   0% used [0x000000070a000000, 0x000000070a000000, 0x000000070b000000)
       Y    TS     0 PTAMS 0x000000070b000000 NTAMS 0x000000070b000000 space 16384K,  68% used [0x000000070b000000, 0x000000070bafd948, 0x000000070c000000)
    CS Y    TS     0 PTAMS 0x000000070c000000 NTAMS 0x000000070c000000 space 16384K, 100% used [0x000000070c000000, 0x000000070d000000, 0x000000070d000000)
    CS Y    TS     0 PTAMS 0x000000070d000000 NTAMS 0x000000070d000000 space 16384K, 100% used [0x000000070d000000, 0x000000070e000000, 0x000000070e000000)
    CS Y    TS     0 PTAMS 0x000000070e000000 NTAMS 0x000000070e000000 space 16384K, 100% used [0x000000070e000000, 0x000000070f000000, 0x000000070f000000)
    CS Y    TS     3 PTAMS 0x000000070f000000 NTAMS 0x000000070f000000 space 16384K, 100% used [0x000000070f000000, 0x0000000710000000, 0x0000000710000000)
    CS Y    TS     3 PTAMS 0x0000000710000000 NTAMS 0x0000000710000000 space 16384K, 100% used [0x0000000710000000, 0x0000000711000000, 0x0000000711000000)
    CS Y    TS     1 PTAMS 0x0000000711000000 NTAMS 0x0000000711000000 space 16384K, 100% used [0x0000000711000000, 0x0000000712000000, 0x0000000712000000)
    CS Y    TS     1 PTAMS 0x0000000712000000 NTAMS 0x0000000712000000 space 16384K, 100% used [0x0000000712000000, 0x0000000713000000, 0x0000000713000000)
    CS Y    TS     1 PTAMS 0x0000000713000000 NTAMS 0x0000000713000000 space 16384K, 100% used [0x0000000713000000, 0x0000000714000000, 0x0000000714000000)
    CS Y    TS     1 PTAMS 0x0000000714000000 NTAMS 0x0000000714000000 space 16384K, 100% used [0x0000000714000000, 0x0000000715000000, 0x0000000715000000)
    CS Y    TS     1 PTAMS 0x0000000715000000 NTAMS 0x0000000715000000 space 16384K, 100% used [0x0000000715000000, 0x0000000716000000, 0x0000000716000000)
    CS Y    TS     1 PTAMS 0x0000000716000000 NTAMS 0x0000000716000000 space 16384K, 100% used [0x0000000716000000, 0x0000000717000000, 0x0000000717000000)
    CS Y    TS     1 PTAMS 0x0000000717000000 NTAMS 0x0000000717000000 space 16384K, 100% used [0x0000000717000000, 0x0000000718000000, 0x0000000718000000)
    CS Y    TS     1 PTAMS 0x0000000718000000 NTAMS 0x0000000718000000 space 16384K, 100% used [0x0000000718000000, 0x0000000719000000, 0x0000000719000000)
    CS Y    TS     1 PTAMS 0x0000000719000000 NTAMS 0x0000000719000000 space 16384K, 100% used [0x0000000719000000, 0x000000071a000000, 0x000000071a000000)
    CS Y    TS     1 PTAMS 0x000000071a000000 NTAMS 0x000000071a000000 space 16384K, 100% used [0x000000071a000000, 0x000000071b000000, 0x000000071b000000)
    CS Y    TS     1 PTAMS 0x000000071b000000 NTAMS 0x000000071b000000 space 16384K, 100% used [0x000000071b000000, 0x000000071c000000, 0x000000071c000000)
    CS Y    TS     1 PTAMS 0x000000071c000000 NTAMS 0x000000071c000000 space 16384K, 100% used [0x000000071c000000, 0x000000071d000000, 0x000000071d000000)
    CS Y    TS     1 PTAMS 0x000000071d000000 NTAMS 0x000000071d000000 space 16384K, 100% used [0x000000071d000000, 0x000000071e000000, 0x000000071e000000)
    CS SU   TS     3 PTAMS 0x000000071e000000 NTAMS 0x000000071e000000 space 16384K,  32% used [0x000000071e000000, 0x000000071e543710, 0x000000071f000000)
    CS SU   TS     3 PTAMS 0x000000071f000000 NTAMS 0x000000071f000000 space 16384K, 100% used [0x000000071f000000, 0x0000000720000000, 0x0000000720000000)
    CS Y    TS     3 PTAMS 0x0000000720000000 NTAMS 0x0000000720000000 space 16384K, 100% used [0x0000000720000000, 0x0000000721000000, 0x0000000721000000)
    CS Y    TS     3 PTAMS 0x0000000721000000 NTAMS 0x0000000721000000 space 16384K, 100% used [0x0000000721000000, 0x0000000722000000, 0x0000000722000000)
    CS Y    TS     3 PTAMS 0x0000000722000000 NTAMS 0x0000000722000000 space 16384K, 100% used [0x0000000722000000, 0x0000000723000000, 0x0000000723000000)
    CS Y    TS     3 PTAMS 0x0000000723000000 NTAMS 0x0000000723000000 space 16384K, 100% used [0x0000000723000000, 0x0000000724000000, 0x0000000724000000)
    CS Y    TS     3 PTAMS 0x0000000724000000 NTAMS 0x0000000724000000 space 16384K, 100% used [0x0000000724000000, 0x0000000725000000, 0x0000000725000000)
    CS Y    TS     3 PTAMS 0x0000000725000000 NTAMS 0x0000000725000000 space 16384K, 100% used [0x0000000725000000, 0x0000000726000000, 0x0000000726000000)
    CS Y    TS     3 PTAMS 0x0000000726000000 NTAMS 0x0000000726000000 space 16384K, 100% used [0x0000000726000000, 0x0000000727000000, 0x0000000727000000)
    CS Y    TS     3 PTAMS 0x0000000727000000 NTAMS 0x0000000727000000 space 16384K, 100% used [0x0000000727000000, 0x0000000728000000, 0x0000000728000000)
    CS Y    TS     3 PTAMS 0x0000000728000000 NTAMS 0x0000000728000000 space 16384K, 100% used [0x0000000728000000, 0x0000000729000000, 0x0000000729000000)
    CS Y    TS     3 PTAMS 0x0000000729000000 NTAMS 0x0000000729000000 space 16384K, 100% used [0x0000000729000000, 0x000000072a000000, 0x000000072a000000)
    CS Y    TS     3 PTAMS 0x000000072a000000 NTAMS 0x000000072a000000 space 16384K, 100% used [0x000000072a000000, 0x000000072b000000, 0x000000072b000000)
    CS Y    TS     3 PTAMS 0x000000072b000000 NTAMS 0x000000072b000000 space 16384K, 100% used [0x000000072b000000, 0x000000072c000000, 0x000000072c000000)
    CS Y    TS     3 PTAMS 0x000000072c000000 NTAMS 0x000000072c000000 space 16384K, 100% used [0x000000072c000000, 0x000000072d000000, 0x000000072d000000)
    CS Y    TS     3 PTAMS 0x000000072d000000 NTAMS 0x000000072d000000 space 16384K, 100% used [0x000000072d000000, 0x000000072e000000, 0x000000072e000000)
    CS Y    TS     3 PTAMS 0x000000072e000000 NTAMS 0x000000072e000000 space 16384K, 100% used [0x000000072e000000, 0x000000072f000000, 0x000000072f000000)
    CS Y    TS     3 PTAMS 0x000000072f000000 NTAMS 0x000000072f000000 space 16384K, 100% used [0x000000072f000000, 0x0000000730000000, 0x0000000730000000)
    CS Y    TS     3 PTAMS 0x0000000730000000 NTAMS 0x0000000730000000 space 16384K, 100% used [0x0000000730000000, 0x0000000731000000, 0x0000000731000000)
    CS Y    TS     3 PTAMS 0x0000000731000000 NTAMS 0x0000000731000000 space 16384K, 100% used [0x0000000731000000, 0x0000000732000000, 0x0000000732000000)
    CS Y    TS     3 PTAMS 0x0000000732000000 NTAMS 0x0000000732000000 space 16384K, 100% used [0x0000000732000000, 0x0000000733000000, 0x0000000733000000)
    CS Y    TS     3 PTAMS 0x0000000733000000 NTAMS 0x0000000733000000 space 16384K, 100% used [0x0000000733000000, 0x0000000734000000, 0x0000000734000000)
    CS Y    TS     3 PTAMS 0x0000000734000000 NTAMS 0x0000000734000000 space 16384K, 100% used [0x0000000734000000, 0x0000000735000000, 0x0000000735000000)

Card table byte_map: [0x0000000012e00000,0x0000000013610000] byte_map_base: 0x000000000f800000

Marking Bits (Prev, Next): (CMBitMap*) 0x0000000002c1ccc0, (CMBitMap*) 0x0000000002c1cc08
 Prev Bits: [0x0000000018740000, 0x000000001c740000)
 Next Bits: [0x0000000014730000, 0x0000000018730000)

Polling page: 0x00000000012d0000

CodeCache: size=245760Kb used=45268Kb max_used=45714Kb free=200492Kb
 bounds [0x0000000002cf0000, 0x0000000005a00000, 0x0000000011cf0000]
 total_blobs=12391 nmethods=11432 adapters=868
 compilation: enabled

Compilation events (10 events):
Event: 2099.012 Thread 0x0000000002ceb000 17856       3       journeymap.client.render.map.TileDrawStep::<init> (179 bytes)
Event: 2099.013 Thread 0x0000000002ceb000 nmethod 17856 0x0000000004c44850 code [0x0000000004c44ac0, 0x0000000004c45ca8]
Event: 2099.089 Thread 0x0000000002ceb000 17857       3       org.lwjgl.opengl.DrawableGL::checkDestroyed (18 bytes)
Event: 2099.089 Thread 0x0000000002ceb000 nmethod 17857 0x0000000004ed6250 code [0x0000000004ed63c0, 0x0000000004ed65e8]
Event: 2099.091 Thread 0x0000000002ceb000 17859  s    3       org.lwjgl.opengl.ContextGL::isCurrent (30 bytes)
Event: 2099.091 Thread 0x0000000002ceb000 nmethod 17859 0x0000000004ed5a90 code [0x0000000004ed5c20, 0x0000000004ed6058]
Event: 2099.092 Thread 0x0000000002ceb000 17860       3       org.lwjgl.opengl.WindowsContextImplementation::isCurrent (7 bytes)
Event: 2099.093 Thread 0x0000000002ceb000 nmethod 17860 0x000000000499d750 code [0x000000000499d8c0, 0x000000000499da48]
Event: 2099.282 Thread 0x000000001fb53800 17861       4       net.minecraft.client.particle.EntityBreakingFX::func_180434_a (559 bytes)
Event: 2099.349 Thread 0x000000001fb53800 nmethod 17861 0x0000000004b5e750 code [0x0000000004b5ec80, 0x0000000004b627e8]

GC Heap History (10 events):
Event: 2054.547 GC heap before
{Heap before GC invocations=331 (full 4):
 garbage-first heap   total 1916928K, used 1305932K [0x00000006c0000000, 0x0000000735000000, 0x00000007c0000000)
  region size 16384K, 39 young (638976K), 4 survivors (65536K)
 Metaspace       used 53457K, capacity 54143K, committed 54488K, reserved 1097728K
  class space    used 6421K, capacity 6596K, committed 6656K, reserved 1048576K
Event: 2054.556 GC heap after
Heap after GC invocations=332 (full 4):
 garbage-first heap   total 1916928K, used 734233K [0x00000006c0000000, 0x0000000735000000, 0x00000007c0000000)
  region size 16384K, 3 young (49152K), 3 survivors (49152K)
 Metaspace       used 53457K, capacity 54143K, committed 54488K, reserved 1097728K
  class space    used 6421K, capacity 6596K, committed 6656K, reserved 1048576K
}
Event: 2065.605 GC heap before
{Heap before GC invocations=332 (full 4):
 garbage-first heap   total 1916928K, used 1340441K [0x00000006c0000000, 0x0000000735000000, 0x00000007c0000000)
  region size 16384K, 39 young (638976K), 3 survivors (49152K)
 Metaspace       used 53474K, capacity 54143K, committed 54488K, reserved 1097728K
  class space    used 6421K, capacity 6596K, committed 6656K, reserved 1048576K
Event: 2065.614 GC heap after
Heap after GC invocations=333 (full 4):
 garbage-first heap   total 1916928K, used 771546K [0x00000006c0000000, 0x0000000735000000, 0x00000007c0000000)
  region size 16384K, 4 young (65536K), 4 survivors (65536K)
 Metaspace       used 53474K, capacity 54143K, committed 54488K, reserved 1097728K
  class space    used 6421K, capacity 6596K, committed 6656K, reserved 1048576K
}
Event: 2073.816 GC heap before
{Heap before GC invocations=333 (full 4):
 garbage-first heap   total 1916928K, used 1295834K [0x00000006c0000000, 0x0000000735000000, 0x00000007c0000000)
  region size 16384K, 36 young (589824K), 4 survivors (65536K)
 Metaspace       used 53474K, capacity 54143K, committed 54488K, reserved 1097728K
  class space    used 6421K, capacity 6596K, committed 6656K, reserved 1048576K
Event: 2073.829 GC heap after
Heap after GC invocations=334 (full 4):
 garbage-first heap   total 1916928K, used 746874K [0x00000006c0000000, 0x0000000735000000, 0x00000007c0000000)
  region size 16384K, 2 young (32768K), 2 survivors (32768K)
 Metaspace       used 53474K, capacity 54143K, committed 54488K, reserved 1097728K
  class space    used 6421K, capacity 6596K, committed 6656K, reserved 1048576K
}
Event: 2087.046 GC heap before
{Heap before GC invocations=335 (full 4):
 garbage-first heap   total 1916928K, used 1189242K [0x00000006c0000000, 0x0000000735000000, 0x00000007c0000000)
  region size 16384K, 38 young (622592K), 2 survivors (32768K)
 Metaspace       used 53478K, capacity 54143K, committed 54488K, reserved 1097728K
  class space    used 6421K, capacity 6596K, committed 6656K, reserved 1048576K
Event: 2087.054 GC heap after
Heap after GC invocations=336 (full 4):
 garbage-first heap   total 1916928K, used 605377K [0x00000006c0000000, 0x0000000735000000, 0x00000007c0000000)
  region size 16384K, 2 young (32768K), 2 survivors (32768K)
 Metaspace       used 53478K, capacity 54143K, committed 54488K, reserved 1097728K
  class space    used 6421K, capacity 6596K, committed 6656K, reserved 1048576K
}
Event: 2090.458 GC heap before
{Heap before GC invocations=336 (full 4):
 garbage-first heap   total 1916928K, used 949441K [0x00000006c0000000, 0x0000000735000000, 0x00000007c0000000)
  region size 16384K, 23 young (376832K), 2 survivors (32768K)
 Metaspace       used 53479K, capacity 54143K, committed 54488K, reserved 1097728K
  class space    used 6421K, capacity 6596K, committed 6656K, reserved 1048576K
Event: 2090.465 GC heap after
Heap after GC invocations=337 (full 4):
 garbage-first heap   total 1916928K, used 536850K [0x00000006c0000000, 0x0000000735000000, 0x00000007c0000000)
  region size 16384K, 2 young (32768K), 2 survivors (32768K)
 Metaspace       used 53479K, capacity 54143K, committed 54488K, reserved 1097728K
  class space    used 6421K, capacity 6596K, committed 6656K, reserved 1048576K
}

Deoptimization events (10 events):
Event: 1917.026 Thread 0x0000000002bf3800 Uncommon trap: reason=bimorphic action=maybe_recompile pc=0x0000000004b1640c method=net.minecraft.client.renderer.entity.Render.func_177070_b(Lnet/minecraft/entity/Entity;)Z @ 1
Event: 1917.038 Thread 0x0000000002bf3800 Uncommon trap: reason=bimorphic action=maybe_recompile pc=0x000000000544c344 method=net.minecraft.client.renderer.entity.Render.func_177067_a(Lnet/minecraft/entity/Entity;DDD)V @ 2
Event: 1917.038 Thread 0x0000000002bf3800 Uncommon trap: reason=bimorphic action=maybe_recompile pc=0x0000000004b1640c method=net.minecraft.client.renderer.entity.Render.func_177070_b(Lnet/minecraft/entity/Entity;)Z @ 1
Event: 1917.057 Thread 0x0000000002bf3800 Uncommon trap: reason=bimorphic action=maybe_recompile pc=0x000000000544c344 method=net.minecraft.client.renderer.entity.Render.func_177067_a(Lnet/minecraft/entity/Entity;DDD)V @ 2
Event: 1917.057 Thread 0x0000000002bf3800 Uncommon trap: reason=bimorphic action=maybe_recompile pc=0x0000000004b1640c method=net.minecraft.client.renderer.entity.Render.func_177070_b(Lnet/minecraft/entity/Entity;)Z @ 1
Event: 1922.751 Thread 0x0000000002bf3800 Uncommon trap: reason=class_check action=maybe_recompile pc=0x00000000046b3648 method=net.minecraft.block.state.BlockState$StateImplementation.func_177226_a(Lnet/minecraft/block/properties/IProperty;Ljava/lang/Comparable;)Lnet/minecraft/block/state/IBlockSŸ„ê À @
Event: 2061.376 Thread 0x0000000002bf3800 Uncommon trap: reason=class_check action=maybe_recompile pc=0x0000000004eb7bf8 method=net.minecraft.client.particle.EffectRenderer.func_78872_b(Lnet/minecraft/entity/Entity;F)V @ 142
Event: 2061.407 Thread 0x0000000002bf3800 Uncommon trap: reason=class_check action=maybe_recompile pc=0x0000000004eb7bf8 method=net.minecraft.client.particle.EffectRenderer.func_78872_b(Lnet/minecraft/entity/Entity;F)V @ 142
Event: 2061.434 Thread 0x0000000002bf3800 Uncommon trap: reason=class_check action=maybe_recompile pc=0x0000000004eb7bf8 method=net.minecraft.client.particle.EffectRenderer.func_78872_b(Lnet/minecraft/entity/Entity;F)V @ 142
Event: 2061.457 Thread 0x0000000002bf3800 Uncommon trap: reason=class_check action=maybe_recompile pc=0x0000000004eb7bf8 method=net.minecraft.client.particle.EffectRenderer.func_78872_b(Lnet/minecraft/entity/Entity;F)V @ 142

Internal exceptions (10 events):
Event: 2099.772 Thread 0x0000000021d18000 Exception <a 'java/lang/InterruptedException': sleep interrupted> (0x000000071001d458) thrown at [D:\re\workspace\8-2-build-windows-amd64-cygwin\jdk8u25\1677\hotspot\src\share\vm\prims\jvm.cpp, line 3141]
Event: 2099.772 Thread 0x0000000021d18000 Exception <a 'java/lang/InterruptedException': sleep interrupted> (0x000000071001d778) thrown at [D:\re\workspace\8-2-build-windows-amd64-cygwin\jdk8u25\1677\hotspot\src\share\vm\prims\jvm.cpp, line 3141]
Event: 2099.772 Thread 0x0000000021d18000 Exception <a 'java/lang/InterruptedException': sleep interrupted> (0x000000071001e4b0) thrown at [D:\re\workspace\8-2-build-windows-amd64-cygwin\jdk8u25\1677\hotspot\src\share\vm\prims\jvm.cpp, line 3141]
Event: 2099.792 Thread 0x0000000021d18000 Exception <a 'java/lang/InterruptedException': sleep interrupted> (0x000000071001e6b0) thrown at [D:\re\workspace\8-2-build-windows-amd64-cygwin\jdk8u25\1677\hotspot\src\share\vm\prims\jvm.cpp, line 3141]
Event: 2099.792 Thread 0x0000000021d18000 Exception <a 'java/lang/InterruptedException': sleep interrupted> (0x000000071001e8b0) thrown at [D:\re\workspace\8-2-build-windows-amd64-cygwin\jdk8u25\1677\hotspot\src\share\vm\prims\jvm.cpp, line 3093]
Event: 2099.792 Thread 0x0000000021d18000 Exception <a 'java/lang/InterruptedException': sleep interrupted> (0x000000071001eab0) thrown at [D:\re\workspace\8-2-build-windows-amd64-cygwin\jdk8u25\1677\hotspot\src\share\vm\prims\jvm.cpp, line 3141]
Event: 2099.805 Thread 0x0000000021d18000 Exception <a 'java/lang/InterruptedException': sleep interrupted> (0x000000071001ecb0) thrown at [D:\re\workspace\8-2-build-windows-amd64-cygwin\jdk8u25\1677\hotspot\src\share\vm\prims\jvm.cpp, line 3141]
Event: 2099.806 Thread 0x0000000021d18000 Exception <a 'java/lang/InterruptedException': sleep interrupted> (0x000000071001f9e8) thrown at [D:\re\workspace\8-2-build-windows-amd64-cygwin\jdk8u25\1677\hotspot\src\share\vm\prims\jvm.cpp, line 3141]
Event: 2099.822 Thread 0x0000000021d18000 Exception <a 'java/lang/InterruptedException': sleep interrupted> (0x000000071001fbe8) thrown at [D:\re\workspace\8-2-build-windows-amd64-cygwin\jdk8u25\1677\hotspot\src\share\vm\prims\jvm.cpp, line 3141]
Event: 2099.839 Thread 0x0000000021d18000 Exception <a 'java/lang/InterruptedException': sleep interrupted> (0x000000071001fde8) thrown at [D:\re\workspace\8-2-build-windows-amd64-cygwin\jdk8u25\1677\hotspot\src\share\vm\prims\jvm.cpp, line 3141]

Events (10 events):
Event: 2073.829 Executing VM operation: G1IncCollectionPause done
Event: 2074.199 Executing VM operation: CGC_Operation
Event: 2074.204 Executing VM operation: CGC_Operation done
Event: 2074.204 Executing VM operation: CGC_Operation
Event: 2074.204 Executing VM operation: CGC_Operation done
Event: 2087.046 Executing VM operation: G1IncCollectionPause
Event: 2087.054 Executing VM operation: G1IncCollectionPause done
Event: 2090.457 Executing VM operation: G1IncCollectionPause
Event: 2090.465 Executing VM operation: G1IncCollectionPause done
Event: 2099.013 Thread 0x0000000002ceb000 flushing nmethod 0x00000000032ef810


Dynamic libraries:
0x00007ff751230000 - 0x00007ff751264000 	C:\Program Files (x86)\Minecraft\runtime\jre-x64\1.8.0_25\bin\javaw.exe
0x00007ffa5e7a0000 - 0x00007ffa5e972000 	C:\Windows\SYSTEM32\ntdll.dll
0x00007ffa5c2b0000 - 0x00007ffa5c35c000 	C:\Windows\System32\KERNEL32.DLL
0x00007ffa5b8e0000 - 0x00007ffa5bafd000 	C:\Windows\System32\KERNELBASE.dll
0x00007ffa5e3c0000 - 0x00007ffa5e462000 	C:\Windows\System32\ADVAPI32.dll
0x00007ffa5c900000 - 0x00007ffa5c99e000 	C:\Windows\System32\msvcrt.dll
0x00007ffa5c380000 - 0x00007ffa5c3d9000 	C:\Windows\System32\sechost.dll
0x00007ffa5e670000 - 0x00007ffa5e791000 	C:\Windows\System32\RPCRT4.dll
0x00007ffa5c450000 - 0x00007ffa5c5b5000 	C:\Windows\System32\USER32.dll
0x00007ffa5b5d0000 - 0x00007ffa5b5ee000 	C:\Windows\System32\win32u.dll
0x00007ffa5c820000 - 0x00007ffa5c854000 	C:\Windows\System32\GDI32.dll
0x00007ffa5bb00000 - 0x00007ffa5bc80000 	C:\Windows\System32\gdi32full.dll
0x00007ffa49b80000 - 0x00007ffa49dfa000 	C:\Windows\WinSxS\amd64_microsoft.windows.common-controls_6595b64144ccf1df_6.0.14393.953_none_42151e83c686086b\COMCTL32.dll
0x00007ffa5bd30000 - 0x00007ffa5bff8000 	C:\Windows\System32\combase.dll
0x00007ffa5aca0000 - 0x00007ffa5ad95000 	C:\Windows\System32\ucrtbase.dll
0x00007ffa5b870000 - 0x00007ffa5b8da000 	C:\Windows\System32\bcryptPrimitives.dll
0x00007ffa5c8d0000 - 0x00007ffa5c8fe000 	C:\Windows\System32\IMM32.DLL
0x000000005efd0000 - 0x000000005f0a2000 	C:\Program Files (x86)\Minecraft\runtime\jre-x64\1.8.0_25\bin\msvcr100.dll
0x000000005e770000 - 0x000000005efca000 	C:\Program Files (x86)\Minecraft\runtime\jre-x64\1.8.0_25\bin\server\jvm.dll
0x00007ffa5c440000 - 0x00007ffa5c448000 	C:\Windows\System32\PSAPI.DLL
0x00007ffa44d50000 - 0x00007ffa44d59000 	C:\Windows\SYSTEM32\WSOCK32.dll
0x00007ffa586e0000 - 0x00007ffa58703000 	C:\Windows\SYSTEM32\WINMM.dll
0x00007ffa5c860000 - 0x00007ffa5c8ca000 	C:\Windows\System32\WS2_32.dll
0x00007ffa58680000 - 0x00007ffa586ab000 	C:\Windows\SYSTEM32\WINMMBASE.dll
0x00007ffa5bce0000 - 0x00007ffa5bd22000 	C:\Windows\System32\cfgmgr32.dll
0x000000005f6a0000 - 0x000000005f6af000 	C:\Program Files (x86)\Minecraft\runtime\jre-x64\1.8.0_25\bin\verify.dll
0x000000005f670000 - 0x000000005f698000 	C:\Program Files (x86)\Minecraft\runtime\jre-x64\1.8.0_25\bin\java.dll
0x000000005f650000 - 0x000000005f666000 	C:\Program Files (x86)\Minecraft\runtime\jre-x64\1.8.0_25\bin\zip.dll
0x00007ffa5ceb0000 - 0x00007ffa5e3b8000 	C:\Windows\System32\SHELL32.dll
0x00007ffa5aef0000 - 0x00007ffa5b5c8000 	C:\Windows\System32\windows.storage.dll
0x00007ffa5ac50000 - 0x00007ffa5ac9c000 	C:\Windows\System32\powrprof.dll
0x00007ffa5e610000 - 0x00007ffa5e662000 	C:\Windows\System32\shlwapi.dll
0x00007ffa5ac30000 - 0x00007ffa5ac3f000 	C:\Windows\System32\kernel.appcore.dll
0x00007ffa5b5f0000 - 0x00007ffa5b699000 	C:\Windows\System32\shcore.dll
0x00007ffa5ac10000 - 0x00007ffa5ac24000 	C:\Windows\System32\profapi.dll
0x000000005f640000 - 0x000000005f64d000 	C:\Program Files (x86)\Minecraft\runtime\jre-x64\1.8.0_25\bin\management.dll
0x000000005f620000 - 0x000000005f63a000 	C:\Program Files (x86)\Minecraft\runtime\jre-x64\1.8.0_25\bin\net.dll
0x00007ffa5a1e0000 - 0x00007ffa5a23c000 	C:\Windows\system32\mswsock.dll
0x000000005f600000 - 0x000000005f611000 	C:\Program Files (x86)\Minecraft\runtime\jre-x64\1.8.0_25\bin\nio.dll
0x00007ffa5a640000 - 0x00007ffa5a657000 	C:\Windows\SYSTEM32\CRYPTSP.dll
0x00007ffa59de0000 - 0x00007ffa59e13000 	C:\Windows\system32\rsaenh.dll
0x00007ffa5ab50000 - 0x00007ffa5ab7b000 	C:\Windows\SYSTEM32\bcrypt.dll
0x00007ffa5a060000 - 0x00007ffa5a07f000 	C:\Windows\SYSTEM32\USERENV.dll
0x00007ffa5a380000 - 0x00007ffa5a38b000 	C:\Windows\SYSTEM32\CRYPTBASE.dll
0x00007ffa59f60000 - 0x00007ffa59f98000 	C:\Windows\SYSTEM32\IPHLPAPI.DLL
0x00007ffa5cde0000 - 0x00007ffa5cde8000 	C:\Windows\System32\NSI.dll
0x00007ffa55b00000 - 0x00007ffa55b16000 	C:\Windows\SYSTEM32\dhcpcsvc6.DLL
0x00007ffa55c60000 - 0x00007ffa55c7a000 	C:\Windows\SYSTEM32\dhcpcsvc.DLL
0x00007ffa467b0000 - 0x00007ffa467ba000 	C:\Users\Boweeton\AppData\Local\Temp\jansi-64-8460971154306227094.dll
0x00007ffa4a800000 - 0x00007ffa4a816000 	C:\Windows\system32\napinsp.dll
0x00007ffa4a820000 - 0x00007ffa4a83a000 	C:\Windows\system32\pnrpnsp.dll
0x00007ffa58090000 - 0x00007ffa580a8000 	C:\Windows\system32\NLAapi.dll
0x00007ffa59fa0000 - 0x00007ffa5a041000 	C:\Windows\SYSTEM32\DNSAPI.dll
0x00007ffa556c0000 - 0x00007ffa556ce000 	C:\Windows\System32\winrnr.dll
0x00007ffa56d80000 - 0x00007ffa56d95000 	C:\Windows\System32\wshbth.dll
0x00000000609a0000 - 0x00000000609c6000 	C:\Program Files\Bonjour\mdnsNSP.dll
0x00007ffa46360000 - 0x00007ffa4636a000 	C:\Windows\System32\rasadhlp.dll
0x00007ffa4c760000 - 0x00007ffa4c7ca000 	C:\Windows\System32\fwpuclnt.dll
0x000000005e750000 - 0x000000005e767000 	C:\Program Files (x86)\Minecraft\runtime\jre-x64\1.8.0_25\bin\unpack.dll
0x0000000180000000 - 0x0000000180053000 	C:\Users\Boweeton\AppData\Local\Temp\1610-0c11-8551-c1ac\lwjgl64.dll
0x00007ffa59270000 - 0x00007ffa5927a000 	C:\Windows\SYSTEM32\VERSION.dll
0x00007ffa36a00000 - 0x00007ffa36b23000 	C:\Windows\SYSTEM32\OPENGL32.dll
0x00007ffa36c50000 - 0x00007ffa36c7d000 	C:\Windows\SYSTEM32\GLU32.dll
0x00007ffa36900000 - 0x00007ffa369f7000 	C:\Windows\SYSTEM32\DDRAW.dll
0x00007ffa4a400000 - 0x00007ffa4a408000 	C:\Windows\SYSTEM32\DCIMAN32.dll
0x000000005e5b0000 - 0x000000005e748000 	C:\Program Files (x86)\Minecraft\runtime\jre-x64\1.8.0_25\bin\awt.dll
0x00007ffa5cdf0000 - 0x00007ffa5ceaf000 	C:\Windows\System32\OLEAUT32.dll
0x00007ffa5ae50000 - 0x00007ffa5aeec000 	C:\Windows\System32\msvcp_win.dll
0x00007ffa588e0000 - 0x00007ffa5895a000 	C:\Windows\SYSTEM32\apphelp.dll
0x00007ffa58ac0000 - 0x00007ffa58b55000 	C:\Windows\system32\uxtheme.dll
0x00007ffa5c5c0000 - 0x00007ffa5c71a000 	C:\Windows\System32\MSCTF.dll
0x00007ffa58030000 - 0x00007ffa58056000 	C:\Windows\system32\dwmapi.dll
0x00007ffa107d0000 - 0x00007ffa11517000 	C:\Windows\System32\DriverStore\FileRepository\igdlh64.inf_amd64_43155d58ecd36b2e\ig9icd64.dll
0x00007ffa57ac0000 - 0x00007ffa57ad3000 	C:\Windows\SYSTEM32\WTSAPI32.dll
0x00007ffa41180000 - 0x00007ffa41211000 	C:\Windows\SYSTEM32\mscms.dll
0x00007ffa31c10000 - 0x00007ffa31c52000 	C:\Windows\SYSTEM32\icm32.dll
0x00007ffa52d30000 - 0x00007ffa53e8c000 	C:\Windows\System32\DriverStore\FileRepository\igdlh64.inf_amd64_43155d58ecd36b2e\igc64.dll
0x0000000022c10000 - 0x0000000022c48000 	C:\Users\Boweeton\AppData\Local\Temp\jna\jna2300126173593976641.dll
0x000000005e490000 - 0x000000005e4b4000 	C:\Program Files (x86)\Minecraft\runtime\jre-x64\1.8.0_25\bin\sunec.dll
0x0000000027070000 - 0x00000000270d4000 	C:\Users\Boweeton\AppData\Local\Temp\1610-0c11-8551-c1ac\OpenAL64.dll
0x00007ffa5c000000 - 0x00007ffa5c138000 	C:\Windows\System32\ole32.dll
0x00007ffa5c140000 - 0x00007ffa5c1df000 	C:\Windows\System32\clbcatq.dll
0x00007ffa55b70000 - 0x00007ffa55be1000 	C:\Windows\System32\MMDevApi.dll
0x00007ffa58f50000 - 0x00007ffa58f78000 	C:\Windows\System32\DEVOBJ.dll
0x00007ffa57c90000 - 0x00007ffa57e15000 	C:\Windows\System32\PROPSYS.dll
0x00007ffa25e30000 - 0x00007ffa25ecb000 	C:\Windows\SYSTEM32\dsound.dll
0x00007ffa4a170000 - 0x00007ffa4a204000 	C:\Windows\SYSTEM32\AUDIOSES.DLL
0x00007ffa57720000 - 0x00007ffa57856000 	C:\Windows\SYSTEM32\wintypes.dll
0x00007ffa5a7e0000 - 0x00007ffa5a972000 	C:\Windows\SYSTEM32\dbghelp.dll

VM Arguments:
jvm_args: -Dos.name=Windows 10 -Dos.version=10.0 -XX:HeapDumpPath=MojangTricksIntelDriversForPerformance_javaw.exe_minecraft.exe.heapdump -Djava.library.path=C:\Users\Boweeton\AppData\Local\Temp\1610-0c11-8551-c1ac -Dminecraft.launcher.brand=minecraft-launcher -Dminecraft.launcher.version=2.0.1003 -Dminecraft.client.jar=C:\Users\Boweeton\AppData\Roaming\.minecraft\versions\1.8.9\1.8.9.jar -Xmx4G -XX:+UnlockExperimentalVMOptions -XX:+UseG1GC -XX:G1NewSizePercent=20 -XX:G1ReservePercent=20 -XX:MaxGCPauseMillis=50 -XX:G1HeapRegionSize=16M -Dlog4j.configurationFile=C:/Users\Boweeton\AppData\Roaming\.minecraft\assets\log_configs\client-1.7.xml 
java_command: net.minecraft.launchwrapper.Launch --username Boweeton --version 1.8.9-forge1.8.9-11.15.1.1722 --gameDir C:/Users\Boweeton\AppData\Roaming\.minecraft --assetsDir C:/Users\Boweeton\AppData\Roaming\.minecraft/assets --assetIndex 1.8 --uuid e94b3883e7084ae3a7ee7cbd02c84b47 --accessToken 2114da9597454aa4927f76f41cee830f --userProperties {} --userType mojang --tweakClass net.minecraftforge.fml.common.launcher.FMLTweaker
java_class_path (initial): C:\Users\Boweeton\AppData\Roaming\.minecraft\libraries\net\minecraftforge\forge\1.8.9-11.15.1.1722\forge-1.8.9-11.15.1.1722.jar;C:\Users\Boweeton\AppData\Roaming\.minecraft\libraries\io\netty\netty-all\4.0.23.Final\netty-all-4.0.23.Final.jar;C:\Users\Boweeton\AppData\Roaming\.minecraft\libraries\net\minecraft\launchwrapper\1.12\launchwrapper-1.12.jar;C:\Users\Boweeton\AppData\Roaming\.minecraft\libraries\org\ow2\asm\asm-all\5.0.3\asm-all-5.0.3.jar;C:\Users\Boweeton\AppData\Roaming\.minecraft\libraries\jline\jline\2.13\jline-2.13.jar;C:\Users\Boweeton\AppData\Roaming\.minecraft\libraries\com\typesafe\akka\akka-actor_2.11\2.3.3\akka-actor_2.11-2.3.3.jar;C:\Users\Boweeton\AppData\Roaming\.minecraft\libraries\com\typesafe\config\1.2.1\config-1.2.1.jar;C:\Users\Boweeton\AppData\Roaming\.minecraft\libraries\org\scala-lang\scala-actors-migration_2.11\1.1.0\scala-actors-migration_2.11-1.1.0.jar;C:\Users\Boweeton\AppData\Roaming\.minecraft\libraries\org\scala-lang\scala-compiler\2.11.1\scala-compiler-2.11.1.jar;C:\Users\Boweeton\AppData\Roaming\.minecraft\libraries\org\scala-lang\plugins\scala-continuations-library_2.11\1.0.2\scala-continuations-library_2.11-1.0.2.jar;C:\Users\Boweeton\AppData\Roaming\.minecraft\libraries\org\scala-lang\plugins\scala-continuations-plugin_2.11.1\1.0.2\scala-continuations-plugin_2.11.1-1.0.2.jar;C:\Users\Boweeton\AppData\Roaming\.minecraft\libraries\org\scala-lang\scala-library\2.11.1\scala-library-2.11.1.jar;C:\Users\Boweeton\AppData\Roaming\.minecraft\libraries\org\scala-lang\scala-parser-combinators_2.11\1.0.1\scala-parser-combinators_2.11-1.0.1.jar;C:\Users\Boweeton\AppData\Roaming\.minecraft\libraries\org\scala-lang\scala-reflect\2.11.1\scala-reflect-2.11.1.jar;C:\Users\Boweeton\AppData\Roaming\.minecraft\libraries\org\scala-lang\scala-swing_2.11\1.0.1\scala-swing_2.11-1.0.1.jar;C:\Users\Boweeton\AppData\Roaming\.minecraft\libraries\org\scala-lang\scala-xml_2.11\1.0.2\scala-xml_2.11-1.0.2.jar;C:\Users\Boweeton
Launcher Type: SUN_STANDARD

Environment Variables:
PATH=C:\ProgramData\Oracle\Java\javapath;C:\Windows\system32;C:\Windows;C:\Windows\System32\Wbem;C:\Windows\System32\WindowsPowerShell\v1.0\;C:\Program Files (x86)\NVIDIA Corporation\PhysX\Common;C:\Users\Boweeton\AppData\Local\Microsoft\WindowsApps;;C:\Program Files (x86)\SSH Communications Security\SSH Secure Shell
USERNAME=Boweeton
OS=Windows_NT
PROCESSOR_IDENTIFIER=Intel64 Family 6 Model 158 Stepping 9, GenuineIntel



---------------  S Y S T E M  ---------------

OS: Windows 8.1 , 64 bit Build 9600 

CPU:total 4 (4 cores per cpu, 1 threads per core) family 6 model 158 stepping 9, cmov, cx8, fxsr, mmx, sse, sse2, sse3, ssse3, sse4.1, sse4.2, popcnt, avx, avx2, aes, clmul, erms, lzcnt, tsc, tscinvbit, bmi1, bmi2

Memory: 4k page, physical 16642276k(8137236k free), swap 19132644k(6307348k free)

vm_info: Java HotSpot(TM) 64-Bit Server VM (25.25-b02) for windows-amd64 JRE (1.8.0_25-b18), built on Oct  7 2014 14:25:37 by "java_re" with MS VC++ 10.0 (VS2010)

time: Sun Jan 28 21:04:56 2018
elapsed time: 2099 seconds (0d 0h 34m 59s)

