#
# A fatal error has been detected by the Java Runtime Environment:
#
#  EXCEPTION_ACCESS_VIOLATION (0xc0000005) at pc=0x00000000d980ea4c, pid=12212, tid=11640
#
# JRE version: Java(TM) SE Runtime Environment (8.0_25-b18) (build 1.8.0_25-b18)
# Java VM: Java HotSpot(TM) 64-Bit Server VM (25.25-b02 mixed mode windows-amd64 compressed oops)
# Problematic frame:
# C  0x00000000d980ea4c
#
# Failed to write core dump. Minidumps are not enabled by default on client versions of Windows
#
# If you would like to submit a bug report, please visit:
#   http://bugreport.sun.com/bugreport/crash.jsp
#

---------------  T H R E A D  ---------------

Current thread (0x00000000030b3800):  JavaThread "Client thread" [_thread_in_Java, id=11640, stack(0x0000000002eb0000,0x0000000002fb0000)]

siginfo: ExceptionCode=0xc0000005, ExceptionInformation=0x0000000000000008 0x00000000d980ea4c

Registers:
RAX=0x0000000000000000, RBX=0x0000000025cf3478, RCX=0x0000000000004000, RDX=0x0000000000000400
RSP=0x0000000002fae9c8, RBP=0x0000000717011b50, RSI=0x00000000d9937efa, RDI=0x0000000000000006
R8 =0x0000000000000001, R9 =0x00000007170122e0, R10=0x0000000000000001, R11=0x00000000d9bbf0ad
R12=0x0000000000000000, R13=0x00000000e2e0236a, R14=0x0000000000000006, R15=0x00000000030b3800
RIP=0x00000000d980ea4c, EFLAGS=0x0000000000010246

Top of Stack: (sp=0x0000000002fae9c8)
0x0000000002fae9c8:   0000000004103bec 00000000e9a058c8
0x0000000002fae9d8:   0000000004b941c0 00000007f8058146
0x0000000002fae9e8:   000001261700df18 ffffffc600000001
0x0000000002fae9f8:   00000006cddf8568 00000006cced6410
0x0000000002faea08:   f8001e5000000000 e8b8aedfe8b8b0eb
0x0000000002faea18:   0000000745c58758 d9e46ca72cbd07cb
0x0000000002faea28:   000000074d02c640 0000000000000001
0x0000000002faea38:   0000000004d57194 00000000d9514684
0x0000000002faea48:   0000000004dc6cb4 00000000d980e9f2
0x0000000002faea58:   0000000004b79164 00000000f80373f5
0x0000000002faea68:   0000000004e32a38 000000000fcb0000
0x0000000002faea78:   00000006ca8a3560 3dcccccd3f800000
0x0000000002faea88:   00000006d992bd1d 00000007000001a2
0x0000000002faea98:   0000000717011b50 00000006ca85ef78
0x0000000002faeaa8:   00000006cddf8568 0000000000000000
0x0000000002faeab8:   000000000442e648 00000006ca8a3420 

Instructions: (pc=0x00000000d980ea4c)
0x00000000d980ea2c:   
[error occurred during error reporting (printing registers, top of stack, instructions near pc), id 0xc0000005]

Register to memory mapping:

RAX=0x0000000000000000 is an unknown value
RBX={method} {0x0000000025cf3480} 'func_110146_f' '(FF)F' in 'net/minecraft/entity/EntityLiving'
RCX=0x0000000000004000 is an unknown value
RDX=0x0000000000000400 is an unknown value
RSP=0x0000000002fae9c8 is pointing into the stack for thread: 0x00000000030b3800
RBP=0x0000000717011b50 is an oop
net.minecraft.entity.monster.EntityCreeper 
 - klass: 'net/minecraft/entity/monster/EntityCreeper'
RSI=0x00000000d9937efa is an unknown value
RDI=0x0000000000000006 is an unknown value
R8 =0x0000000000000001 is an unknown value
R9 =0x00000007170122e0 is an oop
java.util.concurrent.locks.ReentrantReadWriteLock$NonfairSync 
 - klass: 'java/util/concurrent/locks/ReentrantReadWriteLock$NonfairSync'
R10=0x0000000000000001 is an unknown value
R11=0x00000000d9bbf0ad is an unknown value
R12=0x0000000000000000 is an unknown value
R13=0x00000000e2e0236a is an unknown value
R14=0x0000000000000006 is an unknown value
R15=0x00000000030b3800 is a thread


Stack: [0x0000000002eb0000,0x0000000002fb0000],  sp=0x0000000002fae9c8,  free space=1018k
Native frames: (J=compiled Java code, j=interpreted, Vv=VM code, C=native code)
C  0x00000000d980ea4c


---------------  P R O C E S S  ---------------

Java Threads: ( => current thread )
  0x00000000218a6000 JavaThread "File IO Thread" [_thread_blocked, id=10176, stack(0x000000004a070000,0x000000004a170000)]
  0x0000000025f3b800 JavaThread "JM-task-4" [_thread_blocked, id=5272, stack(0x0000000047d70000,0x0000000047e70000)]
  0x0000000025f3e800 JavaThread "JM-texture-3" [_thread_blocked, id=11468, stack(0x0000000045a00000,0x0000000045b00000)]
  0x0000000025f40000 JavaThread "JM-texture-2" [_thread_blocked, id=10640, stack(0x0000000045900000,0x0000000045a00000)]
  0x0000000025f3e000 JavaThread "Netty Client IO #1" daemon [_thread_in_native, id=11316, stack(0x0000000045600000,0x0000000045700000)]
  0x0000000022513000 JavaThread "Netty Client IO #0" daemon [_thread_in_native, id=4880, stack(0x0000000045400000,0x0000000045500000)]
  0x0000000022512800 JavaThread "Server Pinger #0" daemon [_thread_blocked, id=11092, stack(0x0000000045300000,0x0000000045400000)]
  0x0000000022514000 JavaThread "Thread-12" [_thread_blocked, id=5912, stack(0x000000003c060000,0x000000003c160000)]
  0x0000000022519000 JavaThread "Thread-11" [_thread_blocked, id=10264, stack(0x000000003bf60000,0x000000003c060000)]
  0x0000000022516000 JavaThread "Chunk Batcher 1" daemon [_thread_blocked, id=10456, stack(0x0000000037e40000,0x0000000037f40000)]
  0x0000000022515800 JavaThread "Chunk Batcher 0" daemon [_thread_blocked, id=2788, stack(0x0000000037d40000,0x0000000037e40000)]
  0x0000000024aa0000 JavaThread "LWJGL Timer" daemon [_thread_blocked, id=348, stack(0x000000002e940000,0x000000002ea40000)]
  0x0000000024278800 JavaThread "Java2D Disposer" daemon [_thread_blocked, id=10508, stack(0x0000000027160000,0x0000000027260000)]
  0x0000000020ccd800 JavaThread "Timer hack thread" daemon [_thread_blocked, id=3516, stack(0x0000000027060000,0x0000000027160000)]
  0x0000000023499000 JavaThread "Snooper Timer" daemon [_thread_blocked, id=9636, stack(0x0000000025b90000,0x0000000025c90000)]
  0x0000000023778000 JavaThread "Snooper Timer" daemon [_thread_blocked, id=4160, stack(0x0000000025890000,0x0000000025990000)]
  0x0000000020066800 JavaThread "Service Thread" daemon [_thread_blocked, id=6000, stack(0x0000000020980000,0x0000000020a80000)]
  0x000000001fff2800 JavaThread "C1 CompilerThread2" daemon [_thread_blocked, id=9488, stack(0x0000000020880000,0x0000000020980000)]
  0x000000001ffec800 JavaThread "C2 CompilerThread1" daemon [_thread_blocked, id=216, stack(0x0000000020780000,0x0000000020880000)]
  0x000000001ffec000 JavaThread "C2 CompilerThread0" daemon [_thread_blocked, id=12312, stack(0x0000000020680000,0x0000000020780000)]
  0x000000001ffe8800 JavaThread "Attach Listener" daemon [_thread_blocked, id=5460, stack(0x0000000020580000,0x0000000020680000)]
  0x00000000031ae800 JavaThread "Signal Dispatcher" daemon [_thread_blocked, id=5604, stack(0x0000000020480000,0x0000000020580000)]
  0x00000000031ad800 JavaThread "Surrogate Locker Thread (Concurrent GC)" daemon [_thread_blocked, id=5184, stack(0x0000000020380000,0x0000000020480000)]
  0x000000001ffe1000 JavaThread "Finalizer" daemon [_thread_blocked, id=10832, stack(0x0000000020280000,0x0000000020380000)]
  0x000000001ffe0800 JavaThread "Reference Handler" daemon [_thread_blocked, id=11216, stack(0x0000000020180000,0x0000000020280000)]
=>0x00000000030b3800 JavaThread "Client thread" [_thread_in_Java, id=11640, stack(0x0000000002eb0000,0x0000000002fb0000)]

Other Threads:
  0x0000000003189800 VMThread [stack: 0x0000000020080000,0x0000000020180000] [id=11376]
  0x000000002006c000 WatcherThread [stack: 0x0000000020a80000,0x0000000020b80000] [id=12016]

VM state:not at safepoint (normal execution)

VM Mutex/Monitor currently owned by a thread: None

Heap:
 garbage-first heap   total 2375680K, used 1294157K [0x00000006c0000000, 0x0000000751000000, 0x00000007c0000000)
  region size 16384K, 40 young (655360K), 1 survivors (16384K)
 Metaspace       used 52128K, capacity 52743K, committed 53080K, reserved 1095680K
  class space    used 6324K, capacity 6484K, committed 6528K, reserved 1048576K

Heap Regions: (Y=young(eden), SU=young(survivor), HS=humongous(starts), HC=humongous(continues), CS=collection set, F=free, TS=gc time stamp, PTAMS=previous top-at-mark-start, NTAMS=next top-at-mark-start)
            TS     0 PTAMS 0x00000006c1000000 NTAMS 0x00000006c1000000 space 16384K, 100% used [0x00000006c0000000, 0x00000006c1000000, 0x00000006c1000000)
            TS     0 PTAMS 0x00000006c1fffd90 NTAMS 0x00000006c1fffd90 space 16384K,  99% used [0x00000006c1000000, 0x00000006c1fffd90, 0x00000006c2000000)
            TS     0 PTAMS 0x00000006c2fffd18 NTAMS 0x00000006c2fffd18 space 16384K,  99% used [0x00000006c2000000, 0x00000006c2fffd18, 0x00000006c3000000)
            TS     0 PTAMS 0x00000006c3fffdd0 NTAMS 0x00000006c3fffdd0 space 16384K,  99% used [0x00000006c3000000, 0x00000006c3fffdd0, 0x00000006c4000000)
            TS     0 PTAMS 0x00000006c5000000 NTAMS 0x00000006c5000000 space 16384K, 100% used [0x00000006c4000000, 0x00000006c5000000, 0x00000006c5000000)
            TS     0 PTAMS 0x00000006c5fffff8 NTAMS 0x00000006c5fffff8 space 16384K,  99% used [0x00000006c5000000, 0x00000006c5fffff8, 0x00000006c6000000)
 HS         TS     0 PTAMS 0x00000006c6a00010 NTAMS 0x00000006c6a00010 space 16384K,  62% used [0x00000006c6000000, 0x00000006c6a00010, 0x00000006c7000000)
            TS     0 PTAMS 0x00000006c7fffff0 NTAMS 0x00000006c7fffff0 space 16384K,  99% used [0x00000006c7000000, 0x00000006c7fffff0, 0x00000006c8000000)
            TS     0 PTAMS 0x00000006c9000000 NTAMS 0x00000006c9000000 space 16384K, 100% used [0x00000006c8000000, 0x00000006c9000000, 0x00000006c9000000)
            TS     0 PTAMS 0x00000006c9ffffe0 NTAMS 0x00000006c9ffffe0 space 16384K,  99% used [0x00000006c9000000, 0x00000006c9ffffe0, 0x00000006ca000000)
            TS     0 PTAMS 0x00000006caffffd8 NTAMS 0x00000006caffffd8 space 16384K,  99% used [0x00000006ca000000, 0x00000006caffffd8, 0x00000006cb000000)
            TS     0 PTAMS 0x00000006cbfffff8 NTAMS 0x00000006cbfffff8 space 16384K,  99% used [0x00000006cb000000, 0x00000006cbfffff8, 0x00000006cc000000)
            TS     0 PTAMS 0x00000006ccfffdc0 NTAMS 0x00000006ccfffdc0 space 16384K,  99% used [0x00000006cc000000, 0x00000006ccfffdc0, 0x00000006cd000000)
            TS     0 PTAMS 0x00000006cdfffff8 NTAMS 0x00000006cdfffff8 space 16384K,  99% used [0x00000006cd000000, 0x00000006cdfffff8, 0x00000006ce000000)
            TS     1 PTAMS 0x00000006ce000000 NTAMS 0x00000006ce000000 space 16384K, 100% used [0x00000006ce000000, 0x00000006cf000000, 0x00000006cf000000)
            TS     5 PTAMS 0x00000006cf000000 NTAMS 0x00000006cf000000 space 16384K, 100% used [0x00000006cf000000, 0x00000006d0000000, 0x00000006d0000000)
            TS    17 PTAMS 0x00000006d0000000 NTAMS 0x00000006d0000000 space 16384K, 100% used [0x00000006d0000000, 0x00000006d1000000, 0x00000006d1000000)
            TS    29 PTAMS 0x00000006d1000000 NTAMS 0x00000006d1000000 space 16384K, 100% used [0x00000006d1000000, 0x00000006d2000000, 0x00000006d2000000)
            TS    29 PTAMS 0x00000006d2000000 NTAMS 0x00000006d2000000 space 16384K, 100% used [0x00000006d2000000, 0x00000006d3000000, 0x00000006d3000000)
            TS    53 PTAMS 0x00000006d3000000 NTAMS 0x00000006d3000000 space 16384K, 100% used [0x00000006d3000000, 0x00000006d4000000, 0x00000006d4000000)
            TS    57 PTAMS 0x00000006d4000000 NTAMS 0x00000006d4000000 space 16384K, 100% used [0x00000006d4000000, 0x00000006d5000000, 0x00000006d5000000)
            TS   123 PTAMS 0x00000006d5000000 NTAMS 0x00000006d5000000 space 16384K, 100% used [0x00000006d5000000, 0x00000006d6000000, 0x00000006d6000000)
            TS   157 PTAMS 0x00000006d6000000 NTAMS 0x00000006d6000000 space 16384K,  13% used [0x00000006d6000000, 0x00000006d622ff90, 0x00000006d7000000)
          F TS     0 PTAMS 0x00000006d7000000 NTAMS 0x00000006d7000000 space 16384K,   0% used [0x00000006d7000000, 0x00000006d7000000, 0x00000006d8000000)
          F TS     0 PTAMS 0x00000006d8000000 NTAMS 0x00000006d8000000 space 16384K,   0% used [0x00000006d8000000, 0x00000006d8000000, 0x00000006d9000000)
          F TS     0 PTAMS 0x00000006d9000000 NTAMS 0x00000006d9000000 space 16384K,   0% used [0x00000006d9000000, 0x00000006d9000000, 0x00000006da000000)
          F TS     0 PTAMS 0x00000006da000000 NTAMS 0x00000006da000000 space 16384K,   0% used [0x00000006da000000, 0x00000006da000000, 0x00000006db000000)
          F TS     0 PTAMS 0x00000006db000000 NTAMS 0x00000006db000000 space 16384K,   0% used [0x00000006db000000, 0x00000006db000000, 0x00000006dc000000)
          F TS     0 PTAMS 0x00000006dc000000 NTAMS 0x00000006dc000000 space 16384K,   0% used [0x00000006dc000000, 0x00000006dc000000, 0x00000006dd000000)
          F TS     0 PTAMS 0x00000006dd000000 NTAMS 0x00000006dd000000 space 16384K,   0% used [0x00000006dd000000, 0x00000006dd000000, 0x00000006de000000)
          F TS     0 PTAMS 0x00000006de000000 NTAMS 0x00000006de000000 space 16384K,   0% used [0x00000006de000000, 0x00000006de000000, 0x00000006df000000)
          F TS     0 PTAMS 0x00000006df000000 NTAMS 0x00000006df000000 space 16384K,   0% used [0x00000006df000000, 0x00000006df000000, 0x00000006e0000000)
          F TS     0 PTAMS 0x00000006e0000000 NTAMS 0x00000006e0000000 space 16384K,   0% used [0x00000006e0000000, 0x00000006e0000000, 0x00000006e1000000)
          F TS     0 PTAMS 0x00000006e1000000 NTAMS 0x00000006e1000000 space 16384K,   0% used [0x00000006e1000000, 0x00000006e1000000, 0x00000006e2000000)
          F TS     0 PTAMS 0x00000006e2000000 NTAMS 0x00000006e2000000 space 16384K,   0% used [0x00000006e2000000, 0x00000006e2000000, 0x00000006e3000000)
          F TS     0 PTAMS 0x00000006e3000000 NTAMS 0x00000006e3000000 space 16384K,   0% used [0x00000006e3000000, 0x00000006e3000000, 0x00000006e4000000)
          F TS     0 PTAMS 0x00000006e4000000 NTAMS 0x00000006e4000000 space 16384K,   0% used [0x00000006e4000000, 0x00000006e4000000, 0x00000006e5000000)
          F TS     0 PTAMS 0x00000006e5000000 NTAMS 0x00000006e5000000 space 16384K,   0% used [0x00000006e5000000, 0x00000006e5000000, 0x00000006e6000000)
          F TS     0 PTAMS 0x00000006e6000000 NTAMS 0x00000006e6000000 space 16384K,   0% used [0x00000006e6000000, 0x00000006e6000000, 0x00000006e7000000)
          F TS     0 PTAMS 0x00000006e7000000 NTAMS 0x00000006e7000000 space 16384K,   0% used [0x00000006e7000000, 0x00000006e7000000, 0x00000006e8000000)
          F TS    17 PTAMS 0x00000006e8000000 NTAMS 0x00000006e8000000 space 16384K,   0% used [0x00000006e8000000, 0x00000006e8000000, 0x00000006e9000000)
          F TS    17 PTAMS 0x00000006e9000000 NTAMS 0x00000006e9000000 space 16384K,   0% used [0x00000006e9000000, 0x00000006e9000000, 0x00000006ea000000)
          F TS    17 PTAMS 0x00000006ea000000 NTAMS 0x00000006ea000000 space 16384K,   0% used [0x00000006ea000000, 0x00000006ea000000, 0x00000006eb000000)
          F TS    15 PTAMS 0x00000006eb000000 NTAMS 0x00000006eb000000 space 16384K,   0% used [0x00000006eb000000, 0x00000006eb000000, 0x00000006ec000000)
 HS         TS     0 PTAMS 0x00000006ec000000 NTAMS 0x00000006ec000000 space 32768K,  50% used [0x00000006ec000000, 0x00000006ed000010, 0x00000006ee000000)
 HC         TS     0 PTAMS 0x00000006ed000000 NTAMS 0x00000006ed000000 space 16384K,   0% used [0x00000006ed000000, 0x00000006ed000010, 0x00000006ee000000)
 HS         TS     0 PTAMS 0x00000006ee000000 NTAMS 0x00000006ee000000 space 32768K,  50% used [0x00000006ee000000, 0x00000006ef000010, 0x00000006f0000000)
 HC         TS     0 PTAMS 0x00000006ef000000 NTAMS 0x00000006ef000000 space 16384K,   0% used [0x00000006ef000000, 0x00000006ef000010, 0x00000006f0000000)
 HS         TS     0 PTAMS 0x00000006f0000000 NTAMS 0x00000006f0000000 space 32768K,  50% used [0x00000006f0000000, 0x00000006f1000010, 0x00000006f2000000)
 HC         TS     0 PTAMS 0x00000006f1000000 NTAMS 0x00000006f1000000 space 16384K,   0% used [0x00000006f1000000, 0x00000006f1000010, 0x00000006f2000000)
 HS         TS     0 PTAMS 0x00000006f2000000 NTAMS 0x00000006f2000000 space 32768K,  50% used [0x00000006f2000000, 0x00000006f3000010, 0x00000006f4000000)
 HC         TS     0 PTAMS 0x00000006f3000000 NTAMS 0x00000006f3000000 space 16384K,   0% used [0x00000006f3000000, 0x00000006f3000010, 0x00000006f4000000)
 HS         TS     0 PTAMS 0x00000006f4000000 NTAMS 0x00000006f4000000 space 32768K,  50% used [0x00000006f4000000, 0x00000006f5000010, 0x00000006f6000000)
 HC         TS     0 PTAMS 0x00000006f5000000 NTAMS 0x00000006f5000000 space 16384K,   0% used [0x00000006f5000000, 0x00000006f5000010, 0x00000006f6000000)
 HS         TS     0 PTAMS 0x00000006f6000000 NTAMS 0x00000006f6000000 space 32768K,  50% used [0x00000006f6000000, 0x00000006f7000010, 0x00000006f8000000)
 HC         TS     0 PTAMS 0x00000006f7000000 NTAMS 0x00000006f7000000 space 16384K,   0% used [0x00000006f7000000, 0x00000006f7000010, 0x00000006f8000000)
 HS         TS     0 PTAMS 0x00000006f8000000 NTAMS 0x00000006f8000000 space 32768K,  50% used [0x00000006f8000000, 0x00000006f9000010, 0x00000006fa000000)
 HC         TS     0 PTAMS 0x00000006f9000000 NTAMS 0x00000006f9000000 space 16384K,   0% used [0x00000006f9000000, 0x00000006f9000010, 0x00000006fa000000)
 HS         TS     0 PTAMS 0x00000006fa000000 NTAMS 0x00000006fa000000 space 32768K,  50% used [0x00000006fa000000, 0x00000006fb000010, 0x00000006fc000000)
 HC         TS     0 PTAMS 0x00000006fb000000 NTAMS 0x00000006fb000000 space 16384K,   0% used [0x00000006fb000000, 0x00000006fb000010, 0x00000006fc000000)
 HS         TS     0 PTAMS 0x00000006fc000000 NTAMS 0x00000006fc000000 space 32768K,  50% used [0x00000006fc000000, 0x00000006fd000010, 0x00000006fe000000)
 HC         TS     0 PTAMS 0x00000006fd000000 NTAMS 0x00000006fd000000 space 16384K,   0% used [0x00000006fd000000, 0x00000006fd000010, 0x00000006fe000000)
 HS         TS    11 PTAMS 0x00000006fe000000 NTAMS 0x00000006fe000000 space 32768K,  50% used [0x00000006fe000000, 0x00000006ff000010, 0x0000000700000000)
 HC         TS    11 PTAMS 0x00000006ff000000 NTAMS 0x00000006ff000000 space 16384K,   0% used [0x00000006ff000000, 0x00000006ff000010, 0x0000000700000000)
          F TS    15 PTAMS 0x0000000700000000 NTAMS 0x0000000700000000 space 16384K,   0% used [0x0000000700000000, 0x0000000700000000, 0x0000000701000000)
          F TS    29 PTAMS 0x0000000701000000 NTAMS 0x0000000701000000 space 16384K,   0% used [0x0000000701000000, 0x0000000701000000, 0x0000000702000000)
          F TS    27 PTAMS 0x0000000702000000 NTAMS 0x0000000702000000 space 16384K,   0% used [0x0000000702000000, 0x0000000702000000, 0x0000000703000000)
 HS         TS    13 PTAMS 0x0000000703000000 NTAMS 0x0000000703000000 space 32768K,  50% used [0x0000000703000000, 0x0000000704000010, 0x0000000705000000)
 HC         TS    13 PTAMS 0x0000000704000000 NTAMS 0x0000000704000000 space 16384K,   0% used [0x0000000704000000, 0x0000000704000010, 0x0000000705000000)
 HS         TS    13 PTAMS 0x0000000705000000 NTAMS 0x0000000705000000 space 32768K,  50% used [0x0000000705000000, 0x0000000706000010, 0x0000000707000000)
 HC         TS    13 PTAMS 0x0000000706000000 NTAMS 0x0000000706000000 space 16384K,   0% used [0x0000000706000000, 0x0000000706000010, 0x0000000707000000)
          F TS    41 PTAMS 0x0000000707000000 NTAMS 0x0000000707000000 space 16384K,   0% used [0x0000000707000000, 0x0000000707000000, 0x0000000708000000)
          F TS    53 PTAMS 0x0000000708000000 NTAMS 0x0000000708000000 space 16384K,   0% used [0x0000000708000000, 0x0000000708000000, 0x0000000709000000)
          F TS    85 PTAMS 0x0000000709000000 NTAMS 0x0000000709000000 space 16384K,   0% used [0x0000000709000000, 0x0000000709000000, 0x000000070a000000)
 HS         TS    13 PTAMS 0x000000070a000000 NTAMS 0x000000070a000000 space 32768K,  50% used [0x000000070a000000, 0x000000070b000010, 0x000000070c000000)
 HC         TS    13 PTAMS 0x000000070b000000 NTAMS 0x000000070b000000 space 16384K,   0% used [0x000000070b000000, 0x000000070b000010, 0x000000070c000000)
 HS         TS    37 PTAMS 0x000000070c000000 NTAMS 0x000000070c000000 space 32768K,  50% used [0x000000070c000000, 0x000000070d000010, 0x000000070e000000)
 HC         TS    37 PTAMS 0x000000070d000000 NTAMS 0x000000070d000000 space 16384K,   0% used [0x000000070d000000, 0x000000070d000010, 0x000000070e000000)
 HS         TS    57 PTAMS 0x000000070e000000 NTAMS 0x000000070e000000 space 32768K,  50% used [0x000000070e000000, 0x000000070f000010, 0x0000000710000000)
 HC         TS    61 PTAMS 0x000000070f000000 NTAMS 0x000000070f000000 space 16384K,   0% used [0x000000070f000000, 0x000000070f000010, 0x0000000710000000)
          F TS   151 PTAMS 0x0000000710000000 NTAMS 0x0000000710000000 space 16384K,   0% used [0x0000000710000000, 0x0000000710000000, 0x0000000711000000)
          F TS   153 PTAMS 0x0000000711000000 NTAMS 0x0000000711000000 space 16384K,   0% used [0x0000000711000000, 0x0000000711000000, 0x0000000712000000)
 HS         TS    81 PTAMS 0x0000000712000000 NTAMS 0x0000000712000000 space 32768K,  50% used [0x0000000712000000, 0x0000000713000010, 0x0000000714000000)
 HC         TS    81 PTAMS 0x0000000713000000 NTAMS 0x0000000713000000 space 16384K,   0% used [0x0000000713000000, 0x0000000713000010, 0x0000000714000000)
          F TS   157 PTAMS 0x0000000714000000 NTAMS 0x0000000714000000 space 16384K,   0% used [0x0000000714000000, 0x0000000714000000, 0x0000000715000000)
 HS         TS   135 PTAMS 0x0000000715000000 NTAMS 0x0000000715000000 space 32768K,  50% used [0x0000000715000000, 0x0000000716000010, 0x0000000717000000)
 HC         TS   135 PTAMS 0x0000000716000000 NTAMS 0x0000000716000000 space 16384K,   0% used [0x0000000716000000, 0x0000000716000010, 0x0000000717000000)
    CS SU   TS   157 PTAMS 0x0000000717000000 NTAMS 0x0000000717000000 space 16384K,  22% used [0x0000000717000000, 0x00000007173a4000, 0x0000000718000000)
 HS         TS   147 PTAMS 0x0000000718000000 NTAMS 0x0000000718000000 space 32768K,  50% used [0x0000000718000000, 0x0000000719000010, 0x000000071a000000)
 HC         TS   147 PTAMS 0x0000000719000000 NTAMS 0x0000000719000000 space 16384K,   0% used [0x0000000719000000, 0x0000000719000010, 0x000000071a000000)
 HS         TS   149 PTAMS 0x000000071a000000 NTAMS 0x000000071a000000 space 32768K,  50% used [0x000000071a000000, 0x000000071b000010, 0x000000071c000000)
 HC         TS   149 PTAMS 0x000000071b000000 NTAMS 0x000000071b000000 space 16384K,   0% used [0x000000071b000000, 0x000000071b000010, 0x000000071c000000)
          F TS   157 PTAMS 0x000000071c000000 NTAMS 0x000000071c000000 space 16384K,   0% used [0x000000071c000000, 0x000000071c000000, 0x000000071d000000)
          F TS   157 PTAMS 0x000000071d000000 NTAMS 0x000000071d000000 space 16384K,   0% used [0x000000071d000000, 0x000000071d000000, 0x000000071e000000)
          F TS   157 PTAMS 0x000000071e000000 NTAMS 0x000000071e000000 space 16384K,   0% used [0x000000071e000000, 0x000000071e000000, 0x000000071f000000)
          F TS   157 PTAMS 0x000000071f000000 NTAMS 0x000000071f000000 space 16384K,   0% used [0x000000071f000000, 0x000000071f000000, 0x0000000720000000)
          F TS   157 PTAMS 0x0000000720000000 NTAMS 0x0000000720000000 space 16384K,   0% used [0x0000000720000000, 0x0000000720000000, 0x0000000721000000)
          F TS   157 PTAMS 0x0000000721000000 NTAMS 0x0000000721000000 space 16384K,   0% used [0x0000000721000000, 0x0000000721000000, 0x0000000722000000)
          F TS   157 PTAMS 0x0000000722000000 NTAMS 0x0000000722000000 space 16384K,   0% used [0x0000000722000000, 0x0000000722000000, 0x0000000723000000)
          F TS   157 PTAMS 0x0000000723000000 NTAMS 0x0000000723000000 space 16384K,   0% used [0x0000000723000000, 0x0000000723000000, 0x0000000724000000)
          F TS   157 PTAMS 0x0000000724000000 NTAMS 0x0000000724000000 space 16384K,   0% used [0x0000000724000000, 0x0000000724000000, 0x0000000725000000)
          F TS   157 PTAMS 0x0000000725000000 NTAMS 0x0000000725000000 space 16384K,   0% used [0x0000000725000000, 0x0000000725000000, 0x0000000726000000)
          F TS   157 PTAMS 0x0000000726000000 NTAMS 0x0000000726000000 space 16384K,   0% used [0x0000000726000000, 0x0000000726000000, 0x0000000727000000)
          F TS   157 PTAMS 0x0000000727000000 NTAMS 0x0000000727000000 space 16384K,   0% used [0x0000000727000000, 0x0000000727000000, 0x0000000728000000)
          F TS   157 PTAMS 0x0000000728000000 NTAMS 0x0000000728000000 space 16384K,   0% used [0x0000000728000000, 0x0000000728000000, 0x0000000729000000)
          F TS   157 PTAMS 0x0000000729000000 NTAMS 0x0000000729000000 space 16384K,   0% used [0x0000000729000000, 0x0000000729000000, 0x000000072a000000)
       Y    TS   157 PTAMS 0x000000072a000000 NTAMS 0x000000072a000000 space 16384K,  82% used [0x000000072a000000, 0x000000072ad20538, 0x000000072b000000)
    CS Y    TS   157 PTAMS 0x000000072b000000 NTAMS 0x000000072b000000 space 16384K, 100% used [0x000000072b000000, 0x000000072c000000, 0x000000072c000000)
    CS Y    TS   157 PTAMS 0x000000072c000000 NTAMS 0x000000072c000000 space 16384K, 100% used [0x000000072c000000, 0x000000072d000000, 0x000000072d000000)
    CS Y    TS   157 PTAMS 0x000000072d000000 NTAMS 0x000000072d000000 space 16384K, 100% used [0x000000072d000000, 0x000000072e000000, 0x000000072e000000)
    CS Y    TS   157 PTAMS 0x000000072e000000 NTAMS 0x000000072e000000 space 16384K, 100% used [0x000000072e000000, 0x000000072f000000, 0x000000072f000000)
    CS Y    TS   157 PTAMS 0x000000072f000000 NTAMS 0x000000072f000000 space 16384K, 100% used [0x000000072f000000, 0x0000000730000000, 0x0000000730000000)
    CS Y    TS   157 PTAMS 0x0000000730000000 NTAMS 0x0000000730000000 space 16384K, 100% used [0x0000000730000000, 0x0000000731000000, 0x0000000731000000)
    CS Y    TS   157 PTAMS 0x0000000731000000 NTAMS 0x0000000731000000 space 16384K, 100% used [0x0000000731000000, 0x0000000732000000, 0x0000000732000000)
    CS Y    TS   157 PTAMS 0x0000000732000000 NTAMS 0x0000000732000000 space 16384K, 100% used [0x0000000732000000, 0x0000000733000000, 0x0000000733000000)
    CS Y    TS   157 PTAMS 0x0000000733000000 NTAMS 0x0000000733000000 space 16384K, 100% used [0x0000000733000000, 0x0000000734000000, 0x0000000734000000)
    CS Y    TS   157 PTAMS 0x0000000734000000 NTAMS 0x0000000734000000 space 16384K, 100% used [0x0000000734000000, 0x0000000735000000, 0x0000000735000000)
    CS Y    TS   157 PTAMS 0x0000000735000000 NTAMS 0x0000000735000000 space 16384K, 100% used [0x0000000735000000, 0x0000000736000000, 0x0000000736000000)
    CS Y    TS   157 PTAMS 0x0000000736000000 NTAMS 0x0000000736000000 space 16384K, 100% used [0x0000000736000000, 0x0000000737000000, 0x0000000737000000)
    CS Y    TS   157 PTAMS 0x0000000737000000 NTAMS 0x0000000737000000 space 16384K, 100% used [0x0000000737000000, 0x0000000738000000, 0x0000000738000000)
    CS Y    TS   157 PTAMS 0x0000000738000000 NTAMS 0x0000000738000000 space 16384K, 100% used [0x0000000738000000, 0x0000000739000000, 0x0000000739000000)
    CS Y    TS   157 PTAMS 0x0000000739000000 NTAMS 0x0000000739000000 space 16384K, 100% used [0x0000000739000000, 0x000000073a000000, 0x000000073a000000)
    CS Y    TS   157 PTAMS 0x000000073a000000 NTAMS 0x000000073a000000 space 16384K, 100% used [0x000000073a000000, 0x000000073b000000, 0x000000073b000000)
    CS Y    TS   157 PTAMS 0x000000073b000000 NTAMS 0x000000073b000000 space 16384K, 100% used [0x000000073b000000, 0x000000073c000000, 0x000000073c000000)
    CS Y    TS   157 PTAMS 0x000000073c000000 NTAMS 0x000000073c000000 space 16384K, 100% used [0x000000073c000000, 0x000000073d000000, 0x000000073d000000)
    CS Y    TS   157 PTAMS 0x000000073d000000 NTAMS 0x000000073d000000 space 16384K, 100% used [0x000000073d000000, 0x000000073e000000, 0x000000073e000000)
    CS Y    TS   157 PTAMS 0x000000073e000000 NTAMS 0x000000073e000000 space 16384K, 100% used [0x000000073e000000, 0x000000073f000000, 0x000000073f000000)
    CS Y    TS   157 PTAMS 0x000000073f000000 NTAMS 0x000000073f000000 space 16384K, 100% used [0x000000073f000000, 0x0000000740000000, 0x0000000740000000)
    CS Y    TS   157 PTAMS 0x0000000740000000 NTAMS 0x0000000740000000 space 16384K, 100% used [0x0000000740000000, 0x0000000741000000, 0x0000000741000000)
    CS Y    TS   157 PTAMS 0x0000000741000000 NTAMS 0x0000000741000000 space 16384K, 100% used [0x0000000741000000, 0x0000000742000000, 0x0000000742000000)
    CS Y    TS   157 PTAMS 0x0000000742000000 NTAMS 0x0000000742000000 space 16384K, 100% used [0x0000000742000000, 0x0000000743000000, 0x0000000743000000)
    CS Y    TS   157 PTAMS 0x0000000743000000 NTAMS 0x0000000743000000 space 16384K, 100% used [0x0000000743000000, 0x0000000744000000, 0x0000000744000000)
    CS Y    TS   157 PTAMS 0x0000000744000000 NTAMS 0x0000000744000000 space 16384K, 100% used [0x0000000744000000, 0x0000000745000000, 0x0000000745000000)
    CS Y    TS   157 PTAMS 0x0000000745000000 NTAMS 0x0000000745000000 space 16384K, 100% used [0x0000000745000000, 0x0000000746000000, 0x0000000746000000)
    CS Y    TS   157 PTAMS 0x0000000746000000 NTAMS 0x0000000746000000 space 16384K, 100% used [0x0000000746000000, 0x0000000747000000, 0x0000000747000000)
    CS Y    TS   157 PTAMS 0x0000000747000000 NTAMS 0x0000000747000000 space 16384K, 100% used [0x0000000747000000, 0x0000000748000000, 0x0000000748000000)
    CS Y    TS   157 PTAMS 0x0000000748000000 NTAMS 0x0000000748000000 space 16384K, 100% used [0x0000000748000000, 0x0000000749000000, 0x0000000749000000)
    CS Y    TS   157 PTAMS 0x0000000749000000 NTAMS 0x0000000749000000 space 16384K, 100% used [0x0000000749000000, 0x000000074a000000, 0x000000074a000000)
    CS Y    TS   157 PTAMS 0x000000074a000000 NTAMS 0x000000074a000000 space 16384K, 100% used [0x000000074a000000, 0x000000074b000000, 0x000000074b000000)
    CS Y    TS   157 PTAMS 0x000000074b000000 NTAMS 0x000000074b000000 space 16384K, 100% used [0x000000074b000000, 0x000000074c000000, 0x000000074c000000)
    CS Y    TS   157 PTAMS 0x000000074c000000 NTAMS 0x000000074c000000 space 16384K, 100% used [0x000000074c000000, 0x000000074d000000, 0x000000074d000000)
    CS Y    TS   157 PTAMS 0x000000074d000000 NTAMS 0x000000074d000000 space 16384K, 100% used [0x000000074d000000, 0x000000074e000000, 0x000000074e000000)
    CS Y    TS   157 PTAMS 0x000000074e000000 NTAMS 0x000000074e000000 space 16384K, 100% used [0x000000074e000000, 0x000000074f000000, 0x000000074f000000)
    CS Y    TS   157 PTAMS 0x000000074f000000 NTAMS 0x000000074f000000 space 16384K, 100% used [0x000000074f000000, 0x0000000750000000, 0x0000000750000000)
    CS Y    TS   157 PTAMS 0x0000000750000000 NTAMS 0x0000000750000000 space 16384K, 100% used [0x0000000750000000, 0x0000000751000000, 0x0000000751000000)

Card table byte_map: [0x00000000132b0000,0x0000000013ac0000] byte_map_base: 0x000000000fcb0000

Marking Bits (Prev, Next): (CMBitMap*) 0x00000000030dcc60, (CMBitMap*) 0x00000000030dcba8
 Prev Bits: [0x0000000018bf0000, 0x000000001cbf0000)
 Next Bits: [0x0000000014be0000, 0x0000000018be0000)

Polling page: 0x0000000001690000

CodeCache: size=245760Kb used=39635Kb max_used=39854Kb free=206125Kb
 bounds [0x00000000031b0000, 0x00000000058f0000, 0x00000000121b0000]
 total_blobs=11350 nmethods=10404 adapters=856
 compilation: enabled

Compilation events (10 events):
Event: 599.405 Thread 0x000000001ffec000 16075       4       net.minecraft.entity.player.InventoryPlayer::func_70299_a (26 bytes)
Event: 599.406 Thread 0x000000001ffec000 nmethod 16075 0x0000000004765f90 code [0x00000000047660c0, 0x0000000004766278]
Event: 603.060 Thread 0x000000001fff2800 16076   !   3       sun.reflect.GeneratedConstructorAccessor78::newInstance (49 bytes)
Event: 603.061 Thread 0x000000001fff2800 nmethod 16076 0x0000000004e7a110 code [0x0000000004e7a2c0, 0x0000000004e7a728]
Event: 604.404 Thread 0x000000001ffec800 16077       4       net.minecraft.block.BlockLiquid::func_180655_c (513 bytes)
Event: 604.466 Thread 0x000000001ffec800 nmethod 16077 0x0000000005254b90 code [0x0000000005254fa0, 0x0000000005257128]
Event: 610.144 Thread 0x000000001ffec000 16078   !   4       journeymap.client.model.RegionImageSet::hasChunkUpdates (69 bytes)
Event: 610.165 Thread 0x000000001ffec000 nmethod 16078 0x00000000053c34d0 code [0x00000000053c3680, 0x00000000053c4a48]
Event: 611.320 Thread 0x000000001ffec800 16079       4       net.minecraft.client.gui.inventory.GuiContainer::func_146982_a (105 bytes)
Event: 611.326 Thread 0x000000001ffec800 nmethod 16079 0x0000000004ce6a10 code [0x0000000004ce6c00, 0x0000000004ce7150]

GC Heap History (10 events):
Event: 576.603 GC heap before
{Heap before GC invocations=175 (full 4):
 garbage-first heap   total 2375680K, used 1588289K [0x00000006c0000000, 0x0000000751000000, 0x00000007c0000000)
  region size 16384K, 58 young (950272K), 1 survivors (16384K)
 Metaspace       used 52093K, capacity 52743K, committed 53080K, reserved 1095680K
  class space    used 6322K, capacity 6484K, committed 6528K, reserved 1048576K
Event: 576.607 GC heap after
Heap after GC invocations=176 (full 4):
 garbage-first heap   total 2375680K, used 654399K [0x00000006c0000000, 0x0000000751000000, 0x00000007c0000000)
  region size 16384K, 1 young (16384K), 1 survivors (16384K)
 Metaspace       used 52093K, capacity 52743K, committed 53080K, reserved 1095680K
  class space    used 6322K, capacity 6484K, committed 6528K, reserved 1048576K
}
Event: 584.716 GC heap before
{Heap before GC invocations=176 (full 4):
 garbage-first heap   total 2375680K, used 1571903K [0x00000006c0000000, 0x0000000751000000, 0x00000007c0000000)
  region size 16384K, 56 young (917504K), 1 survivors (16384K)
 Metaspace       used 52118K, capacity 52743K, committed 53080K, reserved 1095680K
  class space    used 6324K, capacity 6484K, committed 6528K, reserved 1048576K
Event: 584.720 GC heap after
Heap after GC invocations=177 (full 4):
 garbage-first heap   total 2375680K, used 670940K [0x00000006c0000000, 0x0000000751000000, 0x00000007c0000000)
  region size 16384K, 1 young (16384K), 1 survivors (16384K)
 Metaspace       used 52118K, capacity 52743K, committed 53080K, reserved 1095680K
  class space    used 6324K, capacity 6484K, committed 6528K, reserved 1048576K
}
Event: 592.056 GC heap before
{Heap before GC invocations=177 (full 4):
 garbage-first heap   total 2375680K, used 1539292K [0x00000006c0000000, 0x0000000751000000, 0x00000007c0000000)
  region size 16384K, 54 young (884736K), 1 survivors (16384K)
 Metaspace       used 52128K, capacity 52743K, committed 53080K, reserved 1095680K
  class space    used 6324K, capacity 6484K, committed 6528K, reserved 1048576K
Event: 592.060 GC heap after
Heap after GC invocations=178 (full 4):
 garbage-first heap   total 2375680K, used 671417K [0x00000006c0000000, 0x0000000751000000, 0x00000007c0000000)
  region size 16384K, 1 young (16384K), 1 survivors (16384K)
 Metaspace       used 52128K, capacity 52743K, committed 53080K, reserved 1095680K
  class space    used 6324K, capacity 6484K, committed 6528K, reserved 1048576K
}
Event: 599.488 GC heap before
{Heap before GC invocations=178 (full 4):
 garbage-first heap   total 2375680K, used 1539769K [0x00000006c0000000, 0x0000000751000000, 0x00000007c0000000)
  region size 16384K, 54 young (884736K), 1 survivors (16384K)
 Metaspace       used 52128K, capacity 52743K, committed 53080K, reserved 1095680K
  class space    used 6324K, capacity 6484K, committed 6528K, reserved 1048576K
Event: 599.492 GC heap after
Heap after GC invocations=179 (full 4):
 garbage-first heap   total 2375680K, used 670630K [0x00000006c0000000, 0x0000000751000000, 0x00000007c0000000)
  region size 16384K, 1 young (16384K), 1 survivors (16384K)
 Metaspace       used 52128K, capacity 52743K, committed 53080K, reserved 1095680K
  class space    used 6324K, capacity 6484K, committed 6528K, reserved 1048576K
}
Event: 606.922 GC heap before
{Heap before GC invocations=179 (full 4):
 garbage-first heap   total 2375680K, used 1538982K [0x00000006c0000000, 0x0000000751000000, 0x00000007c0000000)
  region size 16384K, 54 young (884736K), 1 survivors (16384K)
 Metaspace       used 52128K, capacity 52743K, committed 53080K, reserved 1095680K
  class space    used 6324K, capacity 6484K, committed 6528K, reserved 1048576K
Event: 606.926 GC heap after
Heap after GC invocations=180 (full 4):
 garbage-first heap   total 2375680K, used 671565K [0x00000006c0000000, 0x0000000751000000, 0x00000007c0000000)
  region size 16384K, 1 young (16384K), 1 survivors (16384K)
 Metaspace       used 52128K, capacity 52743K, committed 53080K, reserved 1095680K
  class space    used 6324K, capacity 6484K, committed 6528K, reserved 1048576K
}

Deoptimization events (10 events):
Event: 530.665 Thread 0x00000000030b3800 Uncommon trap: reason=class_check action=maybe_recompile pc=0x00000000057119ac method=net.minecraft.item.ItemLeaves.func_82790_a(Lnet/minecraft/item/ItemStack;I)I @ 12
Event: 533.450 Thread 0x0000000025f3e000 Uncommon trap: reason=unreached action=reinterpret pc=0x0000000004ac85cc method=io.netty.util.internal.MpscLinkedQueue.peekNode()Lio/netty/util/internal/MpscLinkedQueueNode; @ 21
Event: 550.521 Thread 0x00000000030b3800 Uncommon trap: reason=bimorphic action=maybe_recompile pc=0x0000000004d6a66c method=net.minecraft.client.renderer.ItemModelMesher.func_178089_a(Lnet/minecraft/item/ItemStack;)Lnet/minecraft/client/resources/model/IBakedModel; @ 47
Event: 550.531 Thread 0x00000000030b3800 Uncommon trap: reason=bimorphic action=maybe_recompile pc=0x0000000004d6a66c method=net.minecraft.client.renderer.ItemModelMesher.func_178089_a(Lnet/minecraft/item/ItemStack;)Lnet/minecraft/client/resources/model/IBakedModel; @ 47
Event: 550.547 Thread 0x00000000030b3800 Uncommon trap: reason=bimorphic action=maybe_recompile pc=0x0000000004d6a66c method=net.minecraft.client.renderer.ItemModelMesher.func_178089_a(Lnet/minecraft/item/ItemStack;)Lnet/minecraft/client/resources/model/IBakedModel; @ 47
Event: 554.715 Thread 0x00000000030b3800 Uncommon trap: reason=bimorphic action=maybe_recompile pc=0x0000000004d6a66c method=net.minecraft.client.renderer.ItemModelMesher.func_178089_a(Lnet/minecraft/item/ItemStack;)Lnet/minecraft/client/resources/model/IBakedModel; @ 47
Event: 565.117 Thread 0x0000000025f3e000 Uncommon trap: reason=class_check action=maybe_recompile pc=0x0000000005050d8c method=io.netty.channel.nio.AbstractNioByteChannel$NioByteUnsafe.read()V @ 134
Event: 575.312 Thread 0x00000000030b3800 Uncommon trap: reason=unreached action=reinterpret pc=0x000000000485bfd4 method=net.minecraft.client.renderer.tileentity.TileEntityItemStackRenderer.func_179022_a(Lnet/minecraft/item/ItemStack;)V @ 220
Event: 575.312 Thread 0x00000000030b3800 Uncommon trap: reason=unreached action=reinterpret pc=0x0000000003bf06d4 method=net.minecraft.tileentity.TileEntity.func_145830_o()Z @ 4
Event: 579.128 Thread 0x00000000030b3800 Uncommon trap: reason=unreached action=reinterpret pc=0x000000000466ef38 method=net.minecraft.client.renderer.block.model.ItemCameraTransforms.func_181689_a(Lnet/minecraft/client/renderer/block/model/ItemCameraTransforms$TransformType;)V @ 10

Internal exceptions (10 events):
Event: 612.182 Thread 0x0000000022519000 Exception <a 'java/lang/InterruptedException': sleep interrupted> (0x000000072c800e48) thrown at [D:\re\workspace\8-2-build-windows-amd64-cygwin\jdk8u25\1677\hotspot\src\share\vm\prims\jvm.cpp, line 3141]
Event: 612.200 Thread 0x0000000022519000 Exception <a 'java/lang/InterruptedException': sleep interrupted> (0x000000072c801048) thrown at [D:\re\workspace\8-2-build-windows-amd64-cygwin\jdk8u25\1677\hotspot\src\share\vm\prims\jvm.cpp, line 3141]
Event: 612.215 Thread 0x0000000022519000 Exception <a 'java/lang/InterruptedException': sleep interrupted> (0x000000072c801248) thrown at [D:\re\workspace\8-2-build-windows-amd64-cygwin\jdk8u25\1677\hotspot\src\share\vm\prims\jvm.cpp, line 3141]
Event: 612.231 Thread 0x0000000022519000 Exception <a 'java/lang/InterruptedException': sleep interrupted> (0x000000072c801448) thrown at [D:\re\workspace\8-2-build-windows-amd64-cygwin\jdk8u25\1677\hotspot\src\share\vm\prims\jvm.cpp, line 3141]
Event: 612.251 Thread 0x0000000022519000 Exception <a 'java/lang/InterruptedException': sleep interrupted> (0x000000072c801648) thrown at [D:\re\workspace\8-2-build-windows-amd64-cygwin\jdk8u25\1677\hotspot\src\share\vm\prims\jvm.cpp, line 3141]
Event: 612.265 Thread 0x0000000022519000 Exception <a 'java/lang/InterruptedException': sleep interrupted> (0x000000072c801848) thrown at [D:\re\workspace\8-2-build-windows-amd64-cygwin\jdk8u25\1677\hotspot\src\share\vm\prims\jvm.cpp, line 3141]
Event: 612.281 Thread 0x0000000022519000 Exception <a 'java/lang/InterruptedException': sleep interrupted> (0x000000072acc0718) thrown at [D:\re\workspace\8-2-build-windows-amd64-cygwin\jdk8u25\1677\hotspot\src\share\vm\prims\jvm.cpp, line 3141]
Event: 612.301 Thread 0x0000000022519000 Exception <a 'java/lang/InterruptedException': sleep interrupted> (0x000000072acc0918) thrown at [D:\re\workspace\8-2-build-windows-amd64-cygwin\jdk8u25\1677\hotspot\src\share\vm\prims\jvm.cpp, line 3141]
Event: 612.315 Thread 0x0000000022519000 Exception <a 'java/lang/InterruptedException': sleep interrupted> (0x000000072acc0b18) thrown at [D:\re\workspace\8-2-build-windows-amd64-cygwin\jdk8u25\1677\hotspot\src\share\vm\prims\jvm.cpp, line 3141]
Event: 612.331 Thread 0x0000000022519000 Exception <a 'java/lang/InterruptedException': sleep interrupted> (0x000000072acc0d18) thrown at [D:\re\workspace\8-2-build-windows-amd64-cygwin\jdk8u25\1677\hotspot\src\share\vm\prims\jvm.cpp, line 3141]

Events (10 events):
Event: 585.546 Thread 0x000000001ffec800 flushing nmethod 0x0000000004e7a110
Event: 586.113 Thread 0x000000001fff2800 flushing nmethod 0x0000000004f04fd0
Event: 586.117 Thread 0x000000001fff2800 flushing nmethod 0x00000000053c3190
Event: 586.118 Thread 0x000000001fff2800 flushing nmethod 0x00000000054f6b10
Event: 592.056 Executing VM operation: G1IncCollectionPause
Event: 592.061 Executing VM operation: G1IncCollectionPause done
Event: 599.488 Executing VM operation: G1IncCollectionPause
Event: 599.492 Executing VM operation: G1IncCollectionPause done
Event: 606.922 Executing VM operation: G1IncCollectionPause
Event: 606.926 Executing VM operation: G1IncCollectionPause done


Dynamic libraries:
0x00007ff72cc00000 - 0x00007ff72cc34000 	C:\Program Files (x86)\Minecraft\runtime\jre-x64\1.8.0_25\bin\javaw.exe
0x00007fff7b8d0000 - 0x00007fff7baa2000 	C:\Windows\SYSTEM32\ntdll.dll
0x00007fff794c0000 - 0x00007fff7956c000 	C:\Windows\System32\KERNEL32.DLL
0x00007fff78220000 - 0x00007fff7843d000 	C:\Windows\System32\KERNELBASE.dll
0x00007fff79570000 - 0x00007fff79612000 	C:\Windows\System32\ADVAPI32.dll
0x00007fff7ad00000 - 0x00007fff7ad9e000 	C:\Windows\System32\msvcrt.dll
0x00007fff79310000 - 0x00007fff79369000 	C:\Windows\System32\sechost.dll
0x00007fff7ae00000 - 0x00007fff7af21000 	C:\Windows\System32\RPCRT4.dll
0x00007fff7b060000 - 0x00007fff7b1c5000 	C:\Windows\System32\USER32.dll
0x00007fff78200000 - 0x00007fff7821e000 	C:\Windows\System32\win32u.dll
0x00007fff79640000 - 0x00007fff79674000 	C:\Windows\System32\GDI32.dll
0x00007fff78440000 - 0x00007fff785c0000 	C:\Windows\System32\gdi32full.dll
0x00007fff66390000 - 0x00007fff6660a000 	C:\Windows\WinSxS\amd64_microsoft.windows.common-controls_6595b64144ccf1df_6.0.14393.953_none_42151e83c686086b\COMCTL32.dll
0x00007fff79040000 - 0x00007fff79308000 	C:\Windows\System32\combase.dll
0x00007fff78d60000 - 0x00007fff78e55000 	C:\Windows\System32\ucrtbase.dll
0x00007fff785c0000 - 0x00007fff7862a000 	C:\Windows\System32\bcryptPrimitives.dll
0x00007fff79010000 - 0x00007fff7903e000 	C:\Windows\System32\IMM32.DLL
0x000000006eec0000 - 0x000000006ef92000 	C:\Program Files (x86)\Minecraft\runtime\jre-x64\1.8.0_25\bin\msvcr100.dll
0x000000006e660000 - 0x000000006eeba000 	C:\Program Files (x86)\Minecraft\runtime\jre-x64\1.8.0_25\bin\server\jvm.dll
0x00007fff79000000 - 0x00007fff79008000 	C:\Windows\System32\PSAPI.DLL
0x00007fff62460000 - 0x00007fff62469000 	C:\Windows\SYSTEM32\WSOCK32.dll
0x00007fff76350000 - 0x00007fff76373000 	C:\Windows\SYSTEM32\WINMM.dll
0x00007fff7abf0000 - 0x00007fff7ac5a000 	C:\Windows\System32\WS2_32.dll
0x00007fff762f0000 - 0x00007fff7631b000 	C:\Windows\SYSTEM32\WINMMBASE.dll
0x00007fff78630000 - 0x00007fff78672000 	C:\Windows\System32\cfgmgr32.dll
0x000000006e650000 - 0x000000006e65f000 	C:\Program Files (x86)\Minecraft\runtime\jre-x64\1.8.0_25\bin\verify.dll
0x000000006e620000 - 0x000000006e648000 	C:\Program Files (x86)\Minecraft\runtime\jre-x64\1.8.0_25\bin\java.dll
0x000000006e600000 - 0x000000006e616000 	C:\Program Files (x86)\Minecraft\runtime\jre-x64\1.8.0_25\bin\zip.dll
0x00007fff796e0000 - 0x00007fff7abe8000 	C:\Windows\System32\SHELL32.dll
0x00007fff78680000 - 0x00007fff78d58000 	C:\Windows\System32\windows.storage.dll
0x00007fff77d80000 - 0x00007fff77dcc000 	C:\Windows\System32\powrprof.dll
0x00007fff7aff0000 - 0x00007fff7b042000 	C:\Windows\System32\shlwapi.dll
0x00007fff77d70000 - 0x00007fff77d7f000 	C:\Windows\System32\kernel.appcore.dll
0x00007fff780f0000 - 0x00007fff78199000 	C:\Windows\System32\shcore.dll
0x00007fff77d50000 - 0x00007fff77d64000 	C:\Windows\System32\profapi.dll
0x000000006e5f0000 - 0x000000006e5fd000 	C:\Program Files (x86)\Minecraft\runtime\jre-x64\1.8.0_25\bin\management.dll
0x000000006e5d0000 - 0x000000006e5ea000 	C:\Program Files (x86)\Minecraft\runtime\jre-x64\1.8.0_25\bin\net.dll
0x00007fff77670000 - 0x00007fff776cc000 	C:\Windows\system32\mswsock.dll
0x000000006e5b0000 - 0x000000006e5c1000 	C:\Program Files (x86)\Minecraft\runtime\jre-x64\1.8.0_25\bin\nio.dll
0x00007fff77810000 - 0x00007fff77827000 	C:\Windows\SYSTEM32\CRYPTSP.dll
0x00007fff77210000 - 0x00007fff77243000 	C:\Windows\system32\rsaenh.dll
0x00007fff77920000 - 0x00007fff7794b000 	C:\Windows\SYSTEM32\bcrypt.dll
0x00007fff774f0000 - 0x00007fff7750f000 	C:\Windows\SYSTEM32\USERENV.dll
0x00007fff77830000 - 0x00007fff7783b000 	C:\Windows\SYSTEM32\CRYPTBASE.dll
0x00007fff773f0000 - 0x00007fff77428000 	C:\Windows\SYSTEM32\IPHLPAPI.DLL
0x00007fff7b050000 - 0x00007fff7b058000 	C:\Windows\System32\NSI.dll
0x00007fff73aa0000 - 0x00007fff73ab6000 	C:\Windows\SYSTEM32\dhcpcsvc6.DLL
0x00007fff73a20000 - 0x00007fff73a3a000 	C:\Windows\SYSTEM32\dhcpcsvc.DLL
0x00007fff751b0000 - 0x00007fff751ba000 	C:\Users\Boweeton\AppData\Local\Temp\jansi-64-7207797056087223125.dll
0x00007fff60e90000 - 0x00007fff60ea6000 	C:\Windows\system32\napinsp.dll
0x00007fff5fa90000 - 0x00007fff5faaa000 	C:\Windows\system32\pnrpnsp.dll
0x00007fff75c00000 - 0x00007fff75c18000 	C:\Windows\system32\NLAapi.dll
0x00007fff77430000 - 0x00007fff774d1000 	C:\Windows\SYSTEM32\DNSAPI.dll
0x00007fff60ee0000 - 0x00007fff60eee000 	C:\Windows\System32\winrnr.dll
0x00007fff60ef0000 - 0x00007fff60f05000 	C:\Windows\System32\wshbth.dll
0x0000000070940000 - 0x0000000070966000 	C:\Program Files\Bonjour\mdnsNSP.dll
0x00007fff71930000 - 0x00007fff7193a000 	C:\Windows\System32\rasadhlp.dll
0x00007fff734b0000 - 0x00007fff7351a000 	C:\Windows\System32\fwpuclnt.dll
0x000000006e590000 - 0x000000006e5a7000 	C:\Program Files (x86)\Minecraft\runtime\jre-x64\1.8.0_25\bin\unpack.dll
0x0000000180000000 - 0x0000000180053000 	C:\Users\Boweeton\AppData\Local\Temp\62c8-5ef5-1110-6013\lwjgl64.dll
0x00007fff71970000 - 0x00007fff7197a000 	C:\Windows\SYSTEM32\VERSION.dll
0x00007fff55900000 - 0x00007fff55a23000 	C:\Windows\SYSTEM32\OPENGL32.dll
0x00007fff55ec0000 - 0x00007fff55eed000 	C:\Windows\SYSTEM32\GLU32.dll
0x00007fff55560000 - 0x00007fff55657000 	C:\Windows\SYSTEM32\DDRAW.dll
0x00007fff55eb0000 - 0x00007fff55eb8000 	C:\Windows\SYSTEM32\DCIMAN32.dll
0x000000006e3f0000 - 0x000000006e588000 	C:\Program Files (x86)\Minecraft\runtime\jre-x64\1.8.0_25\bin\awt.dll
0x00007fff7af30000 - 0x00007fff7afef000 	C:\Windows\System32\OLEAUT32.dll
0x00007fff77dd0000 - 0x00007fff77e6c000 	C:\Windows\System32\msvcp_win.dll
0x00007fff76240000 - 0x00007fff762ba000 	C:\Windows\SYSTEM32\apphelp.dll
0x00007fff765a0000 - 0x00007fff76635000 	C:\Windows\system32\uxtheme.dll
0x00007fff7b240000 - 0x00007fff7b39a000 	C:\Windows\System32\MSCTF.dll
0x00007fff75ba0000 - 0x00007fff75bc6000 	C:\Windows\system32\dwmapi.dll
0x00007fff45ac0000 - 0x00007fff46807000 	C:\Windows\System32\DriverStore\FileRepository\igdlh64.inf_amd64_43155d58ecd36b2e\ig9icd64.dll
0x00007fff75660000 - 0x00007fff75673000 	C:\Windows\SYSTEM32\WTSAPI32.dll
0x00007fff5df10000 - 0x00007fff5dfa1000 	C:\Windows\SYSTEM32\mscms.dll
0x00007fff64a10000 - 0x00007fff64a52000 	C:\Windows\SYSTEM32\icm32.dll
0x00007fff70730000 - 0x00007fff7188c000 	C:\Windows\System32\DriverStore\FileRepository\igdlh64.inf_amd64_43155d58ecd36b2e\igc64.dll
0x0000000003010000 - 0x0000000003048000 	C:\Users\Boweeton\AppData\Local\Temp\jna\jna3938272005815490971.dll
0x000000006e3c0000 - 0x000000006e3e4000 	C:\Program Files (x86)\Minecraft\runtime\jre-x64\1.8.0_25\bin\sunec.dll
0x0000000023100000 - 0x0000000023164000 	C:\Users\Boweeton\AppData\Local\Temp\62c8-5ef5-1110-6013\OpenAL64.dll
0x00007fff79370000 - 0x00007fff794a8000 	C:\Windows\System32\ole32.dll
0x00007fff7ac60000 - 0x00007fff7acff000 	C:\Windows\System32\clbcatq.dll
0x00007fff736f0000 - 0x00007fff73761000 	C:\Windows\System32\MMDevApi.dll
0x00007fff769f0000 - 0x00007fff76a18000 	C:\Windows\System32\DEVOBJ.dll
0x00007fff758e0000 - 0x00007fff75a65000 	C:\Windows\System32\PROPSYS.dll
0x00007fff4a3c0000 - 0x00007fff4a45b000 	C:\Windows\SYSTEM32\dsound.dll
0x00007fff674a0000 - 0x00007fff67534000 	C:\Windows\SYSTEM32\AUDIOSES.DLL
0x00007fff74f20000 - 0x00007fff75056000 	C:\Windows\SYSTEM32\wintypes.dll
0x00007fff661d0000 - 0x00007fff66362000 	C:\Windows\SYSTEM32\dbghelp.dll

VM Arguments:
jvm_args: -Dos.name=Windows 10 -Dos.version=10.0 -XX:HeapDumpPath=MojangTricksIntelDriversForPerformance_javaw.exe_minecraft.exe.heapdump -Djava.library.path=C:\Users\Boweeton\AppData\Local\Temp\62c8-5ef5-1110-6013 -Dminecraft.launcher.brand=minecraft-launcher -Dminecraft.launcher.version=2.0.1003 -Dminecraft.client.jar=C:\Users\Boweeton\AppData\Roaming\.minecraft\versions\1.8.9\1.8.9.jar -Xmx4G -XX:+UnlockExperimentalVMOptions -XX:+UseG1GC -XX:G1NewSizePercent=20 -XX:G1ReservePercent=20 -XX:MaxGCPauseMillis=50 -XX:G1HeapRegionSize=16M -Dlog4j.configurationFile=C:/Users\Boweeton\AppData\Roaming\.minecraft\assets\log_configs\client-1.7.xml 
java_command: net.minecraft.launchwrapper.Launch --username Boweeton --version 1.8.9-forge1.8.9-11.15.1.1722 --gameDir C:/Users\Boweeton\AppData\Roaming\.minecraft --assetsDir C:/Users\Boweeton\AppData\Roaming\.minecraft/assets --assetIndex 1.8 --uuid e94b3883e7084ae3a7ee7cbd02c84b47 --accessToken b92e43acc36a4d1fa4198ad778ccdb65 --userProperties {} --userType mojang --tweakClass net.minecraftforge.fml.common.launcher.FMLTweaker
java_class_path (initial): C:\Users\Boweeton\AppData\Roaming\.minecraft\libraries\net\minecraftforge\forge\1.8.9-11.15.1.1722\forge-1.8.9-11.15.1.1722.jar;C:\Users\Boweeton\AppData\Roaming\.minecraft\libraries\io\netty\netty-all\4.0.23.Final\netty-all-4.0.23.Final.jar;C:\Users\Boweeton\AppData\Roaming\.minecraft\libraries\net\minecraft\launchwrapper\1.12\launchwrapper-1.12.jar;C:\Users\Boweeton\AppData\Roaming\.minecraft\libraries\org\ow2\asm\asm-all\5.0.3\asm-all-5.0.3.jar;C:\Users\Boweeton\AppData\Roaming\.minecraft\libraries\jline\jline\2.13\jline-2.13.jar;C:\Users\Boweeton\AppData\Roaming\.minecraft\libraries\com\typesafe\akka\akka-actor_2.11\2.3.3\akka-actor_2.11-2.3.3.jar;C:\Users\Boweeton\AppData\Roaming\.minecraft\libraries\com\typesafe\config\1.2.1\config-1.2.1.jar;C:\Users\Boweeton\AppData\Roaming\.minecraft\libraries\org\scala-lang\scala-actors-migration_2.11\1.1.0\scala-actors-migration_2.11-1.1.0.jar;C:\Users\Boweeton\AppData\Roaming\.minecraft\libraries\org\scala-lang\scala-compiler\2.11.1\scala-compiler-2.11.1.jar;C:\Users\Boweeton\AppData\Roaming\.minecraft\libraries\org\scala-lang\plugins\scala-continuations-library_2.11\1.0.2\scala-continuations-library_2.11-1.0.2.jar;C:\Users\Boweeton\AppData\Roaming\.minecraft\libraries\org\scala-lang\plugins\scala-continuations-plugin_2.11.1\1.0.2\scala-continuations-plugin_2.11.1-1.0.2.jar;C:\Users\Boweeton\AppData\Roaming\.minecraft\libraries\org\scala-lang\scala-library\2.11.1\scala-library-2.11.1.jar;C:\Users\Boweeton\AppData\Roaming\.minecraft\libraries\org\scala-lang\scala-parser-combinators_2.11\1.0.1\scala-parser-combinators_2.11-1.0.1.jar;C:\Users\Boweeton\AppData\Roaming\.minecraft\libraries\org\scala-lang\scala-reflect\2.11.1\scala-reflect-2.11.1.jar;C:\Users\Boweeton\AppData\Roaming\.minecraft\libraries\org\scala-lang\scala-swing_2.11\1.0.1\scala-swing_2.11-1.0.1.jar;C:\Users\Boweeton\AppData\Roaming\.minecraft\libraries\org\scala-lang\scala-xml_2.11\1.0.2\scala-xml_2.11-1.0.2.jar;C:\Users\Boweeton
Launcher Type: SUN_STANDARD

Environment Variables:
PATH=C:\ProgramData\Oracle\Java\javapath;C:\Windows\system32;C:\Windows;C:\Windows\System32\Wbem;C:\Windows\System32\WindowsPowerShell\v1.0\;C:\Program Files (x86)\NVIDIA Corporation\PhysX\Common;C:\Users\Boweeton\AppData\Local\Microsoft\WindowsApps;;C:\Program Files (x86)\SSH Communications Security\SSH Secure Shell
USERNAME=Boweeton
OS=Windows_NT
PROCESSOR_IDENTIFIER=Intel64 Family 6 Model 158 Stepping 9, GenuineIntel



---------------  S Y S T E M  ---------------

OS: Windows 8.1 , 64 bit Build 9600 

CPU:total 4 (4 cores per cpu, 1 threads per core) family 6 model 158 stepping 9, cmov, cx8, fxsr, mmx, sse, sse2, sse3, ssse3, sse4.1, sse4.2, popcnt, avx, avx2, aes, clmul, erms, lzcnt, tsc, tscinvbit, bmi1, bmi2

Memory: 4k page, physical 16642276k(7869748k free), swap 19132644k(9060776k free)

vm_info: Java HotSpot(TM) 64-Bit Server VM (25.25-b02) for windows-amd64 JRE (1.8.0_25-b18), built on Oct  7 2014 14:25:37 by "java_re" with MS VC++ 10.0 (VS2010)

time: Sat Jan 27 12:39:17 2018
elapsed time: 612 seconds (0d 0h 10m 12s)

