#
# A fatal error has been detected by the Java Runtime Environment:
#
#  EXCEPTION_ACCESS_VIOLATION (0xc0000005) at pc=0x000000000497f96e, pid=14844, tid=15960
#
# JRE version: Java(TM) SE Runtime Environment (8.0_25-b18) (build 1.8.0_25-b18)
# Java VM: Java HotSpot(TM) 64-Bit Server VM (25.25-b02 mixed mode windows-amd64 compressed oops)
# Problematic frame:
# J 10630 C2 net.minecraft.block.Block.func_180640_a(Lnet/minecraft/world/World;Lnet/minecraft/util/BlockPos;Lnet/minecraft/block/state/IBlockState;)Lnet/minecraft/util/AxisAlignedBB; (68 bytes) @ 0x000000000497f96e [0x000000000497f6e0+0x28e]
#
# Failed to write core dump. Minidumps are not enabled by default on client versions of Windows
#
# If you would like to submit a bug report, please visit:
#   http://bugreport.sun.com/bugreport/crash.jsp
#

---------------  T H R E A D  ---------------

Current thread (0x0000000031de5000):  JavaThread "Server thread" [_thread_in_Java, id=15960, stack(0x0000000047580000,0x0000000047680000)]

siginfo: ExceptionCode=0xc0000005, reading address 0xffffffffffffffff

Registers:
RAX=0x0000000719ec3ed8, RBX=0x00000000256c7e18, RCX=0x00000000f8044a27, RDX=0x00000006c2b27f98
RSP=0x000000004767eab0, RBP=0x0000000719ec3da0, RSI=0x0000000719ec3da0, RDI=0x00000006c2b28b38
R8 =0x0000000000000203, R9 =0x0000000719ec3df8, R10=0x8000000000000000, R11=0x00000000fffffe59
R12=0x0000000000000000, R13=0x00000000e33d87d4, R14=0x0000000000000205, R15=0x0000000031de5000
RIP=0x000000000497f96e, EFLAGS=0x0000000000010246

Top of Stack: (sp=0x000000004767eab0)
0x000000004767eab0:   e33d86fa00000001 00000007c0050840
0x000000004767eac0:   0000000719ec37d0 0000000719ebfdb8
0x000000004767ead0:   00000006cd2d0f48 0000000719ec3df8
0x000000004767eae0:   0000000000000000 00000007c0600588
0x000000004767eaf0:   0000000000000000 0000000004d6e3f0
0x000000004767eb00:   00000000d9b0db15 0000000004d6e3f0
0x000000004767eb10:   00000006c2b28b38 000000000446b730
0x000000004767eb20:   0000000719ec3de0 00000006c2b1ad80
0x000000004767eb30:   00000006cd2d0f48 00000004f80449c9
0x000000004767eb40:   00000006cdabdec8 00000006c2b1cd58
0x000000004767eb50:   0000000719ec3da0 00000007c001af70
0x000000004767eb60:   00000006cd8736f0 0000000719ec3de0
0x000000004767eb70:   0000000600000205 fffffe5afffffe58
0x000000004767eb80:   0000000000000003 00000006cd2d0f48
0x000000004767eb90:   d9b57bd900000203 0000000719ec3df8
0x000000004767eba0:   0000020400000002 fffffe5a00000020 

Instructions: (pc=0x000000000497f96e)
0x000000000497f94e:   10 c5 fb 11 50 18 c5 fb 11 60 20 c5 fb 11 70 28
0x000000000497f95e:   c5 7b 11 48 30 48 83 c4 50 5d 85 05 92 06 a9 fc
0x000000000497f96e:   c3 c5 79 2e 0d 49 fd ff ff 0f 8a 00 ff ff ff 0f
0x000000000497f97e:   85 fa fe ff ff c4 41 f9 7e c8 4d 3b c2 0f 85 ec 


Register to memory mapping:

RAX=
[error occurred during error reporting (printing register info), id 0xc0000005]

Stack: [0x0000000047580000,0x0000000047680000],  sp=0x000000004767eab0,  free space=1018k
Native frames: (J=compiled Java code, j=interpreted, Vv=VM code, C=native code)
C  0x000000000497f96e


---------------  P R O C E S S  ---------------

Java Threads: ( => current thread )
  0x000000003531e800 JavaThread "File IO Thread" [_thread_blocked, id=5568, stack(0x000000004b220000,0x000000004b320000)]
  0x0000000022208000 JavaThread "JM-task-4" [_thread_blocked, id=9208, stack(0x0000000049670000,0x0000000049770000)]
  0x0000000022205000 JavaThread "JM-texture-3" [_thread_blocked, id=15192, stack(0x0000000047d80000,0x0000000047e80000)]
  0x0000000022206800 JavaThread "JM-texture-2" [_thread_blocked, id=15904, stack(0x0000000047c80000,0x0000000047d80000)]
  0x0000000022207800 JavaThread "Chunk I/O Executor Thread-1" daemon [_thread_blocked, id=15972, stack(0x0000000047b80000,0x0000000047c80000)]
  0x0000000022209000 JavaThread "Netty Server IO #1" daemon [_thread_in_native, id=3016, stack(0x0000000047980000,0x0000000047a80000)]
  0x0000000022206000 JavaThread "Netty Local Client IO #0" daemon [_thread_blocked, id=12196, stack(0x0000000047880000,0x0000000047980000)]
  0x000000002220a800 JavaThread "Netty Server IO #0" daemon [_thread_in_native, id=11596, stack(0x0000000047780000,0x0000000047880000)]
=>0x0000000031de5000 JavaThread "Server thread" [_thread_in_Java, id=15960, stack(0x0000000047580000,0x0000000047680000)]
  0x0000000031de4000 JavaThread "Snooper Timer" daemon [_thread_blocked, id=11548, stack(0x0000000047480000,0x0000000047580000)]
  0x0000000031de8800 JavaThread "Netty Client IO #0" daemon [_thread_in_native, id=15784, stack(0x0000000047080000,0x0000000047180000)]
  0x0000000031de6800 JavaThread "Server Pinger #0" daemon [_thread_blocked, id=5888, stack(0x0000000046f80000,0x0000000047080000)]
  0x0000000031de8000 JavaThread "Thread-12" [_thread_blocked, id=7496, stack(0x000000003d6a0000,0x000000003d7a0000)]
  0x0000000031de5800 JavaThread "Thread-11" [_thread_blocked, id=15352, stack(0x000000003d5a0000,0x000000003d6a0000)]
  0x0000000031dea000 JavaThread "Chunk Batcher 1" daemon [_thread_blocked, id=16260, stack(0x0000000037440000,0x0000000037540000)]
  0x000000003548c000 JavaThread "Chunk Batcher 0" daemon [_thread_blocked, id=10428, stack(0x0000000037340000,0x0000000037440000)]
  0x0000000026d9f800 JavaThread "LWJGL Timer" daemon [_thread_blocked, id=15684, stack(0x000000002f550000,0x000000002f650000)]
  0x000000002477b000 JavaThread "Java2D Disposer" daemon [_thread_blocked, id=13780, stack(0x0000000027c10000,0x0000000027d10000)]
  0x0000000023d3f800 JavaThread "Timer hack thread" daemon [_thread_blocked, id=4568, stack(0x00000000268a0000,0x00000000269a0000)]
  0x0000000023481000 JavaThread "Snooper Timer" daemon [_thread_blocked, id=14480, stack(0x0000000024140000,0x0000000024240000)]
  0x000000001fdc9800 JavaThread "Service Thread" daemon [_thread_blocked, id=4592, stack(0x00000000206e0000,0x00000000207e0000)]
  0x0000000002efa000 JavaThread "C1 CompilerThread2" daemon [_thread_blocked, id=10556, stack(0x00000000205e0000,0x00000000206e0000)]
  0x000000001fd56000 JavaThread "C2 CompilerThread1" daemon [_thread_blocked, id=15600, stack(0x00000000204e0000,0x00000000205e0000)]
  0x000000001fd52000 JavaThread "C2 CompilerThread0" daemon [_thread_blocked, id=15128, stack(0x00000000203e0000,0x00000000204e0000)]
  0x000000001fd50800 JavaThread "Attach Listener" daemon [_thread_blocked, id=16048, stack(0x00000000202e0000,0x00000000203e0000)]
  0x000000001fd4d800 JavaThread "Signal Dispatcher" daemon [_thread_blocked, id=16044, stack(0x00000000201e0000,0x00000000202e0000)]
  0x000000001fd4d000 JavaThread "Surrogate Locker Thread (Concurrent GC)" daemon [_thread_blocked, id=15912, stack(0x00000000200e0000,0x00000000201e0000)]
  0x000000001fd41000 JavaThread "Finalizer" daemon [_thread_blocked, id=15876, stack(0x000000001ffe0000,0x00000000200e0000)]
  0x000000001fd40800 JavaThread "Reference Handler" daemon [_thread_blocked, id=15380, stack(0x000000001fee0000,0x000000001ffe0000)]
  0x0000000002e03800 JavaThread "Client thread" [_thread_in_native, id=16004, stack(0x0000000002c10000,0x0000000002d10000)]

Other Threads:
  0x0000000002ed9800 VMThread [stack: 0x000000001fde0000,0x000000001fee0000] [id=16352]
  0x00000000207e8800 WatcherThread [stack: 0x0000000020be0000,0x0000000020ce0000] [id=14664]

VM state:not at safepoint (normal execution)

VM Mutex/Monitor currently owned by a thread: None

Heap:
 garbage-first heap   total 2752512K, used 1823790K [0x00000006c0000000, 0x0000000768000000, 0x00000007c0000000)
  region size 16384K, 80 young (1310720K), 1 survivors (16384K)
 Metaspace       used 53584K, capacity 54141K, committed 54616K, reserved 1097728K
  class space    used 6489K, capacity 6665K, committed 6784K, reserved 1048576K

Heap Regions: (Y=young(eden), SU=young(survivor), HS=humongous(starts), HC=humongous(continues), CS=collection set, F=free, TS=gc time stamp, PTAMS=previous top-at-mark-start, NTAMS=next top-at-mark-start)
            TS     0 PTAMS 0x00000006c0ffffe8 NTAMS 0x00000006c0ffffe8 space 16384K,  99% used [0x00000006c0000000, 0x00000006c0ffffe8, 0x00000006c1000000)
            TS     0 PTAMS 0x00000006c1fffff0 NTAMS 0x00000006c1fffff0 space 16384K,  99% used [0x00000006c1000000, 0x00000006c1fffff0, 0x00000006c2000000)
            TS     0 PTAMS 0x00000006c2ffebc0 NTAMS 0x00000006c2ffebc0 space 16384K,  99% used [0x00000006c2000000, 0x00000006c2ffebc0, 0x00000006c3000000)
            TS     0 PTAMS 0x00000006c3ffffb8 NTAMS 0x00000006c3ffffb8 space 16384K,  99% used [0x00000006c3000000, 0x00000006c3ffffb8, 0x00000006c4000000)
            TS     0 PTAMS 0x00000006c4fffff0 NTAMS 0x00000006c4fffff0 space 16384K,  99% used [0x00000006c4000000, 0x00000006c4fffff0, 0x00000006c5000000)
            TS     0 PTAMS 0x00000006c5fdc970 NTAMS 0x00000006c5fdc970 space 16384K,  99% used [0x00000006c5000000, 0x00000006c5fdc970, 0x00000006c6000000)
 HS         TS     0 PTAMS 0x00000006c6a00010 NTAMS 0x00000006c6a00010 space 16384K,  62% used [0x00000006c6000000, 0x00000006c6a00010, 0x00000006c7000000)
            TS     0 PTAMS 0x00000006c7ffc5f0 NTAMS 0x00000006c7ffc5f0 space 16384K,  99% used [0x00000006c7000000, 0x00000006c7ffc5f0, 0x00000006c8000000)
            TS     0 PTAMS 0x00000006c8fffff8 NTAMS 0x00000006c8fffff8 space 16384K,  99% used [0x00000006c8000000, 0x00000006c8fffff8, 0x00000006c9000000)
            TS     0 PTAMS 0x00000006c9ff6ac0 NTAMS 0x00000006c9ff6ac0 space 16384K,  99% used [0x00000006c9000000, 0x00000006c9ff6ac0, 0x00000006ca000000)
            TS     0 PTAMS 0x00000006cb000000 NTAMS 0x00000006cb000000 space 16384K, 100% used [0x00000006ca000000, 0x00000006cb000000, 0x00000006cb000000)
            TS     0 PTAMS 0x00000006cc000000 NTAMS 0x00000006cc000000 space 16384K, 100% used [0x00000006cb000000, 0x00000006cc000000, 0x00000006cc000000)
            TS     0 PTAMS 0x00000006ccfffff0 NTAMS 0x00000006ccfffff0 space 16384K,  99% used [0x00000006cc000000, 0x00000006ccfffff0, 0x00000006cd000000)
            TS     0 PTAMS 0x00000006cdffffe8 NTAMS 0x00000006cdffffe8 space 16384K,  99% used [0x00000006cd000000, 0x00000006cdffffe8, 0x00000006ce000000)
            TS     0 PTAMS 0x00000006ce516d78 NTAMS 0x00000006ce516d78 space 16384K,  31% used [0x00000006ce000000, 0x00000006ce516d78, 0x00000006cf000000)
            TS    31 PTAMS 0x00000006cf000000 NTAMS 0x00000006cf000000 space 16384K, 100% used [0x00000006cf000000, 0x00000006d0000000, 0x00000006d0000000)
            TS    33 PTAMS 0x00000006d0000000 NTAMS 0x00000006d0000000 space 16384K, 100% used [0x00000006d0000000, 0x00000006d1000000, 0x00000006d1000000)
            TS    33 PTAMS 0x00000006d1000000 NTAMS 0x00000006d1000000 space 16384K, 100% used [0x00000006d1000000, 0x00000006d2000000, 0x00000006d2000000)
            TS    35 PTAMS 0x00000006d2000000 NTAMS 0x00000006d2000000 space 16384K, 100% used [0x00000006d2000000, 0x00000006d3000000, 0x00000006d3000000)
            TS    59 PTAMS 0x00000006d3000000 NTAMS 0x00000006d3000000 space 16384K,  62% used [0x00000006d3000000, 0x00000006d3a0f180, 0x00000006d4000000)
 HS         TS     0 PTAMS 0x00000006d4000000 NTAMS 0x00000006d4000000 space 32768K,  50% used [0x00000006d4000000, 0x00000006d5000010, 0x00000006d6000000)
 HC         TS     0 PTAMS 0x00000006d5000000 NTAMS 0x00000006d5000000 space 16384K,   0% used [0x00000006d5000000, 0x00000006d5000010, 0x00000006d6000000)
 HS         TS     0 PTAMS 0x00000006d6000000 NTAMS 0x00000006d6000000 space 32768K,  50% used [0x00000006d6000000, 0x00000006d7000010, 0x00000006d8000000)
 HC         TS     0 PTAMS 0x00000006d7000000 NTAMS 0x00000006d7000000 space 16384K,   0% used [0x00000006d7000000, 0x00000006d7000010, 0x00000006d8000000)
 HS         TS     0 PTAMS 0x00000006d8000000 NTAMS 0x00000006d8000000 space 32768K,  50% used [0x00000006d8000000, 0x00000006d9000010, 0x00000006da000000)
 HC         TS     0 PTAMS 0x00000006d9000000 NTAMS 0x00000006d9000000 space 16384K,   0% used [0x00000006d9000000, 0x00000006d9000010, 0x00000006da000000)
 HS         TS     0 PTAMS 0x00000006da000000 NTAMS 0x00000006da000000 space 32768K,  50% used [0x00000006da000000, 0x00000006db000010, 0x00000006dc000000)
 HC         TS     0 PTAMS 0x00000006db000000 NTAMS 0x00000006db000000 space 16384K,   0% used [0x00000006db000000, 0x00000006db000010, 0x00000006dc000000)
          F TS     0 PTAMS 0x00000006dc000000 NTAMS 0x00000006dc000000 space 16384K,   0% used [0x00000006dc000000, 0x00000006dc000000, 0x00000006dd000000)
          F TS     3 PTAMS 0x00000006dd000000 NTAMS 0x00000006dd000000 space 16384K,   0% used [0x00000006dd000000, 0x00000006dd000000, 0x00000006de000000)
          F TS     3 PTAMS 0x00000006de000000 NTAMS 0x00000006de000000 space 16384K,   0% used [0x00000006de000000, 0x00000006de000000, 0x00000006df000000)
 HS         TS     1 PTAMS 0x00000006df000000 NTAMS 0x00000006df000000 space 32768K,  50% used [0x00000006df000000, 0x00000006e0000010, 0x00000006e1000000)
 HC         TS     1 PTAMS 0x00000006e0000000 NTAMS 0x00000006e0000000 space 16384K,   0% used [0x00000006e0000000, 0x00000006e0000010, 0x00000006e1000000)
 HS         TS     1 PTAMS 0x00000006e1000000 NTAMS 0x00000006e1000000 space 32768K,  50% used [0x00000006e1000000, 0x00000006e2000010, 0x00000006e3000000)
 HC         TS     1 PTAMS 0x00000006e2000000 NTAMS 0x00000006e2000000 space 16384K,   0% used [0x00000006e2000000, 0x00000006e2000010, 0x00000006e3000000)
 HS         TS     1 PTAMS 0x00000006e3000000 NTAMS 0x00000006e3000000 space 32768K,  50% used [0x00000006e3000000, 0x00000006e4000010, 0x00000006e5000000)
 HC         TS     1 PTAMS 0x00000006e4000000 NTAMS 0x00000006e4000000 space 16384K,   0% used [0x00000006e4000000, 0x00000006e4000010, 0x00000006e5000000)
 HS         TS     1 PTAMS 0x00000006e5000000 NTAMS 0x00000006e5000000 space 32768K,  50% used [0x00000006e5000000, 0x00000006e6000010, 0x00000006e7000000)
 HC         TS     1 PTAMS 0x00000006e6000000 NTAMS 0x00000006e6000000 space 16384K,   0% used [0x00000006e6000000, 0x00000006e6000010, 0x00000006e7000000)
          F TS     5 PTAMS 0x00000006e7000000 NTAMS 0x00000006e7000000 space 16384K,   0% used [0x00000006e7000000, 0x00000006e7000000, 0x00000006e8000000)
          F TS     5 PTAMS 0x00000006e8000000 NTAMS 0x00000006e8000000 space 16384K,   0% used [0x00000006e8000000, 0x00000006e8000000, 0x00000006e9000000)
          F TS     5 PTAMS 0x00000006e9000000 NTAMS 0x00000006e9000000 space 16384K,   0% used [0x00000006e9000000, 0x00000006e9000000, 0x00000006ea000000)
          F TS     5 PTAMS 0x00000006ea000000 NTAMS 0x00000006ea000000 space 16384K,   0% used [0x00000006ea000000, 0x00000006ea000000, 0x00000006eb000000)
          F TS     5 PTAMS 0x00000006eb000000 NTAMS 0x00000006eb000000 space 16384K,   0% used [0x00000006eb000000, 0x00000006eb000000, 0x00000006ec000000)
 HS         TS     3 PTAMS 0x00000006ec000000 NTAMS 0x00000006ec000000 space 32768K,  50% used [0x00000006ec000000, 0x00000006ed000010, 0x00000006ee000000)
 HC         TS     3 PTAMS 0x00000006ed000000 NTAMS 0x00000006ed000000 space 16384K,   0% used [0x00000006ed000000, 0x00000006ed000010, 0x00000006ee000000)
 HS         TS     3 PTAMS 0x00000006ee000000 NTAMS 0x00000006ee000000 space 32768K,  50% used [0x00000006ee000000, 0x00000006ef000010, 0x00000006f0000000)
 HC         TS     3 PTAMS 0x00000006ef000000 NTAMS 0x00000006ef000000 space 16384K,   0% used [0x00000006ef000000, 0x00000006ef000010, 0x00000006f0000000)
 HS         TS     3 PTAMS 0x00000006f0000000 NTAMS 0x00000006f0000000 space 32768K,  50% used [0x00000006f0000000, 0x00000006f1000010, 0x00000006f2000000)
 HC         TS     3 PTAMS 0x00000006f1000000 NTAMS 0x00000006f1000000 space 16384K,   0% used [0x00000006f1000000, 0x00000006f1000010, 0x00000006f2000000)
 HS         TS     3 PTAMS 0x00000006f2000000 NTAMS 0x00000006f2000000 space 32768K,  50% used [0x00000006f2000000, 0x00000006f3000010, 0x00000006f4000000)
 HC         TS     3 PTAMS 0x00000006f3000000 NTAMS 0x00000006f3000000 space 16384K,   0% used [0x00000006f3000000, 0x00000006f3000010, 0x00000006f4000000)
 HS         TS     3 PTAMS 0x00000006f4000000 NTAMS 0x00000006f4000000 space 32768K,  50% used [0x00000006f4000000, 0x00000006f5000010, 0x00000006f6000000)
 HC         TS     3 PTAMS 0x00000006f5000000 NTAMS 0x00000006f5000000 space 16384K,   0% used [0x00000006f5000000, 0x00000006f5000010, 0x00000006f6000000)
 HS         TS     3 PTAMS 0x00000006f6000000 NTAMS 0x00000006f6000000 space 32768K,  50% used [0x00000006f6000000, 0x00000006f7000010, 0x00000006f8000000)
 HC         TS     3 PTAMS 0x00000006f7000000 NTAMS 0x00000006f7000000 space 16384K,   0% used [0x00000006f7000000, 0x00000006f7000010, 0x00000006f8000000)
          F TS     3 PTAMS 0x00000006f8000000 NTAMS 0x00000006f8000000 space 16384K,   0% used [0x00000006f8000000, 0x00000006f8000000, 0x00000006f9000000)
          F TS     3 PTAMS 0x00000006f9000000 NTAMS 0x00000006f9000000 space 16384K,   0% used [0x00000006f9000000, 0x00000006f9000000, 0x00000006fa000000)
          F TS     3 PTAMS 0x00000006fa000000 NTAMS 0x00000006fa000000 space 16384K,   0% used [0x00000006fa000000, 0x00000006fa000000, 0x00000006fb000000)
          F TS     7 PTAMS 0x00000006fb000000 NTAMS 0x00000006fb000000 space 16384K,   0% used [0x00000006fb000000, 0x00000006fb000000, 0x00000006fc000000)
          F TS     7 PTAMS 0x00000006fc000000 NTAMS 0x00000006fc000000 space 16384K,   0% used [0x00000006fc000000, 0x00000006fc000000, 0x00000006fd000000)
          F TS     7 PTAMS 0x00000006fd000000 NTAMS 0x00000006fd000000 space 16384K,   0% used [0x00000006fd000000, 0x00000006fd000000, 0x00000006fe000000)
          F TS     7 PTAMS 0x00000006fe000000 NTAMS 0x00000006fe000000 space 16384K,   0% used [0x00000006fe000000, 0x00000006fe000000, 0x00000006ff000000)
          F TS     7 PTAMS 0x00000006ff000000 NTAMS 0x00000006ff000000 space 16384K,   0% used [0x00000006ff000000, 0x00000006ff000000, 0x0000000700000000)
          F TS     7 PTAMS 0x0000000700000000 NTAMS 0x0000000700000000 space 16384K,   0% used [0x0000000700000000, 0x0000000700000000, 0x0000000701000000)
          F TS     5 PTAMS 0x0000000701000000 NTAMS 0x0000000701000000 space 16384K,   0% used [0x0000000701000000, 0x0000000701000000, 0x0000000702000000)
          F TS     5 PTAMS 0x0000000702000000 NTAMS 0x0000000702000000 space 16384K,   0% used [0x0000000702000000, 0x0000000702000000, 0x0000000703000000)
          F TS    13 PTAMS 0x0000000703000000 NTAMS 0x0000000703000000 space 16384K,   0% used [0x0000000703000000, 0x0000000703000000, 0x0000000704000000)
          F TS    13 PTAMS 0x0000000704000000 NTAMS 0x0000000704000000 space 16384K,   0% used [0x0000000704000000, 0x0000000704000000, 0x0000000705000000)
          F TS    13 PTAMS 0x0000000705000000 NTAMS 0x0000000705000000 space 16384K,   0% used [0x0000000705000000, 0x0000000705000000, 0x0000000706000000)
          F TS    13 PTAMS 0x0000000706000000 NTAMS 0x0000000706000000 space 16384K,   0% used [0x0000000706000000, 0x0000000706000000, 0x0000000707000000)
          F TS    17 PTAMS 0x0000000707000000 NTAMS 0x0000000707000000 space 16384K,   0% used [0x0000000707000000, 0x0000000707000000, 0x0000000708000000)
          F TS    21 PTAMS 0x0000000708000000 NTAMS 0x0000000708000000 space 16384K,   0% used [0x0000000708000000, 0x0000000708000000, 0x0000000709000000)
          F TS    21 PTAMS 0x0000000709000000 NTAMS 0x0000000709000000 space 16384K,   0% used [0x0000000709000000, 0x0000000709000000, 0x000000070a000000)
          F TS    21 PTAMS 0x000000070a000000 NTAMS 0x000000070a000000 space 16384K,   0% used [0x000000070a000000, 0x000000070a000000, 0x000000070b000000)
          F TS    27 PTAMS 0x000000070b000000 NTAMS 0x000000070b000000 space 16384K,   0% used [0x000000070b000000, 0x000000070b000000, 0x000000070c000000)
          F TS    33 PTAMS 0x000000070c000000 NTAMS 0x000000070c000000 space 16384K,   0% used [0x000000070c000000, 0x000000070c000000, 0x000000070d000000)
          F TS    31 PTAMS 0x000000070d000000 NTAMS 0x000000070d000000 space 16384K,   0% used [0x000000070d000000, 0x000000070d000000, 0x000000070e000000)
          F TS    33 PTAMS 0x000000070e000000 NTAMS 0x000000070e000000 space 16384K,   0% used [0x000000070e000000, 0x000000070e000000, 0x000000070f000000)
          F TS    33 PTAMS 0x000000070f000000 NTAMS 0x000000070f000000 space 16384K,   0% used [0x000000070f000000, 0x000000070f000000, 0x0000000710000000)
          F TS    33 PTAMS 0x0000000710000000 NTAMS 0x0000000710000000 space 16384K,   0% used [0x0000000710000000, 0x0000000710000000, 0x0000000711000000)
          F TS    37 PTAMS 0x0000000711000000 NTAMS 0x0000000711000000 space 16384K,   0% used [0x0000000711000000, 0x0000000711000000, 0x0000000712000000)
    CS SU   TS    59 PTAMS 0x0000000712000000 NTAMS 0x0000000712000000 space 16384K,  75% used [0x0000000712000000, 0x0000000712c17420, 0x0000000713000000)
          F TS    59 PTAMS 0x0000000713000000 NTAMS 0x0000000713000000 space 16384K,   0% used [0x0000000713000000, 0x0000000713000000, 0x0000000714000000)
          F TS    59 PTAMS 0x0000000714000000 NTAMS 0x0000000714000000 space 16384K,   0% used [0x0000000714000000, 0x0000000714000000, 0x0000000715000000)
          F TS    59 PTAMS 0x0000000715000000 NTAMS 0x0000000715000000 space 16384K,   0% used [0x0000000715000000, 0x0000000715000000, 0x0000000716000000)
          F TS    59 PTAMS 0x0000000716000000 NTAMS 0x0000000716000000 space 16384K,   0% used [0x0000000716000000, 0x0000000716000000, 0x0000000717000000)
          F TS    59 PTAMS 0x0000000717000000 NTAMS 0x0000000717000000 space 16384K,   0% used [0x0000000717000000, 0x0000000717000000, 0x0000000718000000)
          F TS    59 PTAMS 0x0000000718000000 NTAMS 0x0000000718000000 space 16384K,   0% used [0x0000000718000000, 0x0000000718000000, 0x0000000719000000)
       Y    TS    59 PTAMS 0x0000000719000000 NTAMS 0x0000000719000000 space 16384K, 100% used [0x0000000719000000, 0x000000071a000000, 0x000000071a000000)
    CS Y    TS    59 PTAMS 0x000000071a000000 NTAMS 0x000000071a000000 space 16384K, 100% used [0x000000071a000000, 0x000000071b000000, 0x000000071b000000)
    CS Y    TS    59 PTAMS 0x000000071b000000 NTAMS 0x000000071b000000 space 16384K, 100% used [0x000000071b000000, 0x000000071c000000, 0x000000071c000000)
    CS Y    TS    59 PTAMS 0x000000071c000000 NTAMS 0x000000071c000000 space 16384K, 100% used [0x000000071c000000, 0x000000071d000000, 0x000000071d000000)
    CS Y    TS    59 PTAMS 0x000000071d000000 NTAMS 0x000000071d000000 space 16384K, 100% used [0x000000071d000000, 0x000000071e000000, 0x000000071e000000)
    CS Y    TS    59 PTAMS 0x000000071e000000 NTAMS 0x000000071e000000 space 16384K, 100% used [0x000000071e000000, 0x000000071f000000, 0x000000071f000000)
    CS Y    TS    59 PTAMS 0x000000071f000000 NTAMS 0x000000071f000000 space 16384K, 100% used [0x000000071f000000, 0x0000000720000000, 0x0000000720000000)
    CS Y    TS    59 PTAMS 0x0000000720000000 NTAMS 0x0000000720000000 space 16384K, 100% used [0x0000000720000000, 0x0000000721000000, 0x0000000721000000)
    CS Y    TS    59 PTAMS 0x0000000721000000 NTAMS 0x0000000721000000 space 16384K, 100% used [0x0000000721000000, 0x0000000722000000, 0x0000000722000000)
    CS Y    TS    59 PTAMS 0x0000000722000000 NTAMS 0x0000000722000000 space 16384K, 100% used [0x0000000722000000, 0x0000000723000000, 0x0000000723000000)
    CS Y    TS    59 PTAMS 0x0000000723000000 NTAMS 0x0000000723000000 space 16384K, 100% used [0x0000000723000000, 0x0000000724000000, 0x0000000724000000)
    CS Y    TS    59 PTAMS 0x0000000724000000 NTAMS 0x0000000724000000 space 16384K, 100% used [0x0000000724000000, 0x0000000725000000, 0x0000000725000000)
    CS Y    TS    59 PTAMS 0x0000000725000000 NTAMS 0x0000000725000000 space 16384K, 100% used [0x0000000725000000, 0x0000000726000000, 0x0000000726000000)
    CS Y    TS    59 PTAMS 0x0000000726000000 NTAMS 0x0000000726000000 space 16384K, 100% used [0x0000000726000000, 0x0000000727000000, 0x0000000727000000)
    CS Y    TS    59 PTAMS 0x0000000727000000 NTAMS 0x0000000727000000 space 16384K, 100% used [0x0000000727000000, 0x0000000728000000, 0x0000000728000000)
    CS Y    TS    59 PTAMS 0x0000000728000000 NTAMS 0x0000000728000000 space 16384K, 100% used [0x0000000728000000, 0x0000000729000000, 0x0000000729000000)
    CS Y    TS    59 PTAMS 0x0000000729000000 NTAMS 0x0000000729000000 space 16384K, 100% used [0x0000000729000000, 0x000000072a000000, 0x000000072a000000)
    CS Y    TS    59 PTAMS 0x000000072a000000 NTAMS 0x000000072a000000 space 16384K, 100% used [0x000000072a000000, 0x000000072b000000, 0x000000072b000000)
    CS Y    TS    59 PTAMS 0x000000072b000000 NTAMS 0x000000072b000000 space 16384K, 100% used [0x000000072b000000, 0x000000072c000000, 0x000000072c000000)
    CS Y    TS    59 PTAMS 0x000000072c000000 NTAMS 0x000000072c000000 space 16384K, 100% used [0x000000072c000000, 0x000000072d000000, 0x000000072d000000)
    CS Y    TS    59 PTAMS 0x000000072d000000 NTAMS 0x000000072d000000 space 16384K, 100% used [0x000000072d000000, 0x000000072e000000, 0x000000072e000000)
    CS Y    TS    59 PTAMS 0x000000072e000000 NTAMS 0x000000072e000000 space 16384K, 100% used [0x000000072e000000, 0x000000072f000000, 0x000000072f000000)
    CS Y    TS    59 PTAMS 0x000000072f000000 NTAMS 0x000000072f000000 space 16384K, 100% used [0x000000072f000000, 0x0000000730000000, 0x0000000730000000)
    CS Y    TS    59 PTAMS 0x0000000730000000 NTAMS 0x0000000730000000 space 16384K, 100% used [0x0000000730000000, 0x0000000731000000, 0x0000000731000000)
    CS Y    TS    59 PTAMS 0x0000000731000000 NTAMS 0x0000000731000000 space 16384K, 100% used [0x0000000731000000, 0x0000000732000000, 0x0000000732000000)
    CS Y    TS    59 PTAMS 0x0000000732000000 NTAMS 0x0000000732000000 space 16384K, 100% used [0x0000000732000000, 0x0000000733000000, 0x0000000733000000)
    CS Y    TS    59 PTAMS 0x0000000733000000 NTAMS 0x0000000733000000 space 16384K, 100% used [0x0000000733000000, 0x0000000734000000, 0x0000000734000000)
    CS Y    TS    59 PTAMS 0x0000000734000000 NTAMS 0x0000000734000000 space 16384K, 100% used [0x0000000734000000, 0x0000000735000000, 0x0000000735000000)
    CS Y    TS    59 PTAMS 0x0000000735000000 NTAMS 0x0000000735000000 space 16384K, 100% used [0x0000000735000000, 0x0000000736000000, 0x0000000736000000)
    CS Y    TS    59 PTAMS 0x0000000736000000 NTAMS 0x0000000736000000 space 16384K, 100% used [0x0000000736000000, 0x0000000737000000, 0x0000000737000000)
    CS Y    TS    59 PTAMS 0x0000000737000000 NTAMS 0x0000000737000000 space 16384K, 100% used [0x0000000737000000, 0x0000000738000000, 0x0000000738000000)
    CS Y    TS    59 PTAMS 0x0000000738000000 NTAMS 0x0000000738000000 space 16384K, 100% used [0x0000000738000000, 0x0000000739000000, 0x0000000739000000)
    CS Y    TS    59 PTAMS 0x0000000739000000 NTAMS 0x0000000739000000 space 16384K, 100% used [0x0000000739000000, 0x000000073a000000, 0x000000073a000000)
    CS Y    TS    59 PTAMS 0x000000073a000000 NTAMS 0x000000073a000000 space 16384K, 100% used [0x000000073a000000, 0x000000073b000000, 0x000000073b000000)
    CS Y    TS    59 PTAMS 0x000000073b000000 NTAMS 0x000000073b000000 space 16384K, 100% used [0x000000073b000000, 0x000000073c000000, 0x000000073c000000)
    CS Y    TS    59 PTAMS 0x000000073c000000 NTAMS 0x000000073c000000 space 16384K, 100% used [0x000000073c000000, 0x000000073d000000, 0x000000073d000000)
    CS Y    TS    59 PTAMS 0x000000073d000000 NTAMS 0x000000073d000000 space 16384K, 100% used [0x000000073d000000, 0x000000073e000000, 0x000000073e000000)
    CS Y    TS    59 PTAMS 0x000000073e000000 NTAMS 0x000000073e000000 space 16384K, 100% used [0x000000073e000000, 0x000000073f000000, 0x000000073f000000)
    CS Y    TS    59 PTAMS 0x000000073f000000 NTAMS 0x000000073f000000 space 16384K, 100% used [0x000000073f000000, 0x0000000740000000, 0x0000000740000000)
    CS Y    TS    59 PTAMS 0x0000000740000000 NTAMS 0x0000000740000000 space 16384K, 100% used [0x0000000740000000, 0x0000000741000000, 0x0000000741000000)
    CS Y    TS    59 PTAMS 0x0000000741000000 NTAMS 0x0000000741000000 space 16384K, 100% used [0x0000000741000000, 0x0000000742000000, 0x0000000742000000)
    CS Y    TS    59 PTAMS 0x0000000742000000 NTAMS 0x0000000742000000 space 16384K, 100% used [0x0000000742000000, 0x0000000743000000, 0x0000000743000000)
    CS Y    TS    59 PTAMS 0x0000000743000000 NTAMS 0x0000000743000000 space 16384K, 100% used [0x0000000743000000, 0x0000000744000000, 0x0000000744000000)
    CS Y    TS    59 PTAMS 0x0000000744000000 NTAMS 0x0000000744000000 space 16384K, 100% used [0x0000000744000000, 0x0000000745000000, 0x0000000745000000)
    CS Y    TS    59 PTAMS 0x0000000745000000 NTAMS 0x0000000745000000 space 16384K, 100% used [0x0000000745000000, 0x0000000746000000, 0x0000000746000000)
    CS Y    TS    59 PTAMS 0x0000000746000000 NTAMS 0x0000000746000000 space 16384K, 100% used [0x0000000746000000, 0x0000000747000000, 0x0000000747000000)
    CS Y    TS    59 PTAMS 0x0000000747000000 NTAMS 0x0000000747000000 space 16384K, 100% used [0x0000000747000000, 0x0000000748000000, 0x0000000748000000)
    CS Y    TS    59 PTAMS 0x0000000748000000 NTAMS 0x0000000748000000 space 16384K, 100% used [0x0000000748000000, 0x0000000749000000, 0x0000000749000000)
    CS Y    TS    59 PTAMS 0x0000000749000000 NTAMS 0x0000000749000000 space 16384K, 100% used [0x0000000749000000, 0x000000074a000000, 0x000000074a000000)
    CS Y    TS    59 PTAMS 0x000000074a000000 NTAMS 0x000000074a000000 space 16384K, 100% used [0x000000074a000000, 0x000000074b000000, 0x000000074b000000)
    CS Y    TS    59 PTAMS 0x000000074b000000 NTAMS 0x000000074b000000 space 16384K, 100% used [0x000000074b000000, 0x000000074c000000, 0x000000074c000000)
    CS Y    TS    59 PTAMS 0x000000074c000000 NTAMS 0x000000074c000000 space 16384K, 100% used [0x000000074c000000, 0x000000074d000000, 0x000000074d000000)
    CS Y    TS    59 PTAMS 0x000000074d000000 NTAMS 0x000000074d000000 space 16384K, 100% used [0x000000074d000000, 0x000000074e000000, 0x000000074e000000)
    CS Y    TS    59 PTAMS 0x000000074e000000 NTAMS 0x000000074e000000 space 16384K, 100% used [0x000000074e000000, 0x000000074f000000, 0x000000074f000000)
    CS Y    TS    59 PTAMS 0x000000074f000000 NTAMS 0x000000074f000000 space 16384K, 100% used [0x000000074f000000, 0x0000000750000000, 0x0000000750000000)
    CS Y    TS    59 PTAMS 0x0000000750000000 NTAMS 0x0000000750000000 space 16384K, 100% used [0x0000000750000000, 0x0000000751000000, 0x0000000751000000)
    CS Y    TS    59 PTAMS 0x0000000751000000 NTAMS 0x0000000751000000 space 16384K, 100% used [0x0000000751000000, 0x0000000752000000, 0x0000000752000000)
    CS Y    TS    59 PTAMS 0x0000000752000000 NTAMS 0x0000000752000000 space 16384K, 100% used [0x0000000752000000, 0x0000000753000000, 0x0000000753000000)
    CS Y    TS    59 PTAMS 0x0000000753000000 NTAMS 0x0000000753000000 space 16384K, 100% used [0x0000000753000000, 0x0000000754000000, 0x0000000754000000)
    CS Y    TS    59 PTAMS 0x0000000754000000 NTAMS 0x0000000754000000 space 16384K, 100% used [0x0000000754000000, 0x0000000755000000, 0x0000000755000000)
    CS Y    TS    59 PTAMS 0x0000000755000000 NTAMS 0x0000000755000000 space 16384K, 100% used [0x0000000755000000, 0x0000000756000000, 0x0000000756000000)
    CS Y    TS    59 PTAMS 0x0000000756000000 NTAMS 0x0000000756000000 space 16384K, 100% used [0x0000000756000000, 0x0000000757000000, 0x0000000757000000)
    CS Y    TS    59 PTAMS 0x0000000757000000 NTAMS 0x0000000757000000 space 16384K, 100% used [0x0000000757000000, 0x0000000758000000, 0x0000000758000000)
    CS Y    TS    59 PTAMS 0x0000000758000000 NTAMS 0x0000000758000000 space 16384K, 100% used [0x0000000758000000, 0x0000000759000000, 0x0000000759000000)
    CS Y    TS    59 PTAMS 0x0000000759000000 NTAMS 0x0000000759000000 space 16384K, 100% used [0x0000000759000000, 0x000000075a000000, 0x000000075a000000)
    CS Y    TS    59 PTAMS 0x000000075a000000 NTAMS 0x000000075a000000 space 16384K, 100% used [0x000000075a000000, 0x000000075b000000, 0x000000075b000000)
    CS Y    TS    59 PTAMS 0x000000075b000000 NTAMS 0x000000075b000000 space 16384K, 100% used [0x000000075b000000, 0x000000075c000000, 0x000000075c000000)
    CS Y    TS    59 PTAMS 0x000000075c000000 NTAMS 0x000000075c000000 space 16384K, 100% used [0x000000075c000000, 0x000000075d000000, 0x000000075d000000)
    CS Y    TS    59 PTAMS 0x000000075d000000 NTAMS 0x000000075d000000 space 16384K, 100% used [0x000000075d000000, 0x000000075e000000, 0x000000075e000000)
    CS Y    TS    59 PTAMS 0x000000075e000000 NTAMS 0x000000075e000000 space 16384K, 100% used [0x000000075e000000, 0x000000075f000000, 0x000000075f000000)
    CS Y    TS    59 PTAMS 0x000000075f000000 NTAMS 0x000000075f000000 space 16384K, 100% used [0x000000075f000000, 0x0000000760000000, 0x0000000760000000)
    CS Y    TS    59 PTAMS 0x0000000760000000 NTAMS 0x0000000760000000 space 16384K, 100% used [0x0000000760000000, 0x0000000761000000, 0x0000000761000000)
    CS Y    TS    59 PTAMS 0x0000000761000000 NTAMS 0x0000000761000000 space 16384K, 100% used [0x0000000761000000, 0x0000000762000000, 0x0000000762000000)
    CS Y    TS    59 PTAMS 0x0000000762000000 NTAMS 0x0000000762000000 space 16384K, 100% used [0x0000000762000000, 0x0000000763000000, 0x0000000763000000)
    CS Y    TS    59 PTAMS 0x0000000763000000 NTAMS 0x0000000763000000 space 16384K, 100% used [0x0000000763000000, 0x0000000764000000, 0x0000000764000000)
    CS Y    TS    59 PTAMS 0x0000000764000000 NTAMS 0x0000000764000000 space 16384K, 100% used [0x0000000764000000, 0x0000000765000000, 0x0000000765000000)
    CS Y    TS    59 PTAMS 0x0000000765000000 NTAMS 0x0000000765000000 space 16384K, 100% used [0x0000000765000000, 0x0000000766000000, 0x0000000766000000)
    CS Y    TS    59 PTAMS 0x0000000766000000 NTAMS 0x0000000766000000 space 16384K, 100% used [0x0000000766000000, 0x0000000767000000, 0x0000000767000000)
    CS Y    TS    59 PTAMS 0x0000000767000000 NTAMS 0x0000000767000000 space 16384K, 100% used [0x0000000767000000, 0x0000000768000000, 0x0000000768000000)

Card table byte_map: [0x0000000013010000,0x0000000013820000] byte_map_base: 0x000000000fa10000

Marking Bits (Prev, Next): (CMBitMap*) 0x0000000002e2d648, (CMBitMap*) 0x0000000002e2d700
 Prev Bits: [0x0000000014940000, 0x0000000018940000)
 Next Bits: [0x0000000018950000, 0x000000001c950000)

Polling page: 0x0000000001410000

CodeCache: size=245760Kb used=42746Kb max_used=42994Kb free=203013Kb
 bounds [0x0000000002f00000, 0x0000000005950000, 0x0000000011f00000]
 total_blobs=11569 nmethods=10610 adapters=868
 compilation: enabled

Compilation events (10 events):
Event: 154.472 Thread 0x000000001fd52000 16209       4       net.minecraftforge.client.event.GuiScreenEvent$DrawScreenEvent::<init> (22 bytes)
Event: 154.475 Thread 0x000000001fd52000 nmethod 16209 0x0000000005364590 code [0x00000000053646e0, 0x00000000053649d8]
Event: 154.836 Thread 0x000000001fd56000 16210       4       net.minecraft.util.StatCollector::func_74838_a (8 bytes)
Event: 154.845 Thread 0x000000001fd56000 nmethod 16210 0x000000000515b090 code [0x000000000515b220, 0x000000000515ba58]
Event: 155.634 Thread 0x000000001fd52000 16211       4       net.minecraft.world.World::func_72919_O (8 bytes)
Event: 155.635 Thread 0x000000001fd52000 nmethod 16211 0x00000000047b74d0 code [0x00000000047b7620, 0x00000000047b76f8]
Event: 155.786 Thread 0x000000001fd56000 16212       4       net.minecraftforge.client.ForgeHooksClient::renderFirstPersonHand (17 bytes)
Event: 155.792 Thread 0x000000001fd56000 nmethod 16212 0x0000000004e47310 code [0x0000000004e474c0, 0x0000000004e47930]
Event: 157.208 Thread 0x000000001fd52000 16213       4       net.minecraft.block.BlockFarmland::func_180650_b (121 bytes)
Event: 157.242 Thread 0x000000001fd52000 nmethod 16213 0x00000000057e2350 code [0x00000000057e26c0, 0x00000000057e3b48]

GC Heap History (10 events):
Event: 135.665 GC heap before
{Heap before GC invocations=95 (full 5):
 garbage-first heap   total 2752512K, used 1920677K [0x00000006c0000000, 0x0000000768000000, 0x00000007c0000000)
  region size 16384K, 85 young (1392640K), 1 survivors (16384K)
 Metaspace       used 53555K, capacity 54141K, committed 54616K, reserved 1097728K
  class space    used 6489K, capacity 6665K, committed 6784K, reserved 1048576K
Event: 135.674 GC heap after
Heap after GC invocations=96 (full 5):
 garbage-first heap   total 2752512K, used 542648K [0x00000006c0000000, 0x0000000768000000, 0x00000007c0000000)
  region size 16384K, 1 young (16384K), 1 survivors (16384K)
 Metaspace       used 53555K, capacity 54141K, committed 54616K, reserved 1097728K
  class space    used 6489K, capacity 6665K, committed 6784K, reserved 1048576K
}
Event: 139.992 GC heap before
{Heap before GC invocations=96 (full 5):
 garbage-first heap   total 2752512K, used 1918904K [0x00000006c0000000, 0x0000000768000000, 0x00000007c0000000)
  region size 16384K, 85 young (1392640K), 1 survivors (16384K)
 Metaspace       used 53557K, capacity 54141K, committed 54616K, reserved 1097728K
  class space    used 6489K, capacity 6665K, committed 6784K, reserved 1048576K
Event: 140.000 GC heap after
Heap after GC invocations=97 (full 5):
 garbage-first heap   total 2752512K, used 540771K [0x00000006c0000000, 0x0000000768000000, 0x00000007c0000000)
  region size 16384K, 1 young (16384K), 1 survivors (16384K)
 Metaspace       used 53557K, capacity 54141K, committed 54616K, reserved 1097728K
  class space    used 6489K, capacity 6665K, committed 6784K, reserved 1048576K
}
Event: 144.385 GC heap before
{Heap before GC invocations=97 (full 5):
 garbage-first heap   total 2752512K, used 1917027K [0x00000006c0000000, 0x0000000768000000, 0x00000007c0000000)
  region size 16384K, 85 young (1392640K), 1 survivors (16384K)
 Metaspace       used 53572K, capacity 54141K, committed 54616K, reserved 1097728K
  class space    used 6489K, capacity 6665K, committed 6784K, reserved 1048576K
Event: 144.395 GC heap after
Heap after GC invocations=98 (full 5):
 garbage-first heap   total 2752512K, used 542579K [0x00000006c0000000, 0x0000000768000000, 0x00000007c0000000)
  region size 16384K, 1 young (16384K), 1 survivors (16384K)
 Metaspace       used 53572K, capacity 54141K, committed 54616K, reserved 1097728K
  class space    used 6489K, capacity 6665K, committed 6784K, reserved 1048576K
}
Event: 148.772 GC heap before
{Heap before GC invocations=98 (full 5):
 garbage-first heap   total 2752512K, used 1918835K [0x00000006c0000000, 0x0000000768000000, 0x00000007c0000000)
  region size 16384K, 85 young (1392640K), 1 survivors (16384K)
 Metaspace       used 53577K, capacity 54141K, committed 54616K, reserved 1097728K
  class space    used 6489K, capacity 6665K, committed 6784K, reserved 1048576K
Event: 148.783 GC heap after
Heap after GC invocations=99 (full 5):
 garbage-first heap   total 2752512K, used 544659K [0x00000006c0000000, 0x0000000768000000, 0x00000007c0000000)
  region size 16384K, 1 young (16384K), 1 survivors (16384K)
 Metaspace       used 53577K, capacity 54141K, committed 54616K, reserved 1097728K
  class space    used 6489K, capacity 6665K, committed 6784K, reserved 1048576K
}
Event: 153.415 GC heap before
{Heap before GC invocations=99 (full 5):
 garbage-first heap   total 2752512K, used 1920915K [0x00000006c0000000, 0x0000000768000000, 0x00000007c0000000)
  region size 16384K, 85 young (1392640K), 1 survivors (16384K)
 Metaspace       used 53584K, capacity 54141K, committed 54616K, reserved 1097728K
  class space    used 6489K, capacity 6665K, committed 6784K, reserved 1048576K
Event: 153.429 GC heap after
Heap after GC invocations=100 (full 5):
 garbage-first heap   total 2752512K, used 545838K [0x00000006c0000000, 0x0000000768000000, 0x00000007c0000000)
  region size 16384K, 1 young (16384K), 1 survivors (16384K)
 Metaspace       used 53584K, capacity 54141K, committed 54616K, reserved 1097728K
  class space    used 6489K, capacity 6665K, committed 6784K, reserved 1048576K
}

Deoptimization events (10 events):
Event: 92.484 Thread 0x0000000002e03800 Uncommon trap: reason=unreached action=reinterpret pc=0x0000000004233c90 method=gr8pefish.ironbackpacks.items.upgrades.UpgradeMethods.hasDamageBarUpgrade(Ljava/util/ArrayList;)Z @ 56
Event: 92.484 Thread 0x0000000002e03800 Uncommon trap: reason=unloaded action=reinterpret pc=0x000000000520c3f0 method=net.minecraft.client.renderer.entity.RenderItem.func_180453_a(Lnet/minecraft/client/gui/FontRenderer;Lnet/minecraft/item/ItemStack;IILjava/lang/String;)V @ 155
Event: 93.047 Thread 0x0000000002e03800 Uncommon trap: reason=bimorphic action=maybe_recompile pc=0x0000000005937424 method=net.minecraft.client.gui.inventory.GuiContainer.func_73863_a(IIF)V @ 583
Event: 93.064 Thread 0x0000000002e03800 Uncommon trap: reason=bimorphic action=maybe_recompile pc=0x0000000005937424 method=net.minecraft.client.gui.inventory.GuiContainer.func_73863_a(IIF)V @ 583
Event: 100.680 Thread 0x0000000002e03800 Uncommon trap: reason=array_check action=maybe_recompile pc=0x000000000429a79c method=java.util.TimSort.mergeHi(IIII)V @ 282
Event: 105.570 Thread 0x0000000031dea000 Uncommon trap: reason=array_check action=maybe_recompile pc=0x000000000429aafc method=java.util.TimSort.mergeHi(IIII)V @ 419
Event: 106.776 Thread 0x0000000002e03800 Uncommon trap: reason=array_check action=maybe_recompile pc=0x000000000429a79c method=java.util.TimSort.mergeHi(IIII)V @ 282
Event: 107.061 Thread 0x0000000031de5000 Uncommon trap: reason=unreached action=reinterpret pc=0x00000000049279ac method=net.minecraft.tileentity.TileEntityChest.getCapability(Lnet/minecraftforge/common/capabilities/Capability;Lnet/minecraft/util/EnumFacing;)Ljava/lang/Object; @ 11
Event: 139.728 Thread 0x0000000002e03800 Uncommon trap: reason=array_check action=maybe_recompile pc=0x00000000050be5cc method=java.util.TimSort.mergeHi(IIII)V @ 657
Event: 145.477 Thread 0x0000000002e03800 Uncommon trap: reason=array_check action=maybe_recompile pc=0x00000000050be5cc method=java.util.TimSort.mergeHi(IIII)V @ 657

Internal exceptions (10 events):
Event: 157.483 Thread 0x0000000031de5800 Exception <a 'java/lang/InterruptedException': sleep interrupted> (0x000000071a8021a8) thrown at [D:\re\workspace\8-2-build-windows-amd64-cygwin\jdk8u25\1677\hotspot\src\share\vm\prims\jvm.cpp, line 3141]
Event: 157.499 Thread 0x0000000031de5800 Exception <a 'java/lang/InterruptedException': sleep interrupted> (0x000000071a8023a8) thrown at [D:\re\workspace\8-2-build-windows-amd64-cygwin\jdk8u25\1677\hotspot\src\share\vm\prims\jvm.cpp, line 3141]
Event: 157.519 Thread 0x0000000031de5800 Exception <a 'java/lang/InterruptedException': sleep interrupted> (0x000000071a8025a8) thrown at [D:\re\workspace\8-2-build-windows-amd64-cygwin\jdk8u25\1677\hotspot\src\share\vm\prims\jvm.cpp, line 3141]
Event: 157.533 Thread 0x0000000031de5800 Exception <a 'java/lang/InterruptedException': sleep interrupted> (0x000000071a8027a8) thrown at [D:\re\workspace\8-2-build-windows-amd64-cygwin\jdk8u25\1677\hotspot\src\share\vm\prims\jvm.cpp, line 3141]
Event: 157.550 Thread 0x0000000031de5800 Exception <a 'java/lang/InterruptedException': sleep interrupted> (0x00000007198da208) thrown at [D:\re\workspace\8-2-build-windows-amd64-cygwin\jdk8u25\1677\hotspot\src\share\vm\prims\jvm.cpp, line 3141]
Event: 157.568 Thread 0x0000000031de5800 Exception <a 'java/lang/InterruptedException': sleep interrupted> (0x00000007198da408) thrown at [D:\re\workspace\8-2-build-windows-amd64-cygwin\jdk8u25\1677\hotspot\src\share\vm\prims\jvm.cpp, line 3141]
Event: 157.568 Thread 0x0000000031de5800 Exception <a 'java/lang/InterruptedException': sleep interrupted> (0x00000007198da608) thrown at [D:\re\workspace\8-2-build-windows-amd64-cygwin\jdk8u25\1677\hotspot\src\share\vm\prims\jvm.cpp, line 3141]
Event: 157.583 Thread 0x0000000031de5800 Exception <a 'java/lang/InterruptedException': sleep interrupted> (0x00000007198da808) thrown at [D:\re\workspace\8-2-build-windows-amd64-cygwin\jdk8u25\1677\hotspot\src\share\vm\prims\jvm.cpp, line 3141]
Event: 157.599 Thread 0x0000000031de5800 Exception <a 'java/lang/InterruptedException': sleep interrupted> (0x00000007198daa08) thrown at [D:\re\workspace\8-2-build-windows-amd64-cygwin\jdk8u25\1677\hotspot\src\share\vm\prims\jvm.cpp, line 3141]
Event: 157.600 Thread 0x0000000031de5800 Exception <a 'java/lang/InterruptedException': sleep interrupted> (0x00000007198dac08) thrown at [D:\re\workspace\8-2-build-windows-amd64-cygwin\jdk8u25\1677\hotspot\src\share\vm\prims\jvm.cpp, line 3093]

Events (10 events):
Event: 142.899 Thread 0x0000000002efa000 flushing nmethod 0x0000000005597250
Event: 144.384 Executing VM operation: G1IncCollectionPause
Event: 144.395 Executing VM operation: G1IncCollectionPause done
Event: 145.477 Thread 0x0000000002e03800 Uncommon trap: trap_request=0xffffffd6 fr.pc=0x00000000050be5cc
Event: 145.477 Thread 0x0000000002e03800 DEOPT PACKING pc=0x00000000050be5cc sp=0x0000000002d0d620
Event: 145.477 Thread 0x0000000002e03800 DEOPT UNPACKING pc=0x0000000002f4556a sp=0x0000000002d0d610 mode 2
Event: 148.772 Executing VM operation: G1IncCollectionPause
Event: 148.783 Executing VM operation: G1IncCollectionPause done
Event: 153.415 Executing VM operation: G1IncCollectionPause
Event: 153.429 Executing VM operation: G1IncCollectionPause done


Dynamic libraries:
0x00007ff7341d0000 - 0x00007ff734204000 	C:\Program Files (x86)\Minecraft\runtime\jre-x64\1.8.0_25\bin\javaw.exe
0x00007ffc681f0000 - 0x00007ffc683c2000 	C:\Windows\SYSTEM32\ntdll.dll
0x00007ffc67c70000 - 0x00007ffc67d1c000 	C:\Windows\System32\KERNEL32.DLL
0x00007ffc64a90000 - 0x00007ffc64cad000 	C:\Windows\System32\KERNELBASE.dll
0x00007ffc65790000 - 0x00007ffc65832000 	C:\Windows\System32\ADVAPI32.dll
0x00007ffc67d20000 - 0x00007ffc67dbe000 	C:\Windows\System32\msvcrt.dll
0x00007ffc67bb0000 - 0x00007ffc67c09000 	C:\Windows\System32\sechost.dll
0x00007ffc65bf0000 - 0x00007ffc65d11000 	C:\Windows\System32\RPCRT4.dll
0x00007ffc663b0000 - 0x00007ffc66515000 	C:\Windows\System32\USER32.dll
0x00007ffc647f0000 - 0x00007ffc6480e000 	C:\Windows\System32\win32u.dll
0x00007ffc65840000 - 0x00007ffc65874000 	C:\Windows\System32\GDI32.dll
0x00007ffc65600000 - 0x00007ffc65780000 	C:\Windows\System32\gdi32full.dll
0x00007ffc539d0000 - 0x00007ffc53c4a000 	C:\Windows\WinSxS\amd64_microsoft.windows.common-controls_6595b64144ccf1df_6.0.14393.953_none_42151e83c686086b\COMCTL32.dll
0x00007ffc65fa0000 - 0x00007ffc66268000 	C:\Windows\System32\combase.dll
0x00007ffc646f0000 - 0x00007ffc647e5000 	C:\Windows\System32\ucrtbase.dll
0x00007ffc65590000 - 0x00007ffc655fa000 	C:\Windows\System32\bcryptPrimitives.dll
0x00007ffc665b0000 - 0x00007ffc665de000 	C:\Windows\System32\IMM32.DLL
0x0000000071600000 - 0x00000000716d2000 	C:\Program Files (x86)\Minecraft\runtime\jre-x64\1.8.0_25\bin\msvcr100.dll
0x0000000070da0000 - 0x00000000715fa000 	C:\Program Files (x86)\Minecraft\runtime\jre-x64\1.8.0_25\bin\server\jvm.dll
0x00007ffc65780000 - 0x00007ffc65788000 	C:\Windows\System32\PSAPI.DLL
0x00007ffc4f410000 - 0x00007ffc4f419000 	C:\Windows\SYSTEM32\WSOCK32.dll
0x00007ffc62ae0000 - 0x00007ffc62b03000 	C:\Windows\SYSTEM32\WINMM.dll
0x00007ffc65ed0000 - 0x00007ffc65f3a000 	C:\Windows\System32\WS2_32.dll
0x0000000001420000 - 0x000000000144b000 	C:\Windows\SYSTEM32\WINMMBASE.dll
0x00007ffc654e0000 - 0x00007ffc65522000 	C:\Windows\System32\cfgmgr32.dll
0x0000000070d90000 - 0x0000000070d9f000 	C:\Program Files (x86)\Minecraft\runtime\jre-x64\1.8.0_25\bin\verify.dll
0x0000000070d60000 - 0x0000000070d88000 	C:\Program Files (x86)\Minecraft\runtime\jre-x64\1.8.0_25\bin\java.dll
0x0000000070d40000 - 0x0000000070d56000 	C:\Program Files (x86)\Minecraft\runtime\jre-x64\1.8.0_25\bin\zip.dll
0x00007ffc665e0000 - 0x00007ffc67ae8000 	C:\Windows\System32\SHELL32.dll
0x00007ffc64d50000 - 0x00007ffc65428000 	C:\Windows\System32\windows.storage.dll
0x00007ffc64670000 - 0x00007ffc646bc000 	C:\Windows\System32\powrprof.dll
0x00007ffc65f40000 - 0x00007ffc65f92000 	C:\Windows\System32\shlwapi.dll
0x00007ffc646c0000 - 0x00007ffc646cf000 	C:\Windows\System32\kernel.appcore.dll
0x00007ffc65430000 - 0x00007ffc654d9000 	C:\Windows\System32\shcore.dll
0x00007ffc646d0000 - 0x00007ffc646e4000 	C:\Windows\System32\profapi.dll
0x0000000070d30000 - 0x0000000070d3d000 	C:\Program Files (x86)\Minecraft\runtime\jre-x64\1.8.0_25\bin\management.dll
0x0000000070d10000 - 0x0000000070d2a000 	C:\Program Files (x86)\Minecraft\runtime\jre-x64\1.8.0_25\bin\net.dll
0x00007ffc63f90000 - 0x00007ffc63fec000 	C:\Windows\system32\mswsock.dll
0x0000000070cf0000 - 0x0000000070d01000 	C:\Program Files (x86)\Minecraft\runtime\jre-x64\1.8.0_25\bin\nio.dll
0x00007ffc64140000 - 0x00007ffc64157000 	C:\Windows\SYSTEM32\CRYPTSP.dll
0x00007ffc63b30000 - 0x00007ffc63b63000 	C:\Windows\system32\rsaenh.dll
0x00007ffc64240000 - 0x00007ffc6426b000 	C:\Windows\SYSTEM32\bcrypt.dll
0x00007ffc63e10000 - 0x00007ffc63e2f000 	C:\Windows\SYSTEM32\USERENV.dll
0x00007ffc64130000 - 0x00007ffc6413b000 	C:\Windows\SYSTEM32\CRYPTBASE.dll
0x00007ffc63d10000 - 0x00007ffc63d48000 	C:\Windows\SYSTEM32\IPHLPAPI.DLL
0x00007ffc66520000 - 0x00007ffc66528000 	C:\Windows\System32\NSI.dll
0x00007ffc60500000 - 0x00007ffc60516000 	C:\Windows\SYSTEM32\dhcpcsvc6.DLL
0x00007ffc60620000 - 0x00007ffc6063a000 	C:\Windows\SYSTEM32\dhcpcsvc.DLL
0x00007ffc52220000 - 0x00007ffc5222a000 	C:\Users\Boweeton\AppData\Local\Temp\jansi-64-4428738825008986917.dll
0x00007ffc49860000 - 0x00007ffc49876000 	C:\Windows\system32\napinsp.dll
0x00007ffc49880000 - 0x00007ffc4989a000 	C:\Windows\system32\pnrpnsp.dll
0x00007ffc62490000 - 0x00007ffc624a8000 	C:\Windows\system32\NLAapi.dll
0x00007ffc63d50000 - 0x00007ffc63df1000 	C:\Windows\SYSTEM32\DNSAPI.dll
0x00007ffc498c0000 - 0x00007ffc498ce000 	C:\Windows\System32\winrnr.dll
0x00007ffc498a0000 - 0x00007ffc498b5000 	C:\Windows\System32\wshbth.dll
0x0000000072fe0000 - 0x0000000073006000 	C:\Program Files\Bonjour\mdnsNSP.dll
0x00007ffc52740000 - 0x00007ffc5274a000 	C:\Windows\System32\rasadhlp.dll
0x00007ffc56c90000 - 0x00007ffc56cfa000 	C:\Windows\System32\fwpuclnt.dll
0x0000000070cd0000 - 0x0000000070ce7000 	C:\Program Files (x86)\Minecraft\runtime\jre-x64\1.8.0_25\bin\unpack.dll
0x0000000180000000 - 0x0000000180053000 	C:\Users\Boweeton\AppData\Local\Temp\f543-16c4-4be0-8c86\lwjgl64.dll
0x00007ffc5ce70000 - 0x00007ffc5ce7a000 	C:\Windows\SYSTEM32\VERSION.dll
0x00007ffc40850000 - 0x00007ffc40973000 	C:\Windows\SYSTEM32\OPENGL32.dll
0x00007ffc40c30000 - 0x00007ffc40c5d000 	C:\Windows\SYSTEM32\GLU32.dll
0x00007ffc40750000 - 0x00007ffc40847000 	C:\Windows\SYSTEM32\DDRAW.dll
0x00007ffc48860000 - 0x00007ffc48868000 	C:\Windows\SYSTEM32\DCIMAN32.dll
0x0000000070b30000 - 0x0000000070cc8000 	C:\Program Files (x86)\Minecraft\runtime\jre-x64\1.8.0_25\bin\awt.dll
0x00007ffc67af0000 - 0x00007ffc67baf000 	C:\Windows\System32\OLEAUT32.dll
0x00007ffc64cb0000 - 0x00007ffc64d4c000 	C:\Windows\System32\msvcp_win.dll
0x00007ffc62ce0000 - 0x00007ffc62d5a000 	C:\Windows\SYSTEM32\apphelp.dll
0x00007ffc62ec0000 - 0x00007ffc62f55000 	C:\Windows\system32\uxtheme.dll
0x00007ffc658f0000 - 0x00007ffc65a4a000 	C:\Windows\System32\MSCTF.dll
0x00007ffc623c0000 - 0x00007ffc623e6000 	C:\Windows\system32\dwmapi.dll
0x00007ffc20eb0000 - 0x00007ffc21bf7000 	C:\Windows\System32\DriverStore\FileRepository\igdlh64.inf_amd64_43155d58ecd36b2e\ig9icd64.dll
0x00007ffc61fd0000 - 0x00007ffc61fe3000 	C:\Windows\SYSTEM32\WTSAPI32.dll
0x00007ffc4bf60000 - 0x00007ffc4bff1000 	C:\Windows\SYSTEM32\mscms.dll
0x00007ffc495a0000 - 0x00007ffc495e2000 	C:\Windows\SYSTEM32\icm32.dll
0x00007ffc5d500000 - 0x00007ffc5e65c000 	C:\Windows\System32\DriverStore\FileRepository\igdlh64.inf_amd64_43155d58ecd36b2e\igc64.dll
0x0000000002db0000 - 0x0000000002de8000 	C:\Users\Boweeton\AppData\Local\Temp\jna\jna5904613275956793160.dll
0x0000000070b00000 - 0x0000000070b24000 	C:\Program Files (x86)\Minecraft\runtime\jre-x64\1.8.0_25\bin\sunec.dll
0x0000000025520000 - 0x0000000025584000 	C:\Users\Boweeton\AppData\Local\Temp\f543-16c4-4be0-8c86\OpenAL64.dll
0x00007ffc66270000 - 0x00007ffc663a8000 	C:\Windows\System32\ole32.dll
0x00007ffc65b50000 - 0x00007ffc65bef000 	C:\Windows\System32\clbcatq.dll
0x00007ffc60130000 - 0x00007ffc601a1000 	C:\Windows\System32\MMDevApi.dll
0x00007ffc63310000 - 0x00007ffc63338000 	C:\Windows\System32\DEVOBJ.dll
0x00007ffc62030000 - 0x00007ffc621b5000 	C:\Windows\System32\PROPSYS.dll
0x00007ffc50dd0000 - 0x00007ffc50e6b000 	C:\Windows\SYSTEM32\dsound.dll
0x00007ffc53dd0000 - 0x00007ffc53e64000 	C:\Windows\SYSTEM32\AUDIOSES.DLL
0x00007ffc61b30000 - 0x00007ffc61c66000 	C:\Windows\SYSTEM32\wintypes.dll
0x00007ffc52cb0000 - 0x00007ffc52e42000 	C:\Windows\SYSTEM32\dbghelp.dll

VM Arguments:
jvm_args: -Dos.name=Windows 10 -Dos.version=10.0 -XX:HeapDumpPath=MojangTricksIntelDriversForPerformance_javaw.exe_minecraft.exe.heapdump -Djava.library.path=C:\Users\Boweeton\AppData\Local\Temp\f543-16c4-4be0-8c86 -Dminecraft.launcher.brand=minecraft-launcher -Dminecraft.launcher.version=2.0.1003 -Dminecraft.client.jar=C:\Users\Boweeton\AppData\Roaming\.minecraft\versions\1.8.9\1.8.9.jar -Xmx4G -XX:+UnlockExperimentalVMOptions -XX:+UseG1GC -XX:G1NewSizePercent=20 -XX:G1ReservePercent=20 -XX:MaxGCPauseMillis=50 -XX:G1HeapRegionSize=16M -Dlog4j.configurationFile=C:/Users\Boweeton\AppData\Roaming\.minecraft\assets\log_configs\client-1.7.xml 
java_command: net.minecraft.launchwrapper.Launch --username Boweeton --version 1.8.9-forge1.8.9-11.15.1.1722 --gameDir C:/Users\Boweeton\AppData\Roaming\.minecraft --assetsDir C:/Users\Boweeton\AppData\Roaming\.minecraft/assets --assetIndex 1.8 --uuid e94b3883e7084ae3a7ee7cbd02c84b47 --accessToken 076dce117cf04f9ca97c74455e7faa87 --userProperties {} --userType mojang --tweakClass net.minecraftforge.fml.common.launcher.FMLTweaker
java_class_path (initial): C:\Users\Boweeton\AppData\Roaming\.minecraft\libraries\net\minecraftforge\forge\1.8.9-11.15.1.1722\forge-1.8.9-11.15.1.1722.jar;C:\Users\Boweeton\AppData\Roaming\.minecraft\libraries\io\netty\netty-all\4.0.23.Final\netty-all-4.0.23.Final.jar;C:\Users\Boweeton\AppData\Roaming\.minecraft\libraries\net\minecraft\launchwrapper\1.12\launchwrapper-1.12.jar;C:\Users\Boweeton\AppData\Roaming\.minecraft\libraries\org\ow2\asm\asm-all\5.0.3\asm-all-5.0.3.jar;C:\Users\Boweeton\AppData\Roaming\.minecraft\libraries\jline\jline\2.13\jline-2.13.jar;C:\Users\Boweeton\AppData\Roaming\.minecraft\libraries\com\typesafe\akka\akka-actor_2.11\2.3.3\akka-actor_2.11-2.3.3.jar;C:\Users\Boweeton\AppData\Roaming\.minecraft\libraries\com\typesafe\config\1.2.1\config-1.2.1.jar;C:\Users\Boweeton\AppData\Roaming\.minecraft\libraries\org\scala-lang\scala-actors-migration_2.11\1.1.0\scala-actors-migration_2.11-1.1.0.jar;C:\Users\Boweeton\AppData\Roaming\.minecraft\libraries\org\scala-lang\scala-compiler\2.11.1\scala-compiler-2.11.1.jar;C:\Users\Boweeton\AppData\Roaming\.minecraft\libraries\org\scala-lang\plugins\scala-continuations-library_2.11\1.0.2\scala-continuations-library_2.11-1.0.2.jar;C:\Users\Boweeton\AppData\Roaming\.minecraft\libraries\org\scala-lang\plugins\scala-continuations-plugin_2.11.1\1.0.2\scala-continuations-plugin_2.11.1-1.0.2.jar;C:\Users\Boweeton\AppData\Roaming\.minecraft\libraries\org\scala-lang\scala-library\2.11.1\scala-library-2.11.1.jar;C:\Users\Boweeton\AppData\Roaming\.minecraft\libraries\org\scala-lang\scala-parser-combinators_2.11\1.0.1\scala-parser-combinators_2.11-1.0.1.jar;C:\Users\Boweeton\AppData\Roaming\.minecraft\libraries\org\scala-lang\scala-reflect\2.11.1\scala-reflect-2.11.1.jar;C:\Users\Boweeton\AppData\Roaming\.minecraft\libraries\org\scala-lang\scala-swing_2.11\1.0.1\scala-swing_2.11-1.0.1.jar;C:\Users\Boweeton\AppData\Roaming\.minecraft\libraries\org\scala-lang\scala-xml_2.11\1.0.2\scala-xml_2.11-1.0.2.jar;C:\Users\Boweeton
Launcher Type: SUN_STANDARD

Environment Variables:
PATH=C:\ProgramData\Oracle\Java\javapath;C:\Windows\system32;C:\Windows;C:\Windows\System32\Wbem;C:\Windows\System32\WindowsPowerShell\v1.0\;C:\Program Files (x86)\NVIDIA Corporation\PhysX\Common;C:\Users\Boweeton\AppData\Local\Microsoft\WindowsApps;;C:\Program Files (x86)\SSH Communications Security\SSH Secure Shell
USERNAME=Boweeton
OS=Windows_NT
PROCESSOR_IDENTIFIER=Intel64 Family 6 Model 158 Stepping 9, GenuineIntel



---------------  S Y S T E M  ---------------

OS: Windows 8.1 , 64 bit Build 9600 

CPU:total 4 (4 cores per cpu, 1 threads per core) family 6 model 158 stepping 9, cmov, cx8, fxsr, mmx, sse, sse2, sse3, ssse3, sse4.1, sse4.2, popcnt, avx, avx2, aes, clmul, erms, lzcnt, tsc, tscinvbit, bmi1, bmi2

Memory: 4k page, physical 16642276k(5986796k free), swap 19132644k(5641740k free)

vm_info: Java HotSpot(TM) 64-Bit Server VM (25.25-b02) for windows-amd64 JRE (1.8.0_25-b18), built on Oct  7 2014 14:25:37 by "java_re" with MS VC++ 10.0 (VS2010)

time: Fri Jan 26 10:46:30 2018
elapsed time: 157 seconds (0d 0h 2m 37s)

