#
# A fatal error has been detected by the Java Runtime Environment:
#
#  EXCEPTION_ACCESS_VIOLATION (0xc0000005) at pc=0x0000000000000000, pid=7256, tid=5904
#
# JRE version: Java(TM) SE Runtime Environment (8.0_25-b18) (build 1.8.0_25-b18)
# Java VM: Java HotSpot(TM) 64-Bit Server VM (25.25-b02 mixed mode windows-amd64 compressed oops)
# Problematic frame:
# C  0x0000000000000000
#
# Failed to write core dump. Minidumps are not enabled by default on client versions of Windows
#
# If you would like to submit a bug report, please visit:
#   http://bugreport.sun.com/bugreport/crash.jsp
#

---------------  T H R E A D  ---------------

Current thread (0x0000000002ce3800):  JavaThread "Client thread" [_thread_in_Java, id=5904, stack(0x0000000002be0000,0x0000000002ce0000)]

siginfo: ExceptionCode=0xc0000005, ExceptionInformation=0x0000000000000008 0x0000000000000000

Registers:
RAX=0x00000007c0001300, RBX=0x00000000dac6da86, RCX=0x00000006c2bcf7f8, RDX=0x00000006c280d388
RSP=0x0000000002cde908, RBP=0x0000000000000041, RSI=0x00000007c0233bf8, RDI=0x00000000d8579f1d
R8 =0x00000000f804488d, R9 =0x00000006c2bce658, R10=0x000000074af75f68, R11=0x00000000ffffffde
R12=0x0000000000000000, R13=0x00000007485c3e68, R14=0x00000000d8579efc, R15=0x0000000002ce3800
RIP=0x0000000000000000, EFLAGS=0x0000000000010246

Top of Stack: (sp=0x0000000002cde908)
0x0000000002cde908:   0000000000000005 0000000f00000005
0x0000000002cde918:   0000010000000004 01c9c3df00000040
0x0000000002cde928:   000000074af75f68 00000007485c3e28
0x0000000002cde938:   0000004100000060 ffffffde00000042
0x0000000002cde948:   0000000fffffffdf 00000007485c3e40
0x0000000002cde958:   00000006cf2c0f28 01c9c35e0000005f
0x0000000002cde968:   00000005fffffffd 0000000000000005
0x0000000002cde978:   fffffffd00000005 f1f0ef18000000e0
0x0000000002cde988:   00000006c2bcf7e0 00000006ffffffde
0x0000000002cde998:   00000006c2b96f98 00000007746945b0
0x0000000002cde9a8:   0000004100000060 0000000774b015b0
0x0000000002cde9b8:   00000000051c2478 0000000774b015b0
0x0000000002cde9c8:   3fe0000000000000 3fe4000000000000
0x0000000002cde9d8:   3fe0000000000000 00000007485c3e10
0x0000000002cde9e8:   00000007c0224178 0000004200000100
0x0000000002cde9f8:   00000006ccb66fc8 00000006c37299a8 

Instructions: (pc=0x0000000000000000)
0xffffffffffffffe0:   


Register to memory mapping:

RAX=0x00000007c0001300 is pointing into metadata
RBX=0x00000000dac6da86 is an unknown value
RCX=0x00000006c2bcf7f8 is an oop
com.google.common.collect.RegularImmutableMap 
 - klass: 'com/google/common/collect/RegularImmutableMap'
RDX=0x00000006c280d388 is an oop
java.lang.Class 
 - klass: 'java/lang/Class'
RSP=0x0000000002cde908 is pointing into the stack for thread: 0x0000000002ce3800
RBP=0x0000000000000041 is an unknown value
RSI=0x00000007c0233bf8 is pointing into metadata
RDI=0x00000000d8579f1d is an unknown value
R8 =0x00000000f804488d is an unknown value
R9 =0x00000006c2bce658 is an oop
net.minecraft.block.BlockHalfStoneSlab 
 - klass: 'net/minecraft/block/BlockHalfStoneSlab'
R10=0x000000074af75f68 is an oop
net.minecraft.util.AxisAlignedBB 
 - klass: 'net/minecraft/util/AxisAlignedBB'
R11=0x00000000ffffffde is an unknown value
R12=0x0000000000000000 is an unknown value
R13=