#
# A fatal error has been detected by the Java Runtime Environment:
#
#  EXCEPTION_ACCESS_VIOLATION (0xc0000005) at pc=0x00000006ea078ee8, pid=11776, tid=4308
#
# JRE version: Java(TM) SE Runtime Environment (8.0_25-b18) (build 1.8.0_25-b18)
# Java VM: Java HotSpot(TM) 64-Bit Server VM (25.25-b02 mixed mode windows-amd64 compressed oops)
# Problematic frame:
# C  0x00000006ea078ee8
#
# Failed to write core dump. Minidumps are not enabled by default on client versions of Windows
#
# If you would like to submit a bug report, please visit:
#   http://bugreport.sun.com/bugreport/crash.jsp
#

---------------  T H R E A D  ---------------

Current thread (0x0000000002cc3800):  JavaThread "Client thread" [_thread_in_Java, id=4308, stack(0x0000000002bc0000,0x0000000002cc0000)]

siginfo: ExceptionCode=0xc0000005, ExceptionInformation=0x0000000000000008 0x00000006ea078ee8

Registers:
RAX=0x00000006ea0792e0, RBX=0x00000006ea0792e0, RCX=0x0000000000000000, RDX=0x00000006ea0792c0
RSP=0x0000000002cbe218, RBP=0x00000006c20f52d8, RSI=0x0000000000001000, RDI=0x000000000000000d
R8 =0x0000000000000001, R9 =0x00000006ea0795b0, R10=0x0000000000000000, R11=0x00000000f8001d34
R12=0x0000000000000000, R13=0x0000000000000043, R14=0x00000000f80be374, R15=0x0000000002cc3800
RIP=0x00000006ea078ee8, EFLAGS=0x0000000000010246

Top of Stack: (sp=0x0000000002cbe218)
0x0000000002cbe218:   4050433333340000 00000006f4724cd8
0x0000000002cbe228:   0000000100000000 00000006ea075a70
0x0000000002cbe238:   0000000004f971f8 00000006ea078ee8
0x0000000002cbe248:   0000000004f96b14 00000006f4724c00
0x0000000002cbe258:   00000000045d760c 4070780000007000
0x0000000002cbe268:   4050400000000000 00000000f8058339
0x0000000002cbe278:   00000006ea078ee8 00000007c02c19c8
0x0000000002cbe288:   00000007c0248210 0000000000000003
0x0000000002cbe298:   000000006e87257f 00000000d89afbf7
0x0000000002cbe2a8:   00000000044f5f6c 0000000600000000
0x0000000002cbe2b8:   00000006ea076138 00000006c11353a8
0x0000000002cbe2c8:   000000000464c450 00000006ea078ee8
0x0000000002cbe2d8:   000000000463f3f8 00000006ea078ee8
0x0000000002cbe2e8:   00000006ce88ac60 4161000000000000
0x0000000002cbe2f8:   00000000c3340000 00000006ea072008
0x0000000002cbe308:   0000000003de1fc4 00000006ea078ee8 

Instructions: (pc=0x00000006ea078ee8)
0x00000006ea078ec8:   2d 00 00 00 00 00 00 00 4a cb 05 f8 64 a6 05 00
0x00000006ea078ed8:   11 f7 05 00 dd f1 40 dd 17 18 cf d9 00 00 00 00
0x00000006ea078ee8:   2d 00 00 00 00 00 00 00 39 83 05 f8 64 a6 05 00
0x00000006ea078ef8:   00 00 00 00 00 00 f0 3f 00 00 00 00 00 78 70 40 


Register to memory mapping:

RAX=0x00000006ea0792e0 is an oop
net.minecraft.entity.DataWatcher$WatchableObject 
 - klass: 'net/minecraft/entity/DataWatcher$WatchableObject'
RBX=0x00000006ea0792e0 is an oop
net.minecraft.entity.DataWatcher$WatchableObject 
 - klass: 'net/minecraft/entity/DataWatcher$WatchableObject'
RCX=0x0000000000000000 is an unknown value
RDX=0x00000006ea0792c0 is an oop
java.util.HashMap$Node 
 - klass: 'java/util/HashMap$Node'
RSP=0x0000000002cbe218 is pointing into the stack for thread: 0x0000000002cc3800
RBP=0x00000006c20f52d8 is an oop
net.minecraft.block.BlockAir 
 - klass: 'net/minecraft/block/BlockAir'
RSI=0x0000000000001000 is an unknown value
RDI=0x000000000000000d is an unknown value
R8 =0x0000000000000001 is an unknown value
R9 =0x00000006ea0795b0 is an oop
java.util.concurrent.locks.ReentrantReadWriteLock$NonfairSync 
 - klass: 'java/util/concurrent/locks/ReentrantReadWriteLock$NonfairSync'
R10=0x0000000000000000 is an unknown value
R11=0x00000000f8001d34 is an unknown value
R12=0x0000000000000000 is an unknown value
R13=0x0000000000000043 is an unknown value
R14=0x00000000f80be374 is an unknown value
R15=0x0000000002cc3800 is a thread


Stack: [0x0000000002bc0000,0x0000000002cc0000],  sp=0x0000000002cbe218,  free space=1016k
Native frames: (J=compiled Java code, j=interpreted, Vv=VM code, C=native code)
C  0x00000006ea078ee8


---------------  P R O C E S S  ---------------

Java Threads: ( => current thread )
  0x0000000024f72800 JavaThread "File IO Thread" [_thread_blocked, id=10948, stack(0x0000000048580000,0x0000000048680000)]
  0x0000000024f91000 JavaThread "JM-task-4" [_thread_blocked, id=10612, stack(0x0000000046f10000,0x0000000047010000)]
  0x0000000024f90800 JavaThread "JM-texture-3" [_thread_blocked, id=12752, stack(0x00000000467b0000,0x00000000468b0000)]
  0x0000000024f8f800 JavaThread "JM-texture-2" [_thread_blocked, id=9736, stack(0x00000000465a0000,0x00000000466a0000)]
  0x0000000024f98000 JavaThread "Netty Client IO #2" daemon [_thread_in_native, id=2664, stack(0x00000000462a0000,0x00000000463a0000)]
  0x0000000024f95000 JavaThread "Netty Client IO #1" daemon [_thread_in_native, id=13208, stack(0x00000000460a0000,0x00000000461a0000)]
  0x0000000024f97000 JavaThread "Server Pinger #1" daemon [_thread_blocked, id=4648, stack(0x0000000045fa0000,0x00000000460a0000)]
  0x0000000024f92800 JavaThread "Netty Client IO #0" daemon [_thread_in_native, id=12524, stack(0x0000000045da0000,0x0000000045ea0000)]
  0x0000000024f96800 JavaThread "Server Pinger #0" daemon [_thread_blocked, id=9476, stack(0x0000000045ca0000,0x0000000045da0000)]
  0x0000000024f8f000 JavaThread "Thread-12" [_thread_blocked, id=2212, stack(0x000000003f4b0000,0x000000003f5b0000)]
  0x0000000024f92000 JavaThread "Thread-11" [_thread_blocked, id=12900, stack(0x000000003f3b0000,0x000000003f4b0000)]
  0x0000000034354000 JavaThread "Chunk Batcher 1" daemon [_thread_blocked, id=3956, stack(0x000000003afe0000,0x000000003b0e0000)]
  0x0000000034351800 JavaThread "Chunk Batcher 0" daemon [_thread_blocked, id=3888, stack(0x000000003aee0000,0x000000003afe0000)]
  0x0000000021545800 JavaThread "LWJGL Timer" daemon [_thread_blocked, id=12876, stack(0x0000000030ee0000,0x0000000030fe0000)]
  0x0000000024b90800 JavaThread "Java2D Disposer" daemon [_thread_blocked, id=3532, stack(0x0000000027e80000,0x0000000027f80000)]
  0x0000000026abb800 JavaThread "Timer hack thread" daemon [_thread_blocked, id=5032, stack(0x0000000026cd0000,0x0000000026dd0000)]
  0x0000000023e63800 JavaThread "Snooper Timer" daemon [_thread_blocked, id=476, stack(0x0000000025740000,0x0000000025840000)]
  0x00000000248bb800 JavaThread "Snooper Timer" daemon [_thread_blocked, id=13072, stack(0x0000000024650000,0x0000000024750000)]
  0x0000000002dbe800 JavaThread "Service Thread" daemon [_thread_blocked, id=12204, stack(0x00000000205a0000,0x00000000206a0000)]
  0x0000000002db8000 JavaThread "C1 CompilerThread2" daemon [_thread_blocked, id=13056, stack(0x00000000204a0000,0x00000000205a0000)]
  0x000000001fc16800 JavaThread "C2 CompilerThread1" daemon [_thread_blocked, id=12400, stack(0x00000000203a0000,0x00000000204a0000)]
  0x000000001fc15800 JavaThread "C2 CompilerThread0" daemon [_thread_blocked, id=12432, stack(0x00000000202a0000,0x00000000203a0000)]
  0x000000001fc12000 JavaThread "Attach Listener" daemon [_thread_blocked, id=8284, stack(0x00000000201a0000,0x00000000202a0000)]
  0x000000001fc0f000 JavaThread "Signal Dispatcher" daemon [_thread_blocked, id=13012, stack(0x00000000200a0000,0x00000000201a0000)]
  0x000000001fc0e000 JavaThread "Surrogate Locker Thread (Concurrent GC)" daemon [_thread_blocked, id=5244, stack(0x000000001ffa0000,0x00000000200a0000)]
  0x0000000002da5800 JavaThread "Finalizer" daemon [_thread_blocked, id=12100, stack(0x000000001fea0000,0x000000001ffa0000)]
  0x000000001fc00800 JavaThread "Reference Handler" daemon [_thread_blocked, id=5248, stack(0x000000001fda0000,0x000000001fea0000)]
=>0x0000000002cc3800 JavaThread "Client thread" [_thread_in_Java, id=4308, stack(0x0000000002bc0000,0x0000000002cc0000)]

Other Threads:
  0x0000000002d99800 VMThread [stack: 0x000000001fca0000,0x000000001fda0000] [id=9532]
  0x000000001fc8e000 WatcherThread [stack: 0x00000000206a0000,0x00000000207a0000] [id=11332]

VM state:not at safepoint (normal execution)

VM Mutex/Monitor currently owned by a thread: None

Heap:
 garbage-first heap   total 1343488K, used 868306K [0x00000006c0000000, 0x0000000712000000, 0x00000007c0000000)
  region size 16384K, 31 young (507904K), 1 survivors (16384K)
 Metaspace       used 51374K, capacity 52001K, committed 52312K, reserved 1095680K
  class space    used 6297K, capacity 6477K, committed 6528K, reserved 1048576K

Heap Regions: (Y=young(eden), SU=young(survivor), HS=humongous(starts), HC=humongous(continues), CS=collection set, F=free, TS=gc time stamp, PTAMS=previous top-at-mark-start, NTAMS=next top-at-mark-start)
            TS     0 PTAMS 0x00000006c0fffff0 NTAMS 0x00000006c0fffff0 space 16384K,  99% used [0x00000006c0000000, 0x00000006c0fffff0, 0x00000006c1000000)
            TS     0 PTAMS 0x00000006c1fffff0 NTAMS 0x00000006c1fffff0 space 16384K,  99% used [0x00000006c1000000, 0x00000006c1fffff0, 0x00000006c2000000)
            TS     0 PTAMS 0x00000006c2fffff0 NTAMS 0x00000006c2fffff0 space 16384K,  99% used [0x00000006c2000000, 0x00000006c2fffff0, 0x00000006c3000000)
            TS     0 PTAMS 0x00000006c3ffffe8 NTAMS 0x00000006c3ffffe8 space 16384K,  99% used [0x00000006c3000000, 0x00000006c3ffffe8, 0x00000006c4000000)
            TS     0 PTAMS 0x00000006c4ffffc0 NTAMS 0x00000006c4ffffc0 space 16384K,  99% used [0x00000006c4000000, 0x00000006c4ffffc0, 0x00000006c5000000)
            TS     0 PTAMS 0x00000006c5fffff0 NTAMS 0x00000006c5fffff0 space 16384K,  99% used [0x00000006c5000000, 0x00000006c5fffff0, 0x00000006c6000000)
 HS         TS     0 PTAMS 0x00000006c6a00010 NTAMS 0x00000006c6a00010 space 16384K,  62% used [0x00000006c6000000, 0x00000006c6a00010, 0x00000006c7000000)
            TS     0 PTAMS 0x00000006c7ffffa0 NTAMS 0x00000006c7ffffa0 space 16384K,  99% used [0x00000006c7000000, 0x00000006c7ffffa0, 0x00000006c8000000)
            TS     0 PTAMS 0x00000006c8fffff0 NTAMS 0x00000006c8fffff0 space 16384K,  99% used [0x00000006c8000000, 0x00000006c8fffff0, 0x00000006c9000000)
            TS     0 PTAMS 0x00000006c9fffff0 NTAMS 0x00000006c9fffff0 space 16384K,  99% used [0x00000006c9000000, 0x00000006c9fffff0, 0x00000006ca000000)
            TS     0 PTAMS 0x00000006cafcf640 NTAMS 0x00000006cafcf640 space 16384K,  98% used [0x00000006ca000000, 0x00000006cafcf640, 0x00000006cb000000)
            TS     0 PTAMS 0x00000006cbffffd8 NTAMS 0x00000006cbffffd8 space 16384K,  99% used [0x00000006cb000000, 0x00000006cbffffd8, 0x00000006cc000000)
            TS     0 PTAMS 0x00000006cd000000 NTAMS 0x00000006cd000000 space 16384K, 100% used [0x00000006cc000000, 0x00000006cd000000, 0x00000006cd000000)
            TS     0 PTAMS 0x00000006cdfffff0 NTAMS 0x00000006cdfffff0 space 16384K,  99% used [0x00000006cd000000, 0x00000006cdfffff0, 0x00000006ce000000)
            TS     0 PTAMS 0x00000006cf000000 NTAMS 0x00000006cf000000 space 16384K, 100% used [0x00000006ce000000, 0x00000006cf000000, 0x00000006cf000000)
            TS     0 PTAMS 0x00000006d0000000 NTAMS 0x00000006d0000000 space 16384K, 100% used [0x00000006cf000000, 0x00000006d0000000, 0x00000006d0000000)
            TS     0 PTAMS 0x00000006d1000000 NTAMS 0x00000006d1000000 space 16384K, 100% used [0x00000006d0000000, 0x00000006d1000000, 0x00000006d1000000)
            TS     0 PTAMS 0x00000006d2000000 NTAMS 0x00000006d2000000 space 16384K, 100% used [0x00000006d1000000, 0x00000006d2000000, 0x00000006d2000000)
            TS     0 PTAMS 0x00000006d3000000 NTAMS 0x00000006d3000000 space 16384K, 100% used [0x00000006d2000000, 0x00000006d3000000, 0x00000006d3000000)
            TS     0 PTAMS 0x00000006d4000000 NTAMS 0x00000006d4000000 space 16384K, 100% used [0x00000006d3000000, 0x00000006d4000000, 0x00000006d4000000)
            TS     0 PTAMS 0x00000006d5000000 NTAMS 0x00000006d5000000 space 16384K, 100% used [0x00000006d4000000, 0x00000006d5000000, 0x00000006d5000000)
            TS     0 PTAMS 0x00000006d6000000 NTAMS 0x00000006d6000000 space 16384K, 100% used [0x00000006d5000000, 0x00000006d6000000, 0x00000006d6000000)
            TS   127 PTAMS 0x00000006d6bfb160 NTAMS 0x00000006d6bfb160 space 16384K, 100% used [0x00000006d6000000, 0x00000006d7000000, 0x00000006d7000000)
            TS   333 PTAMS 0x00000006d7000000 NTAMS 0x00000006d7000000 space 16384K,  22% used [0x00000006d7000000, 0x00000006d739cc30, 0x00000006d8000000)
          F TS     0 PTAMS 0x00000006d8000000 NTAMS 0x00000006d8000000 space 16384K,   0% used [0x00000006d8000000, 0x00000006d8000000, 0x00000006d9000000)
          F TS     0 PTAMS 0x00000006d9000000 NTAMS 0x00000006d9000000 space 16384K,   0% used [0x00000006d9000000, 0x00000006d9000000, 0x00000006da000000)
          F TS     0 PTAMS 0x00000006da000000 NTAMS 0x00000006da000000 space 16384K,   0% used [0x00000006da000000, 0x00000006da000000, 0x00000006db000000)
          F TS     0 PTAMS 0x00000006db000000 NTAMS 0x00000006db000000 space 16384K,   0% used [0x00000006db000000, 0x00000006db000000, 0x00000006dc000000)
          F TS     0 PTAMS 0x00000006dc000000 NTAMS 0x00000006dc000000 space 16384K,   0% used [0x00000006dc000000, 0x00000006dc000000, 0x00000006dd000000)
          F TS     0 PTAMS 0x00000006dd000000 NTAMS 0x00000006dd000000 space 16384K,   0% used [0x00000006dd000000, 0x00000006dd000000, 0x00000006de000000)
          F TS     0 PTAMS 0x00000006de000000 NTAMS 0x00000006de000000 space 16384K,   0% used [0x00000006de000000, 0x00000006de000000, 0x00000006df000000)
          F TS     0 PTAMS 0x00000006df000000 NTAMS 0x00000006df000000 space 16384K,   0% used [0x00000006df000000, 0x00000006df000000, 0x00000006e0000000)
          F TS     0 PTAMS 0x00000006e0000000 NTAMS 0x00000006e0000000 space 16384K,   0% used [0x00000006e0000000, 0x00000006e0000000, 0x00000006e1000000)
          F TS     0 PTAMS 0x00000006e1000000 NTAMS 0x00000006e1000000 space 16384K,   0% used [0x00000006e1000000, 0x00000006e1000000, 0x00000006e2000000)
          F TS     0 PTAMS 0x00000006e2000000 NTAMS 0x00000006e2000000 space 16384K,   0% used [0x00000006e2000000, 0x00000006e2000000, 0x00000006e3000000)
          F TS     0 PTAMS 0x00000006e3000000 NTAMS 0x00000006e3000000 space 16384K,   0% used [0x00000006e3000000, 0x00000006e3000000, 0x00000006e4000000)
          F TS     0 PTAMS 0x00000006e4000000 NTAMS 0x00000006e4000000 space 16384K,   0% used [0x00000006e4000000, 0x00000006e4000000, 0x00000006e5000000)
          F TS     0 PTAMS 0x00000006e5000000 NTAMS 0x00000006e5000000 space 16384K,   0% used [0x00000006e5000000, 0x00000006e5000000, 0x00000006e6000000)
          F TS    53 PTAMS 0x00000006e6000000 NTAMS 0x00000006e6000000 space 16384K,   0% used [0x00000006e6000000, 0x00000006e6000000, 0x00000006e7000000)
          F TS    51 PTAMS 0x00000006e7000000 NTAMS 0x00000006e7000000 space 16384K,   0% used [0x00000006e7000000, 0x00000006e7000000, 0x00000006e8000000)
          F TS   129 PTAMS 0x00000006e8000000 NTAMS 0x00000006e8000000 space 16384K,   0% used [0x00000006e8000000, 0x00000006e8000000, 0x00000006e9000000)
          F TS   333 PTAMS 0x00000006e9000000 NTAMS 0x00000006e9000000 space 16384K,   0% used [0x00000006e9000000, 0x00000006e9000000, 0x00000006ea000000)
    CS SU   TS   333 PTAMS 0x00000006ea000000 NTAMS 0x00000006ea000000 space 16384K,  15% used [0x00000006ea000000, 0x00000006ea288830, 0x00000006eb000000)
          F TS   333 PTAMS 0x00000006eb000000 NTAMS 0x00000006eb000000 space 16384K,   0% used [0x00000006eb000000, 0x00000006eb000000, 0x00000006ec000000)
          F TS   333 PTAMS 0x00000006ec000000 NTAMS 0x00000006ec000000 space 16384K,   0% used [0x00000006ec000000, 0x00000006ec000000, 0x00000006ed000000)
          F TS   333 PTAMS 0x00000006ed000000 NTAMS 0x00000006ed000000 space 16384K,   0% used [0x00000006ed000000, 0x00000006ed000000, 0x00000006ee000000)
          F TS   333 PTAMS 0x00000006ee000000 NTAMS 0x00000006ee000000 space 16384K,   0% used [0x00000006ee000000, 0x00000006ee000000, 0x00000006ef000000)
          F TS   333 PTAMS 0x00000006ef000000 NTAMS 0x00000006ef000000 space 16384K,   0% used [0x00000006ef000000, 0x00000006ef000000, 0x00000006f0000000)
          F TS   333 PTAMS 0x00000006f0000000 NTAMS 0x00000006f0000000 space 16384K,   0% used [0x00000006f0000000, 0x00000006f0000000, 0x00000006f1000000)
 HS         TS    49 PTAMS 0x00000006f1000000 NTAMS 0x00000006f1000000 space 32768K,  50% used [0x00000006f1000000, 0x00000006f2000010, 0x00000006f3000000)
 HC         TS    49 PTAMS 0x00000006f2000000 NTAMS 0x00000006f2000000 space 16384K,   0% used [0x00000006f2000000, 0x00000006f2000010, 0x00000006f3000000)
          F TS   333 PTAMS 0x00000006f3000000 NTAMS 0x00000006f3000000 space 16384K,   0% used [0x00000006f3000000, 0x00000006f3000000, 0x00000006f4000000)
       Y    TS   333 PTAMS 0x00000006f4000000 NTAMS 0x00000006f4000000 space 16384K,  49% used [0x00000006f4000000, 0x00000006f47f8100, 0x00000006f5000000)
    CS Y    TS   333 PTAMS 0x00000006f5000000 NTAMS 0x00000006f5000000 space 16384K, 100% used [0x00000006f5000000, 0x00000006f6000000, 0x00000006f6000000)
    CS Y    TS   333 PTAMS 0x00000006f6000000 NTAMS 0x00000006f6000000 space 16384K, 100% used [0x00000006f6000000, 0x00000006f7000000, 0x00000006f7000000)
    CS Y    TS   333 PTAMS 0x00000006f7000000 NTAMS 0x00000006f7000000 space 16384K, 100% used [0x00000006f7000000, 0x00000006f8000000, 0x00000006f8000000)
    CS Y    TS   333 PTAMS 0x00000006f8000000 NTAMS 0x00000006f8000000 space 16384K, 100% used [0x00000006f8000000, 0x00000006f9000000, 0x00000006f9000000)
    CS Y    TS   333 PTAMS 0x00000006f9000000 NTAMS 0x00000006f9000000 space 16384K, 100% used [0x00000006f9000000, 0x00000006fa000000, 0x00000006fa000000)
    CS Y    TS   333 PTAMS 0x00000006fa000000 NTAMS 0x00000006fa000000 space 16384K, 100% used [0x00000006fa000000, 0x00000006fb000000, 0x00000006fb000000)
    CS Y    TS   333 PTAMS 0x00000006fb000000 NTAMS 0x00000006fb000000 space 16384K, 100% used [0x00000006fb000000, 0x00000006fc000000, 0x00000006fc000000)
    CS Y    TS   333 PTAMS 0x00000006fc000000 NTAMS 0x00000006fc000000 space 16384K, 100% used [0x00000006fc000000, 0x00000006fd000000, 0x00000006fd000000)
    CS Y    TS   333 PTAMS 0x00000006fd000000 NTAMS 0x00000006fd000000 space 16384K, 100% used [0x00000006fd000000, 0x00000006fe000000, 0x00000006fe000000)
    CS Y    TS   333 PTAMS 0x00000006fe000000 NTAMS 0x00000006fe000000 space 16384K, 100% used [0x00000006fe000000, 0x00000006ff000000, 0x00000006ff000000)
    CS Y    TS   333 PTAMS 0x00000006ff000000 NTAMS 0x00000006ff000000 space 16384K, 100% used [0x00000006ff000000, 0x0000000700000000, 0x0000000700000000)
    CS Y    TS   333 PTAMS 0x0000000700000000 NTAMS 0x0000000700000000 space 16384K, 100% used [0x0000000700000000, 0x0000000701000000, 0x0000000701000000)
    CS Y    TS   333 PTAMS 0x0000000701000000 NTAMS 0x0000000701000000 space 16384K, 100% used [0x0000000701000000, 0x0000000702000000, 0x0000000702000000)
    CS Y    TS   333 PTAMS 0x0000000702000000 NTAMS 0x0000000702000000 space 16384K, 100% used [0x0000000702000000, 0x0000000703000000, 0x0000000703000000)
    CS Y    TS   333 PTAMS 0x0000000703000000 NTAMS 0x0000000703000000 space 16384K, 100% used [0x0000000703000000, 0x0000000704000000, 0x0000000704000000)
    CS Y    TS   333 PTAMS 0x0000000704000000 NTAMS 0x0000000704000000 space 16384K, 100% used [0x0000000704000000, 0x0000000705000000, 0x0000000705000000)
    CS Y    TS   333 PTAMS 0x0000000705000000 NTAMS 0x0000000705000000 space 16384K, 100% used [0x0000000705000000, 0x0000000706000000, 0x0000000706000000)
    CS Y    TS   333 PTAMS 0x0000000706000000 NTAMS 0x0000000706000000 space 16384K, 100% used [0x0000000706000000, 0x0000000707000000, 0x0000000707000000)
    CS Y    TS   333 PTAMS 0x0000000707000000 NTAMS 0x0000000707000000 space 16384K, 100% used [0x0000000707000000, 0x0000000708000000, 0x0000000708000000)
    CS Y    TS   333 PTAMS 0x0000000708000000 NTAMS 0x0000000708000000 space 16384K, 100% used [0x0000000708000000, 0x0000000709000000, 0x0000000709000000)
    CS Y    TS   333 PTAMS 0x0000000709000000 NTAMS 0x0000000709000000 space 16384K, 100% used [0x0000000709000000, 0x000000070a000000, 0x000000070a000000)
    CS Y    TS   333 PTAMS 0x000000070a000000 NTAMS 0x000000070a000000 space 16384K, 100% used [0x000000070a000000, 0x000000070b000000, 0x000000070b000000)
    CS Y    TS   333 PTAMS 0x000000070b000000 NTAMS 0x000000070b000000 space 16384K, 100% used [0x000000070b000000, 0x000000070c000000, 0x000000070c000000)
    CS Y    TS   333 PTAMS 0x000000070c000000 NTAMS 0x000000070c000000 space 16384K, 100% used [0x000000070c000000, 0x000000070d000000, 0x000000070d000000)
    CS Y    TS   333 PTAMS 0x000000070d000000 NTAMS 0x000000070d000000 space 16384K, 100% used [0x000000070d000000, 0x000000070e000000, 0x000000070e000000)
    CS Y    TS   333 PTAMS 0x000000070e000000 NTAMS 0x000000070e000000 space 16384K, 100% used [0x000000070e000000, 0x000000070f000000, 0x000000070f000000)
    CS Y    TS   333 PTAMS 0x000000070f000000 NTAMS 0x000000070f000000 space 16384K, 100% used [0x000000070f000000, 0x0000000710000000, 0x0000000710000000)
    CS Y    TS   333 PTAMS 0x0000000710000000 NTAMS 0x0000000710000000 space 16384K, 100% used [0x0000000710000000, 0x0000000711000000, 0x0000000711000000)
    CS Y    TS   333 PTAMS 0x0000000711000000 NTAMS 0x0000000711000000 space 16384K, 100% used [0x0000000711000000, 0x0000000712000000, 0x0000000712000000)

Card table byte_map: [0x0000000012ec0000,0x00000000136d0000] byte_map_base: 0x000000000f8c0000

Marking Bits (Prev, Next): (CMBitMap*) 0x0000000002cee2f8, (CMBitMap*) 0x0000000002cee3b0
 Prev Bits: [0x00000000147f0000, 0x00000000187f0000)
 Next Bits: [0x0000000018800000, 0x000000001c800000)

Polling page: 0x0000000000e80000

CodeCache: size=245760Kb used=34248Kb max_used=35524Kb free=211511Kb
 bounds [0x0000000002dc0000, 0x00000000050e0000, 0x0000000011dc0000]
 total_blobs=10444 nmethods=9501 adapters=853
 compilation: enabled

Compilation events (10 events):
Event: 982.001 Thread 0x000000001fc16800 14478       4       net.minecraft.entity.ai.attributes.ModifiableAttributeInstance::func_142049_d (50 bytes)
Event: 982.014 Thread 0x000000001fc16800 nmethod 14478 0x0000000004e81090 code [0x0000000004e81280, 0x0000000004e81aa0]
Event: 988.882 Thread 0x0000000002db8000 14479       3       net.minecraft.entity.passive.EntityBat::func_82236_f (51 bytes)
Event: 988.883 Thread 0x0000000002db8000 nmethod 14479 0x0000000004e61d10 code [0x0000000004e61ee0, 0x0000000004e624e8]
Event: 988.883 Thread 0x0000000002db8000 14480       1       net.minecraft.client.audio.SoundPoolEntry::func_148652_a (5 bytes)
Event: 988.883 Thread 0x0000000002db8000 nmethod 14480 0x0000000004f44b10 code [0x0000000004f44c60, 0x0000000004f44d70]
Event: 988.883 Thread 0x0000000002db8000 14481       1       javax.sound.sampled.AudioFormat::getSampleSizeInBits (5 bytes)
Event: 988.883 Thread 0x0000000002db8000 nmethod 14481 0x000000000509b1d0 code [0x000000000509b320, 0x000000000509b430]
Event: 990.814 Thread 0x000000001fc15800 14482       4       java.util.regex.Pattern::<init> (90 bytes)
Event: 990.817 Thread 0x000000001fc15800 nmethod 14482 0x0000000004e80950 code [0x0000000004e80ac0, 0x0000000004e80f18]

GC Heap History (10 events):
Event: 975.232 GC heap before
{Heap before GC invocations=234 (full 4):
 garbage-first heap   total 1343488K, used 998726K [0x00000006c0000000, 0x0000000712000000, 0x00000007c0000000)
  region size 16384K, 38 young (622592K), 1 survivors (16384K)
 Metaspace       used 51374K, capacity 52001K, committed 52312K, reserved 1095680K
  class space    used 6297K, capacity 6477K, committed 6528K, reserved 1048576K
Event: 975.235 GC heap after
Heap after GC invocations=235 (full 4):
 garbage-first heap   total 1343488K, used 393065K [0x00000006c0000000, 0x0000000712000000, 0x00000007c0000000)
  region size 16384K, 1 young (16384K), 1 survivors (16384K)
 Metaspace       used 51374K, capacity 52001K, committed 52312K, reserved 1095680K
  class space    used 6297K, capacity 6477K, committed 6528K, reserved 1048576K
}
Event: 980.517 GC heap before
{Heap before GC invocations=235 (full 4):
 garbage-first heap   total 1343488K, used 999273K [0x00000006c0000000, 0x0000000712000000, 0x00000007c0000000)
  region size 16384K, 38 young (622592K), 1 survivors (16384K)
 Metaspace       used 51374K, capacity 52001K, committed 52312K, reserved 1095680K
  class space    used 6297K, capacity 6477K, committed 6528K, reserved 1048576K
Event: 980.521 GC heap after
Heap after GC invocations=236 (full 4):
 garbage-first heap   total 1343488K, used 392431K [0x00000006c0000000, 0x0000000712000000, 0x00000007c0000000)
  region size 16384K, 1 young (16384K), 1 survivors (16384K)
 Metaspace       used 51374K, capacity 52001K, committed 52312K, reserved 1095680K
  class space    used 6297K, capacity 6477K, committed 6528K, reserved 1048576K
}
Event: 985.783 GC heap before
{Heap before GC invocations=236 (full 4):
 garbage-first heap   total 1343488K, used 998639K [0x00000006c0000000, 0x0000000712000000, 0x00000007c0000000)
  region size 16384K, 38 young (622592K), 1 survivors (16384K)
 Metaspace       used 51374K, capacity 52001K, committed 52312K, reserved 1095680K
  class space    used 6297K, capacity 6477K, committed 6528K, reserved 1048576K
Event: 985.786 GC heap after
Heap after GC invocations=237 (full 4):
 garbage-first heap   total 1343488K, used 393357K [0x00000006c0000000, 0x0000000712000000, 0x00000007c0000000)
  region size 16384K, 1 young (16384K), 1 survivors (16384K)
 Metaspace       used 51374K, capacity 52001K, committed 52312K, reserved 1095680K
  class space    used 6297K, capacity 6477K, committed 6528K, reserved 1048576K
}
Event: 991.068 GC heap before
{Heap before GC invocations=237 (full 4):
 garbage-first heap   total 1343488K, used 999565K [0x00000006c0000000, 0x0000000712000000, 0x00000007c0000000)
  region size 16384K, 38 young (622592K), 1 survivors (16384K)
 Metaspace       used 51374K, capacity 52001K, committed 52312K, reserved 1095680K
  class space    used 6297K, capacity 6477K, committed 6528K, reserved 1048576K
Event: 991.071 GC heap after
Heap after GC invocations=238 (full 4):
 garbage-first heap   total 1343488K, used 392883K [0x00000006c0000000, 0x0000000712000000, 0x00000007c0000000)
  region size 16384K, 1 young (16384K), 1 survivors (16384K)
 Metaspace       used 51374K, capacity 52001K, committed 52312K, reserved 1095680K
  class space    used 6297K, capacity 6477K, committed 6528K, reserved 1048576K
}
Event: 996.359 GC heap before
{Heap before GC invocations=238 (full 4):
 garbage-first heap   total 1343488K, used 999091K [0x00000006c0000000, 0x0000000712000000, 0x00000007c0000000)
  region size 16384K, 38 young (622592K), 1 survivors (16384K)
 Metaspace       used 51374K, capacity 52001K, committed 52312K, reserved 1095680K
  class space    used 6297K, capacity 6477K, committed 6528K, reserved 1048576K
Event: 996.363 GC heap after
Heap after GC invocations=239 (full 4):
 garbage-first heap   total 1343488K, used 393170K [0x00000006c0000000, 0x0000000712000000, 0x00000007c0000000)
  region size 16384K, 1 young (16384K), 1 survivors (16384K)
 Metaspace       used 51374K, capacity 52001K, committed 52312K, reserved 1095680K
  class space    used 6297K, capacity 6477K, committed 6528K, reserved 1048576K
}

Deoptimization events (10 events):
Event: 658.018 Thread 0x0000000002cc3800 Uncommon trap: reason=bimorphic action=maybe_recompile pc=0x000000000448a504 method=net.minecraft.client.renderer.entity.RendererLivingEntity.func_177070_b(Lnet/minecraft/entity/EntityLivingBase;)Z @ 145
Event: 658.031 Thread 0x0000000002cc3800 Uncommon trap: reason=bimorphic action=maybe_recompile pc=0x000000000448a504 method=net.minecraft.client.renderer.entity.RendererLivingEntity.func_177070_b(Lnet/minecraft/entity/EntityLivingBase;)Z @ 145
Event: 658.048 Thread 0x0000000002cc3800 Uncommon trap: reason=bimorphic action=maybe_recompile pc=0x000000000448a504 method=net.minecraft.client.renderer.entity.RendererLivingEntity.func_177070_b(Lnet/minecraft/entity/EntityLivingBase;)Z @ 145
Event: 794.260 Thread 0x0000000034354000 Uncommon trap: reason=array_check action=maybe_recompile pc=0x0000000003c1d158 method=java.util.TimSort.binarySort([Ljava/lang/Object;IIILjava/util/Comparator;)V @ 183
Event: 794.493 Thread 0x0000000034351800 Uncommon trap: reason=array_check action=maybe_recompile pc=0x0000000003c1d158 method=java.util.TimSort.binarySort([Ljava/lang/Object;IIILjava/util/Comparator;)V @ 183
Event: 825.854 Thread 0x0000000002cc3800 Uncommon trap: reason=unloaded action=reinterpret pc=0x000000000489db70 method=net.minecraft.world.World.func_180500_c(Lnet/minecraft/world/EnumSkyBlock;Lnet/minecraft/util/BlockPos;)Z @ 599
Event: 849.677 Thread 0x0000000002cc3800 Uncommon trap: reason=class_check action=maybe_recompile pc=0x0000000004301848 method=net.minecraft.world.World.func_175642_b(Lnet/minecraft/world/EnumSkyBlock;Lnet/minecraft/util/BlockPos;)I @ 1
Event: 849.677 Thread 0x0000000002cc3800 Uncommon trap: reason=class_check action=maybe_recompile pc=0x0000000004301848 method=net.minecraft.world.World.func_175642_b(Lnet/minecraft/world/EnumSkyBlock;Lnet/minecraft/util/BlockPos;)I @ 1
Event: 849.677 Thread 0x0000000002cc3800 Uncommon trap: reason=class_check action=maybe_recompile pc=0x0000000004301848 method=net.minecraft.world.World.func_175642_b(Lnet/minecraft/world/EnumSkyBlock;Lnet/minecraft/util/BlockPos;)I @ 1
Event: 849.677 Thread 0x0000000002cc3800 Uncommon trap: reason=class_check action=maybe_recompile pc=0x0000000004301848 method=net.minecraft.world.World.func_175642_b(Lnet/minecraft/world/EnumSkyBlock;Lnet/minecraft/util/BlockPos;)I @ 1

Internal exceptions (10 events):
Event: 1000.742 Thread 0x0000000024f92000 Exception <a 'java/lang/InterruptedException': sleep interrupted> (0x00000006f42a7fb8) thrown at [D:\re\workspace\8-2-build-windows-amd64-cygwin\jdk8u25\1677\hotspot\src\share\vm\prims\jvm.cpp, line 3141]
Event: 1000.762 Thread 0x0000000024f92000 Exception <a 'java/lang/InterruptedException': sleep interrupted> (0x00000006f42a81b8) thrown at [D:\re\workspace\8-2-build-windows-amd64-cygwin\jdk8u25\1677\hotspot\src\share\vm\prims\jvm.cpp, line 3141]
Event: 1000.776 Thread 0x0000000024f92000 Exception <a 'java/lang/InterruptedException': sleep interrupted> (0x00000006f454f1b0) thrown at [D:\re\workspace\8-2-build-windows-amd64-cygwin\jdk8u25\1677\hotspot\src\share\vm\prims\jvm.cpp, line 3141]
Event: 1000.793 Thread 0x0000000024f92000 Exception <a 'java/lang/InterruptedException': sleep interrupted> (0x00000006f454f3b0) thrown at [D:\re\workspace\8-2-build-windows-amd64-cygwin\jdk8u25\1677\hotspot\src\share\vm\prims\jvm.cpp, line 3141]
Event: 1000.812 Thread 0x0000000024f92000 Exception <a 'java/lang/InterruptedException': sleep interrupted> (0x00000006f454f5b0) thrown at [D:\re\workspace\8-2-build-windows-amd64-cygwin\jdk8u25\1677\hotspot\src\share\vm\prims\jvm.cpp, line 3141]
Event: 1000.826 Thread 0x0000000024f92000 Exception <a 'java/lang/InterruptedException': sleep interrupted> (0x00000006f454f7b0) thrown at [D:\re\workspace\8-2-build-windows-amd64-cygwin\jdk8u25\1677\hotspot\src\share\vm\prims\jvm.cpp, line 3141]
Event: 1000.843 Thread 0x0000000024f92000 Exception <a 'java/lang/InterruptedException': sleep interrupted> (0x00000006f454f9b0) thrown at [D:\re\workspace\8-2-build-windows-amd64-cygwin\jdk8u25\1677\hotspot\src\share\vm\prims\jvm.cpp, line 3141]
Event: 1000.862 Thread 0x0000000024f92000 Exception <a 'java/lang/InterruptedException': sleep interrupted> (0x00000006f454fbb0) thrown at [D:\re\workspace\8-2-build-windows-amd64-cygwin\jdk8u25\1677\hotspot\src\share\vm\prims\jvm.cpp, line 3141]
Event: 1000.876 Thread 0x0000000024f92000 Exception <a 'java/lang/InterruptedException': sleep interrupted> (0x00000006f454fdb0) thrown at [D:\re\workspace\8-2-build-windows-amd64-cygwin\jdk8u25\1677\hotspot\src\share\vm\prims\jvm.cpp, line 3141]
Event: 1000.893 Thread 0x0000000024f92000 Exception <a 'java/lang/InterruptedException': sleep interrupted> (0x00000006f454fe90) thrown at [D:\re\workspace\8-2-build-windows-amd64-cygwin\jdk8u25\1677\hotspot\src\share\vm\prims\jvm.cpp, line 3141]

Events (10 events):
Event: 985.783 Executing VM operation: G1IncCollectionPause
Event: 985.786 Executing VM operation: G1IncCollectionPause done
Event: 988.917 Executing VM operation: RevokeBias
Event: 988.917 Executing VM operation: RevokeBias done
Event: 988.917 Executing VM operation: RevokeBias
Event: 988.917 Executing VM operation: RevokeBias done
Event: 991.068 Executing VM operation: G1IncCollectionPause
Event: 991.071 Executing VM operation: G1IncCollectionPause done
Event: 996.359 Executing VM operation: G1IncCollectionPause
Event: 996.363 Executing VM operation: G1IncCollectionPause done


Dynamic libraries:
0x00007ff72cc00000 - 0x00007ff72cc34000 	C:\Program Files (x86)\Minecraft\runtime\jre-x64\1.8.0_25\bin\javaw.exe
0x00007fff7b8d0000 - 0x00007fff7baa2000 	C:\Windows\SYSTEM32\ntdll.dll
0x00007fff794c0000 - 0x00007fff7956c000 	C:\Windows\System32\KERNEL32.DLL
0x00007fff78220000 - 0x00007fff7843d000 	C:\Windows\System32\KERNELBASE.dll
0x00007fff79570000 - 0x00007fff79612000 	C:\Windows\System32\ADVAPI32.dll
0x00007fff7ad00000 - 0x00007fff7ad9e000 	C:\Windows\System32\msvcrt.dll
0x00007fff79310000 - 0x00007fff79369000 	C:\Windows\System32\sechost.dll
0x00007fff7ae00000 - 0x00007fff7af21000 	C:\Windows\System32\RPCRT4.dll
0x00007fff7b060000 - 0x00007fff7b1c5000 	C:\Windows\System32\USER32.dll
0x00007fff78200000 - 0x00007fff7821e000 	C:\Windows\System32\win32u.dll
0x00007fff79640000 - 0x00007fff79674000 	C:\Windows\System32\GDI32.dll
0x00007fff78440000 - 0x00007fff785c0000 	C:\Windows\System32\gdi32full.dll
0x00007fff66390000 - 0x00007fff6660a000 	C:\Windows\WinSxS\amd64_microsoft.windows.common-controls_6595b64144ccf1df_6.0.14393.953_none_42151e83c686086b\COMCTL32.dll
0x00007fff79040000 - 0x00007fff79308000 	C:\Windows\System32\combase.dll
0x00007fff78d60000 - 0x00007fff78e55000 	C:\Windows\System32\ucrtbase.dll
0x00007fff785c0000 - 0x00007fff7862a000 	C:\Windows\System32\bcryptPrimitives.dll
0x00007fff79010000 - 0x00007fff7903e000 	C:\Windows\System32\IMM32.DLL
0x000000006eec0000 - 0x000000006ef92000 	C:\Program Files (x86)\Minecraft\runtime\jre-x64\1.8.0_25\bin\msvcr100.dll
0x000000006e660000 - 0x000000006eeba000 	C:\Program Files (x86)\Minecraft\runtime\jre-x64\1.8.0_25\bin\server\jvm.dll
0x00007fff79000000 - 0x00007fff79008000 	C:\Windows\System32\PSAPI.DLL
0x00007fff76350000 - 0x00007fff76373000 	C:\Windows\SYSTEM32\WINMM.dll
0x00007fff62460000 - 0x00007fff62469000 	C:\Windows\SYSTEM32\WSOCK32.dll
0x00007fff762f0000 - 0x00007fff7631b000 	C:\Windows\SYSTEM32\WINMMBASE.dll
0x00007fff78630000 - 0x00007fff78672000 	C:\Windows\System32\cfgmgr32.dll
0x00007fff7abf0000 - 0x00007fff7ac5a000 	C:\Windows\System32\WS2_32.dll
0x000000006e650000 - 0x000000006e65f000 	C:\Program Files (x86)\Minecraft\runtime\jre-x64\1.8.0_25\bin\verify.dll
0x000000006e620000 - 0x000000006e648000 	C:\Program Files (x86)\Minecraft\runtime\jre-x64\1.8.0_25\bin\java.dll
0x000000006e600000 - 0x000000006e616000 	C:\Program Files (x86)\Minecraft\runtime\jre-x64\1.8.0_25\bin\zip.dll
0x00007fff796e0000 - 0x00007fff7abe8000 	C:\Windows\System32\SHELL32.dll
0x00007fff78680000 - 0x00007fff78d58000 	C:\Windows\System32\windows.storage.dll
0x00007fff77d80000 - 0x00007fff77dcc000 	C:\Windows\System32\powrprof.dll
0x00007fff7aff0000 - 0x00007fff7b042000 	C:\Windows\System32\shlwapi.dll
0x00007fff77d70000 - 0x00007fff77d7f000 	C:\Windows\System32\kernel.appcore.dll
0x00007fff780f0000 - 0x00007fff78199000 	C:\Windows\System32\shcore.dll
0x00007fff77d50000 - 0x00007fff77d64000 	C:\Windows\System32\profapi.dll
0x000000006e5f0000 - 0x000000006e5fd000 	C:\Program Files (x86)\Minecraft\runtime\jre-x64\1.8.0_25\bin\management.dll
0x000000006e5d0000 - 0x000000006e5ea000 	C:\Program Files (x86)\Minecraft\runtime\jre-x64\1.8.0_25\bin\net.dll
0x00007fff77670000 - 0x00007fff776cc000 	C:\Windows\system32\mswsock.dll
0x000000006e5b0000 - 0x000000006e5c1000 	C:\Program Files (x86)\Minecraft\runtime\jre-x64\1.8.0_25\bin\nio.dll
0x00007fff77810000 - 0x00007fff77827000 	C:\Windows\SYSTEM32\CRYPTSP.dll
0x00007fff77210000 - 0x00007fff77243000 	C:\Windows\system32\rsaenh.dll
0x00007fff77920000 - 0x00007fff7794b000 	C:\Windows\SYSTEM32\bcrypt.dll
0x00007fff774f0000 - 0x00007fff7750f000 	C:\Windows\SYSTEM32\USERENV.dll
0x00007fff77830000 - 0x00007fff7783b000 	C:\Windows\SYSTEM32\CRYPTBASE.dll
0x00007fff773f0000 - 0x00007fff77428000 	C:\Windows\SYSTEM32\IPHLPAPI.DLL
0x00007fff7b050000 - 0x00007fff7b058000 	C:\Windows\System32\NSI.dll
0x00007fff73aa0000 - 0x00007fff73ab6000 	C:\Windows\SYSTEM32\dhcpcsvc6.DLL
0x00007fff73a20000 - 0x00007fff73a3a000 	C:\Windows\SYSTEM32\dhcpcsvc.DLL
0x00007fff751b0000 - 0x00007fff751ba000 	C:\Users\Boweeton\AppData\Local\Temp\jansi-64-3104147628967028522.dll
0x00007fff60e90000 - 0x00007fff60ea6000 	C:\Windows\system32\napinsp.dll
0x00007fff5fa90000 - 0x00007fff5faaa000 	C:\Windows\system32\pnrpnsp.dll
0x00007fff75c00000 - 0x00007fff75c18000 	C:\Windows\system32\NLAapi.dll
0x00007fff77430000 - 0x00007fff774d1000 	C:\Windows\SYSTEM32\DNSAPI.dll
0x00007fff60ee0000 - 0x00007fff60eee000 	C:\Windows\System32\winrnr.dll
0x00007fff60ef0000 - 0x00007fff60f05000 	C:\Windows\System32\wshbth.dll
0x0000000070940000 - 0x0000000070966000 	C:\Program Files\Bonjour\mdnsNSP.dll
0x00007fff71930000 - 0x00007fff7193a000 	C:\Windows\System32\rasadhlp.dll
0x00007fff734b0000 - 0x00007fff7351a000 	C:\Windows\System32\fwpuclnt.dll
0x000000006e590000 - 0x000000006e5a7000 	C:\Program Files (x86)\Minecraft\runtime\jre-x64\1.8.0_25\bin\unpack.dll
0x0000000180000000 - 0x0000000180053000 	C:\Users\Boweeton\AppData\Local\Temp\e878-d45a-4484-7318\lwjgl64.dll
0x00007fff71970000 - 0x00007fff7197a000 	C:\Windows\SYSTEM32\VERSION.dll
0x00007fff55900000 - 0x00007fff55a23000 	C:\Windows\SYSTEM32\OPENGL32.dll
0x00007fff55ec0000 - 0x00007fff55eed000 	C:\Windows\SYSTEM32\GLU32.dll
0x00007fff55560000 - 0x00007fff55657000 	C:\Windows\SYSTEM32\DDRAW.dll
0x00007fff55eb0000 - 0x00007fff55eb8000 	C:\Windows\SYSTEM32\DCIMAN32.dll
0x000000006e3f0000 - 0x000000006e588000 	C:\Program Files (x86)\Minecraft\runtime\jre-x64\1.8.0_25\bin\awt.dll
0x00007fff7af30000 - 0x00007fff7afef000 	C:\Windows\System32\OLEAUT32.dll
0x00007fff77dd0000 - 0x00007fff77e6c000 	C:\Windows\System32\msvcp_win.dll
0x00007fff76240000 - 0x00007fff762ba000 	C:\Windows\SYSTEM32\apphelp.dll
0x00007fff765a0000 - 0x00007fff76635000 	C:\Windows\system32\uxtheme.dll
0x00007fff7b240000 - 0x00007fff7b39a000 	C:\Windows\System32\MSCTF.dll
0x00007fff75ba0000 - 0x00007fff75bc6000 	C:\Windows\system32\dwmapi.dll
0x00007fff45ac0000 - 0x00007fff46807000 	C:\Windows\System32\DriverStore\FileRepository\igdlh64.inf_amd64_43155d58ecd36b2e\ig9icd64.dll
0x00007fff75660000 - 0x00007fff75673000 	C:\Windows\SYSTEM32\WTSAPI32.dll
0x00007fff5df10000 - 0x00007fff5dfa1000 	C:\Windows\SYSTEM32\mscms.dll
0x00007fff64aa0000 - 0x00007fff64ae2000 	C:\Windows\SYSTEM32\icm32.dll
0x00007fff70730000 - 0x00007fff7188c000 	C:\Windows\System32\DriverStore\FileRepository\igdlh64.inf_amd64_43155d58ecd36b2e\igc64.dll
0x0000000024590000 - 0x00000000245c8000 	C:\Users\Boweeton\AppData\Local\Temp\jna\jna3220138900501180270.dll
0x000000006e3c0000 - 0x000000006e3e4000 	C:\Program Files (x86)\Minecraft\runtime\jre-x64\1.8.0_25\bin\sunec.dll
0x00000000242c0000 - 0x0000000024324000 	C:\Users\Boweeton\AppData\Local\Temp\e878-d45a-4484-7318\OpenAL64.dll
0x00007fff79370000 - 0x00007fff794a8000 	C:\Windows\System32\ole32.dll
0x00007fff7ac60000 - 0x00007fff7acff000 	C:\Windows\System32\clbcatq.dll
0x00007fff736f0000 - 0x00007fff73761000 	C:\Windows\System32\MMDevApi.dll
0x00007fff769f0000 - 0x00007fff76a18000 	C:\Windows\System32\DEVOBJ.dll
0x00007fff758e0000 - 0x00007fff75a65000 	C:\Windows\System32\PROPSYS.dll
0x00007fff4a3c0000 - 0x00007fff4a45b000 	C:\Windows\SYSTEM32\dsound.dll
0x00007fff674a0000 - 0x00007fff67534000 	C:\Windows\SYSTEM32\AUDIOSES.DLL
0x00007fff74f20000 - 0x00007fff75056000 	C:\Windows\SYSTEM32\wintypes.dll
0x00007fff661d0000 - 0x00007fff66362000 	C:\Windows\SYSTEM32\dbghelp.dll

VM Arguments:
jvm_args: -Dos.name=Windows 10 -Dos.version=10.0 -XX:HeapDumpPath=MojangTricksIntelDriversForPerformance_javaw.exe_minecraft.exe.heapdump -Djava.library.path=C:\Users\Boweeton\AppData\Local\Temp\e878-d45a-4484-7318 -Dminecraft.launcher.brand=minecraft-launcher -Dminecraft.launcher.version=2.0.1003 -Dminecraft.client.jar=C:\Users\Boweeton\AppData\Roaming\.minecraft\versions\1.8.9\1.8.9.jar -Xmx4G -XX:+UnlockExperimentalVMOptions -XX:+UseG1GC -XX:G1NewSizePercent=20 -XX:G1ReservePercent=20 -XX:MaxGCPauseMillis=50 -XX:G1HeapRegionSize=16M -Dlog4j.configurationFile=C:/Users\Boweeton\AppData\Roaming\.minecraft\assets\log_configs\client-1.7.xml 
java_command: net.minecraft.launchwrapper.Launch --username Boweeton --version 1.8.9-forge1.8.9-11.15.1.1722 --gameDir C:/Users\Boweeton\AppData\Roaming\.minecraft --assetsDir C:/Users\Boweeton\AppData\Roaming\.minecraft/assets --assetIndex 1.8 --uuid e94b3883e7084ae3a7ee7cbd02c84b47 --accessToken b92e43acc36a4d1fa4198ad778ccdb65 --userProperties {} --userType mojang --tweakClass net.minecraftforge.fml.common.launcher.FMLTweaker
java_class_path (initial): C:\Users\Boweeton\AppData\Roaming\.minecraft\libraries\net\minecraftforge\forge\1.8.9-11.15.1.1722\forge-1.8.9-11.15.1.1722.jar;C:\Users\Boweeton\AppData\Roaming\.minecraft\libraries\io\netty\netty-all\4.0.23.Final\netty-all-4.0.23.Final.jar;C:\Users\Boweeton\AppData\Roaming\.minecraft\libraries\net\minecraft\launchwrapper\1.12\launchwrapper-1.12.jar;C:\Users\Boweeton\AppData\Roaming\.minecraft\libraries\org\ow2\asm\asm-all\5.0.3\asm-all-5.0.3.jar;C:\Users\Boweeton\AppData\Roaming\.minecraft\libraries\jline\jline\2.13\jline-2.13.jar;C:\Users\Boweeton\AppData\Roaming\.minecraft\libraries\com\typesafe\akka\akka-actor_2.11\2.3.3\akka-actor_2.11-2.3.3.jar;C:\Users\Boweeton\AppData\Roaming\.minecraft\libraries\com\typesafe\config\1.2.1\config-1.2.1.jar;C:\Users\Boweeton\AppData\Roaming\.minecraft\libraries\org\scala-lang\scala-actors-migration_2.11\1.1.0\scala-actors-migration_2.11-1.1.0.jar;C:\Users\Boweeton\AppData\Roaming\.minecraft\libraries\org\scala-lang\scala-compiler\2.11.1\scala-compiler-2.11.1.jar;C:\Users\Boweeton\AppData\Roaming\.minecraft\libraries\org\scala-lang\plugins\scala-continuations-library_2.11\1.0.2\scala-continuations-library_2.11-1.0.2.jar;C:\Users\Boweeton\AppData\Roaming\.minecraft\libraries\org\scala-lang\plugins\scala-continuations-plugin_2.11.1\1.0.2\scala-continuations-plugin_2.11.1-1.0.2.jar;C:\Users\Boweeton\AppData\Roaming\.minecraft\libraries\org\scala-lang\scala-library\2.11.1\scala-library-2.11.1.jar;C:\Users\Boweeton\AppData\Roaming\.minecraft\libraries\org\scala-lang\scala-parser-combinators_2.11\1.0.1\scala-parser-combinators_2.11-1.0.1.jar;C:\Users\Boweeton\AppData\Roaming\.minecraft\libraries\org\scala-lang\scala-reflect\2.11.1\scala-reflect-2.11.1.jar;C:\Users\Boweeton\AppData\Roaming\.minecraft\libraries\org\scala-lang\scala-swing_2.11\1.0.1\scala-swing_2.11-1.0.1.jar;C:\Users\Boweeton\AppData\Roaming\.minecraft\libraries\org\scala-lang\scala-xml_2.11\1.0.2\scala-xml_2.11-1.0.2.jar;C:\Users\Boweeton
Launcher Type: SUN_STANDARD

Environment Variables:
PATH=C:\ProgramData\Oracle\Java\javapath;C:\Windows\system32;C:\Windows;C:\Windows\System32\Wbem;C:\Windows\System32\WindowsPowerShell\v1.0\;C:\Program Files (x86)\NVIDIA Corporation\PhysX\Common;C:\Users\Boweeton\AppData\Local\Microsoft\WindowsApps;;C:\Program Files (x86)\SSH Communications Security\SSH Secure Shell
USERNAME=Boweeton
OS=Windows_NT
PROCESSOR_IDENTIFIER=Intel64 Family 6 Model 158 Stepping 9, GenuineIntel



---------------  S Y S T E M  ---------------

OS: Windows 8.1 , 64 bit Build 9600 

CPU:total 4 (4 cores per cpu, 1 threads per core) family 6 model 158 stepping 9, cmov, cx8, fxsr, mmx, sse, sse2, sse3, ssse3, sse4.1, sse4.2, popcnt, avx, avx2, aes, clmul, erms, lzcnt, tsc, tscinvbit, bmi1, bmi2

Memory: 4k page, physical 16642276k(8338880k free), swap 19132644k(9754652k free)

vm_info: Java HotSpot(TM) 64-Bit Server VM (25.25-b02) for windows-amd64 JRE (1.8.0_25-b18), built on Oct  7 2014 14:25:37 by "java_re" with MS VC++ 10.0 (VS2010)

time: Sat Jan 27 12:56:05 2018
elapsed time: 1000 seconds (0d 0h 16m 40s)

