#
# A fatal error has been detected by the Java Runtime Environment:
#
#  EXCEPTION_ACCESS_VIOLATION (0xc0000005) at pc=0x0000000750540700, pid=15564, tid=15012
#
# JRE version: Java(TM) SE Runtime Environment (8.0_25-b18) (build 1.8.0_25-b18)
# Java VM: Java HotSpot(TM) 64-Bit Server VM (25.25-b02 mixed mode windows-amd64 compressed oops)
# Problematic frame:
# C  0x0000000750540700
#
# Failed to write core dump. Minidumps are not enabled by default on client versions of Windows
#
# If you would like to submit a bug report, please visit:
#   http://bugreport.sun.com/bugreport/crash.jsp
#

---------------  T H R E A D  ---------------

Current thread (0x0000000025278000):  JavaThread "Server thread" [_thread_in_Java, id=15012, stack(0x0000000040bf0000,0x0000000040cf0000)]

siginfo: ExceptionCode=0xc0000005, ExceptionInformation=0x0000000000000008 0x0000000750540700

Registers:
RAX=0x0000000000000000, RBX=0x00000000247f7a38, RCX=0x00000000000005ec, RDX=0x00000006c09b75d0
RSP=0x0000000040cee718, RBP=0x00000006c1761418, RSI=0x00000000d9b391be, RDI=0x0000001200000055
R8 =0x0000000000000000, R9 =0x00000006ce5d94b8, R10=0x00000000d8136eba, R11=0x00000006c5119b38
R12=0x0000000000000000, R13=0x0000000750540548, R14=0x00000006cd0520b8, R15=0x0000000025278000
RIP=0x0000000750540700, EFLAGS=0x0000000000010246

Top of Stack: (sp=0x0000000040cee718)
0x0000000040cee718:   00000006c092c178 00000006cd0520b8
0x0000000040cee728:   00000006c1762308 0000000700000000
0x0000000040cee738:   00000007505406a0 00000006c09ef9f0
0x0000000040cee748:   0000000004c692d0 00000006c09ece18
0x0000000040cee758:   00000006c09efa08 00000006c09d92e0
0x0000000040cee768:   00000000055a70a4 00000006c234bc70
0x0000000040cee778:   00000007c000df00 00000006c3492550
0x0000000040cee788:   00000006c3490fd0 00000006c17700c0
0x0000000040cee798:   00000006c09d92f0 0000000000000003
0x0000000040cee7a8:   00000007505405b8 00000006c177ff70
0x0000000040cee7b8:   0000000f0000000f 00000007505405b8
0x0000000040cee7c8:   0000000750540600 00000007505405b8
0x0000000040cee7d8:   00000006cd0520b8 00000006d812582f
0x0000000040cee7e8:   000000000562c8bc 00000006f803f6e8
0x0000000040cee7f8:   00000007505405d0 00000006c0958948
0x0000000040cee808:   00000006c09ef9f0 00000007c0223a20 

Instructions: (pc=0x0000000750540700)
0x00000007505406e0:   05 00 00 00 21 01 00 00 05 00 00 00 00 00 00 00
0x00000007505406f0:   44 47 04 f8 57 05 00 00 04 00 00 00 20 01 00 00
0x0000000750540700:   05 00 00 00 00 00 00 00 44 47 04 f8 57 05 00 00
0x0000000750540710:   04 00 00 00 22 01 00 00 75 b6 00 f8 00 00 00 00 


Register to memory mapping:

RAX=0x0000000000000000 is an unknown value
RBX={method} {0x00000000247f7a40} 'func_76230_c' '()Z' in 'net/minecraft/block/material/MaterialLogic'
RCX=0x00000000000005ec is an unknown value
RDX=0x00000006c09b75d0 is an oop
net.minecraft.block.material.MaterialLogic 
 - klass: 'net/minecraft/block/material/MaterialLogic'
RSP=0x0000000040cee718 is pointing into the stack for thread: 0x0000000025278000
RBP=0x00000006c1761418 is an oop
net.minecraft.block.BlockRedstoneRepeater 
 - klass: 'net/minecraft/block/BlockRedstoneRepeater'
RSI=0x00000000d9b391be is an unknown value
RDI=0x0000001200000055 is an unknown value
R8 =0x0000000000000000 is an unknown value
R9 =0x00000006ce5d94b8 is an oop
[C 
 - klass: {type array char}
 - length: 4096
R10=0x00000000d8136eba is an unknown value
R11=0x00000006c5119b38 is an oop
[Ljava.lang.Object; 
 - klass: 'java/lang/Object'[]
 - length: 6246
R12=0x0000000000000000 is an unknown value
R13=
[error occurred during error reporting (printing register info), id 0xc0000005]

Stack: [0x0000000040bf0000,0x0000000040cf0000],  sp=0x0000000040cee718,  free space=1017k
Native frames: (J=compiled Java code, j=interpreted, Vv=VM code, C=native code)
C  0x0000000750540700


---------------  P R O C E S S  ---------------

Java Threads: ( => current thread )
  0x0000000022663800 JavaThread "File IO Thread" [_thread_blocked, id=15604, stack(0x00000000485f0000,0x00000000486f0000)]
  0x0000000022660000 JavaThread "JM-task-4" [_thread_blocked, id=15904, stack(0x00000000484f0000,0x00000000485f0000)]
  0x000000002265a800 JavaThread "JM-texture-3" [_thread_blocked, id=15340, stack(0x00000000472f0000,0x00000000473f0000)]
  0x0000000022658800 JavaThread "JM-texture-2" [_thread_blocked, id=15412, stack(0x0000000041c00000,0x0000000041d00000)]
  0x000000002265d800 JavaThread "Chunk I/O Executor Thread-1" daemon [_thread_blocked, id=15484, stack(0x00000000412f0000,0x00000000413f0000)]
  0x0000000022656000 JavaThread "Netty Server IO #1" daemon [_thread_in_native, id=10428, stack(0x0000000040ff0000,0x00000000410f0000)]
  0x0000000022657000 JavaThread "Netty Local Client IO #0" daemon [_thread_blocked, id=15464, stack(0x0000000040ef0000,0x0000000040ff0000)]
  0x000000002265a000 JavaThread "Netty Server IO #0" daemon [_thread_in_native, id=15740, stack(0x0000000040df0000,0x0000000040ef0000)]
=>0x0000000025278000 JavaThread "Server thread" [_thread_in_Java, id=15012, stack(0x0000000040bf0000,0x0000000040cf0000)]
  0x0000000025275000 JavaThread "Snooper Timer" daemon [_thread_blocked, id=14704, stack(0x0000000040af0000,0x0000000040bf0000)]
  0x0000000025277800 JavaThread "Thread-16" [_thread_blocked, id=15064, stack(0x00000000407f0000,0x00000000408f0000)]
  0x0000000025276800 JavaThread "Thread-15" [_thread_blocked, id=15684, stack(0x00000000406f0000,0x00000000407f0000)]
  0x000000002527c000 JavaThread "Chunk Batcher 1" daemon [_thread_blocked, id=15984, stack(0x0000000039d30000,0x0000000039e30000)]
  0x0000000025279000 JavaThread "Chunk Batcher 0" daemon [_thread_blocked, id=15552, stack(0x0000000039950000,0x0000000039a50000)]
  0x0000000024dc2000 JavaThread "LWJGL Timer" daemon [_thread_blocked, id=14588, stack(0x0000000031210000,0x0000000031310000)]
  0x00000000271f0800 JavaThread "Java2D Disposer" daemon [_thread_blocked, id=15100, stack(0x0000000028280000,0x0000000028380000)]
  0x00000000262d9000 JavaThread "Timer hack thread" daemon [_thread_blocked, id=14428, stack(0x0000000028180000,0x0000000028280000)]
  0x00000000221a4000 JavaThread "Snooper Timer" daemon [_thread_blocked, id=15096, stack(0x0000000024390000,0x0000000024490000)]
  0x0000000020122000 JavaThread "Service Thread" daemon [_thread_blocked, id=14892, stack(0x0000000020a30000,0x0000000020b30000)]
  0x00000000200a8000 JavaThread "C1 CompilerThread2" daemon [_thread_blocked, id=4596, stack(0x0000000020930000,0x0000000020a30000)]
  0x00000000200a4000 JavaThread "C2 CompilerThread1" daemon [_thread_blocked, id=15428, stack(0x0000000020830000,0x0000000020930000)]
  0x00000000200a3000 JavaThread "C2 CompilerThread0" daemon [_thread_blocked, id=14008, stack(0x0000000020730000,0x0000000020830000)]
  0x000000002009f800 JavaThread "Attach Listener" daemon [_thread_blocked, id=14356, stack(0x0000000020630000,0x0000000020730000)]
  0x000000002009d000 JavaThread "Signal Dispatcher" daemon [_thread_blocked, id=16068, stack(0x0000000020530000,0x0000000020630000)]
  0x000000002009c000 JavaThread "Surrogate Locker Thread (Concurrent GC)" daemon [_thread_blocked, id=15948, stack(0x0000000020430000,0x0000000020530000)]
  0x0000000020090800 JavaThread "Finalizer" daemon [_thread_blocked, id=12848, stack(0x0000000020330000,0x0000000020430000)]
  0x0000000003175800 JavaThread "Reference Handler" daemon [_thread_blocked, id=1388, stack(0x0000000020230000,0x0000000020330000)]
  0x0000000003093800 JavaThread "Client thread" [_thread_in_native, id=15972, stack(0x0000000001810000,0x0000000001910000)]

Other Threads:
  0x0000000003173800 VMThread [stack: 0x0000000020130000,0x0000000020230000] [id=15856]
  0x0000000020127000 WatcherThread [stack: 0x0000000020b30000,0x0000000020c30000] [id=15456]

VM state:not at safepoint (normal execution)

VM Mutex/Monitor currently owned by a thread: None

Heap:
 garbage-first heap   total 2752512K, used 1173858K [0x00000006c0000000, 0x0000000768000000, 0x00000007c0000000)
  region size 16384K, 25 young (409600K), 1 survivors (16384K)
 Metaspace       used 54297K, capacity 54909K, committed 55256K, reserved 1097728K
  class space    used 6493K, capacity 6637K, committed 6656K, reserved 1048576K

Heap Regions: (Y=young(eden), SU=young(survivor), HS=humongous(starts), HC=humongous(continues), CS=collection set, F=free, TS=gc time stamp, PTAMS=previous top-at-mark-start, NTAMS=next top-at-mark-start)
            TS     0 PTAMS 0x00000006c0fffff8 NTAMS 0x00000006c0fffff8 space 16384K,  99% used [0x00000006c0000000, 0x00000006c0fffff8, 0x00000006c1000000)
            TS     0 PTAMS 0x00000006c1ffffe8 NTAMS 0x00000006c1ffffe8 space 16384K,  99% used [0x00000006c1000000, 0x00000006c1ffffe8, 0x00000006c2000000)
            TS     0 PTAMS 0x00000006c2fffdf8 NTAMS 0x00000006c2fffdf8 space 16384K,  99% used [0x00000006c2000000, 0x00000006c2fffdf8, 0x00000006c3000000)
            TS     0 PTAMS 0x00000006c3ffffe8 NTAMS 0x00000006c3ffffe8 space 16384K,  99% used [0x00000006c3000000, 0x00000006c3ffffe8, 0x00000006c4000000)
            TS     0 PTAMS 0x00000006c4fff9e8 NTAMS 0x00000006c4fff9e8 space 16384K,  99% used [0x00000006c4000000, 0x00000006c4fff9e8, 0x00000006c5000000)
            TS     0 PTAMS 0x00000006c5fff390 NTAMS 0x00000006c5fff390 space 16384K,  99% used [0x00000006c5000000, 0x00000006c5fff390, 0x00000006c6000000)
            TS     0 PTAMS 0x00000006c6ffffe0 NTAMS 0x00000006c6ffffe0 space 16384K,  99% used [0x00000006c6000000, 0x00000006c6ffffe0, 0x00000006c7000000)
 HS         TS     0 PTAMS 0x00000006c7a00010 NTAMS 0x00000006c7a00010 space 16384K,  62% used [0x00000006c7000000, 0x00000006c7a00010, 0x00000006c8000000)
            TS     0 PTAMS 0x00000006c8ffffe0 NTAMS 0x00000006c8ffffe0 space 16384K,  99% used [0x00000006c8000000, 0x00000006c8ffffe0, 0x00000006c9000000)
            TS     0 PTAMS 0x00000006ca000000 NTAMS 0x00000006ca000000 space 16384K, 100% used [0x00000006c9000000, 0x00000006ca000000, 0x00000006ca000000)
            TS     0 PTAMS 0x00000006cafffff8 NTAMS 0x00000006cafffff8 space 16384K,  99% used [0x00000006ca000000, 0x00000006cafffff8, 0x00000006cb000000)
            TS     0 PTAMS 0x00000006cbffffe8 NTAMS 0x00000006cbffffe8 space 16384K,  99% used [0x00000006cb000000, 0x00000006cbffffe8, 0x00000006cc000000)
            TS     0 PTAMS 0x00000006ccffffe8 NTAMS 0x00000006ccffffe8 space 16384K,  99% used [0x00000006cc000000, 0x00000006ccffffe8, 0x00000006cd000000)
            TS     0 PTAMS 0x00000006cdffffe8 NTAMS 0x00000006cdffffe8 space 16384K,  99% used [0x00000006cd000000, 0x00000006cdffffe8, 0x00000006ce000000)
            TS     0 PTAMS 0x00000006cea3a658 NTAMS 0x00000006cea3a658 space 16384K,  63% used [0x00000006ce000000, 0x00000006cea3a658, 0x00000006cf000000)
            TS    33 PTAMS 0x00000006cf000000 NTAMS 0x00000006cf000000 space 16384K, 100% used [0x00000006cf000000, 0x00000006d0000000, 0x00000006d0000000)
            TS    35 PTAMS 0x00000006d0000000 NTAMS 0x00000006d0000000 space 16384K, 100% used [0x00000006d0000000, 0x00000006d1000000, 0x00000006d1000000)
            TS    59 PTAMS 0x00000006d1000000 NTAMS 0x00000006d1000000 space 16384K, 100% used [0x00000006d1000000, 0x00000006d2000000, 0x00000006d2000000)
            TS   109 PTAMS 0x00000006d2000000 NTAMS 0x00000006d2000000 space 16384K, 100% used [0x00000006d2000000, 0x00000006d3000000, 0x00000006d3000000)
            TS     0 PTAMS 0x00000006d4000000 NTAMS 0x00000006d4000000 space 16384K, 100% used [0x00000006d3000000, 0x00000006d4000000, 0x00000006d4000000)
            TS    29 PTAMS 0x00000006d4577858 NTAMS 0x00000006d4577858 space 16384K, 100% used [0x00000006d4000000, 0x00000006d5000000, 0x00000006d5000000)
 HS         TS     0 PTAMS 0x00000006d5000000 NTAMS 0x00000006d5000000 space 32768K,  50% used [0x00000006d5000000, 0x00000006d6000010, 0x00000006d7000000)
 HC         TS     0 PTAMS 0x00000006d6000000 NTAMS 0x00000006d6000000 space 16384K,   0% used [0x00000006d6000000, 0x00000006d6000010, 0x00000006d7000000)
 HS         TS     0 PTAMS 0x00000006d7000000 NTAMS 0x00000006d7000000 space 32768K,  50% used [0x00000006d7000000, 0x00000006d8000010, 0x00000006d9000000)
 HC         TS     0 PTAMS 0x00000006d8000000 NTAMS 0x00000006d8000000 space 16384K,   0% used [0x00000006d8000000, 0x00000006d8000010, 0x00000006d9000000)
 HS         TS     0 PTAMS 0x00000006d9000000 NTAMS 0x00000006d9000000 space 32768K,  50% used [0x00000006d9000000, 0x00000006da000010, 0x00000006db000000)
 HC         TS     0 PTAMS 0x00000006da000000 NTAMS 0x00000006da000000 space 16384K,   0% used [0x00000006da000000, 0x00000006da000010, 0x00000006db000000)
 HS         TS     0 PTAMS 0x00000006db000000 NTAMS 0x00000006db000000 space 32768K,  50% used [0x00000006db000000, 0x00000006dc000010, 0x00000006dd000000)
 HC         TS     0 PTAMS 0x00000006dc000000 NTAMS 0x00000006dc000000 space 16384K,   0% used [0x00000006dc000000, 0x00000006dc000010, 0x00000006dd000000)
            TS   333 PTAMS 0x00000006dd000000 NTAMS 0x00000006dd000000 space 16384K, 100% used [0x00000006dd000000, 0x00000006de000000, 0x00000006de000000)
            TS   435 PTAMS 0x00000006de000000 NTAMS 0x00000006de000000 space 16384K,  56% used [0x00000006de000000, 0x00000006de90a800, 0x00000006df000000)
          F TS     3 PTAMS 0x00000006df000000 NTAMS 0x00000006df000000 space 16384K,   0% used [0x00000006df000000, 0x00000006df000000, 0x00000006e0000000)
 HS         TS     1 PTAMS 0x00000006e0000000 NTAMS 0x00000006e0000000 space 32768K,  50% used [0x00000006e0000000, 0x00000006e1000010, 0x00000006e2000000)
 HC         TS     1 PTAMS 0x00000006e1000000 NTAMS 0x00000006e1000000 space 16384K,   0% used [0x00000006e1000000, 0x00000006e1000010, 0x00000006e2000000)
 HS         TS     1 PTAMS 0x00000006e2000000 NTAMS 0x00000006e2000000 space 32768K,  50% used [0x00000006e2000000, 0x00000006e3000010, 0x00000006e4000000)
 HC         TS     1 PTAMS 0x00000006e3000000 NTAMS 0x00000006e3000000 space 16384K,   0% used [0x00000006e3000000, 0x00000006e3000010, 0x00000006e4000000)
 HS         TS     1 PTAMS 0x00000006e4000000 NTAMS 0x00000006e4000000 space 32768K,  50% used [0x00000006e4000000, 0x00000006e5000010, 0x00000006e6000000)
 HC         TS     1 PTAMS 0x00000006e5000000 NTAMS 0x00000006e5000000 space 16384K,   0% used [0x00000006e5000000, 0x00000006e5000010, 0x00000006e6000000)
 HS         TS     1 PTAMS 0x00000006e6000000 NTAMS 0x00000006e6000000 space 32768K,  50% used [0x00000006e6000000, 0x00000006e7000010, 0x00000006e8000000)
 HC         TS     1 PTAMS 0x00000006e7000000 NTAMS 0x00000006e7000000 space 16384K,   0% used [0x00000006e7000000, 0x00000006e7000010, 0x00000006e8000000)
 HS         TS     1 PTAMS 0x00000006e8000000 NTAMS 0x00000006e8000000 space 32768K,  50% used [0x00000006e8000000, 0x00000006e9000010, 0x00000006ea000000)
 HC         TS     0 PTAMS 0x00000006e9000000 NTAMS 0x00000006e9000000 space 16384K,   0% used [0x00000006e9000000, 0x00000006e9000010, 0x00000006ea000000)
 HS         TS     0 PTAMS 0x00000006ea000000 NTAMS 0x00000006ea000000 space 32768K,  50% used [0x00000006ea000000, 0x00000006eb000010, 0x00000006ec000000)
 HC         TS     0 PTAMS 0x00000006eb000000 NTAMS 0x00000006eb000000 space 16384K,   0% used [0x00000006eb000000, 0x00000006eb000010, 0x00000006ec000000)
 HS         TS     5 PTAMS 0x00000006ec000000 NTAMS 0x00000006ec000000 space 32768K,  50% used [0x00000006ec000000, 0x00000006ed000010, 0x00000006ee000000)
 HC         TS     5 PTAMS 0x00000006ed000000 NTAMS 0x00000006ed000000 space 16384K,   0% used [0x00000006ed000000, 0x00000006ed000010, 0x00000006ee000000)
 HS         TS     5 PTAMS 0x00000006ee000000 NTAMS 0x00000006ee000000 space 32768K,  50% used [0x00000006ee000000, 0x00000006ef000010, 0x00000006f0000000)
 HC         TS     5 PTAMS 0x00000006ef000000 NTAMS 0x00000006ef000000 space 16384K,   0% used [0x00000006ef000000, 0x00000006ef000010, 0x00000006f0000000)
 HS         TS     3 PTAMS 0x00000006f0000000 NTAMS 0x00000006f0000000 space 32768K,  50% used [0x00000006f0000000, 0x00000006f1000010, 0x00000006f2000000)
 HC         TS     3 PTAMS 0x00000006f1000000 NTAMS 0x00000006f1000000 space 16384K,   0% used [0x00000006f1000000, 0x00000006f1000010, 0x00000006f2000000)
 HS         TS     3 PTAMS 0x00000006f2000000 NTAMS 0x00000006f2000000 space 32768K,  50% used [0x00000006f2000000, 0x00000006f3000010, 0x00000006f4000000)
 HC         TS     3 PTAMS 0x00000006f3000000 NTAMS 0x00000006f3000000 space 16384K,   0% used [0x00000006f3000000, 0x00000006f3000010, 0x00000006f4000000)
 HS         TS     3 PTAMS 0x00000006f4000000 NTAMS 0x00000006f4000000 space 32768K,  50% used [0x00000006f4000000, 0x00000006f5000010, 0x00000006f6000000)
 HC         TS     3 PTAMS 0x00000006f5000000 NTAMS 0x00000006f5000000 space 16384K,   0% used [0x00000006f5000000, 0x00000006f5000010, 0x00000006f6000000)
 HS         TS     3 PTAMS 0x00000006f6000000 NTAMS 0x00000006f6000000 space 32768K,  50% used [0x00000006f6000000, 0x00000006f7000010, 0x00000006f8000000)
 HC         TS     3 PTAMS 0x00000006f7000000 NTAMS 0x00000006f7000000 space 16384K,   0% used [0x00000006f7000000, 0x00000006f7000010, 0x00000006f8000000)
 HS         TS     3 PTAMS 0x00000006f8000000 NTAMS 0x00000006f8000000 space 32768K,  50% used [0x00000006f8000000, 0x00000006f9000010, 0x00000006fa000000)
 HC         TS     3 PTAMS 0x00000006f9000000 NTAMS 0x00000006f9000000 space 16384K,   0% used [0x00000006f9000000, 0x00000006f9000010, 0x00000006fa000000)
 HS         TS     3 PTAMS 0x00000006fa000000 NTAMS 0x00000006fa000000 space 32768K,  50% used [0x00000006fa000000, 0x00000006fb000010, 0x00000006fc000000)
 HC         TS     3 PTAMS 0x00000006fb000000 NTAMS 0x00000006fb000000 space 16384K,   0% used [0x00000006fb000000, 0x00000006fb000010, 0x00000006fc000000)
 HS         TS     3 PTAMS 0x00000006fc000000 NTAMS 0x00000006fc000000 space 32768K,  50% used [0x00000006fc000000, 0x00000006fd000010, 0x00000006fe000000)
 HC         TS     3 PTAMS 0x00000006fd000000 NTAMS 0x00000006fd000000 space 16384K,   0% used [0x00000006fd000000, 0x00000006fd000010, 0x00000006fe000000)
 HS         TS     7 PTAMS 0x00000006fe000000 NTAMS 0x00000006fe000000 space 32768K,  50% used [0x00000006fe000000, 0x00000006ff000010, 0x0000000700000000)
 HC         TS     7 PTAMS 0x00000006ff000000 NTAMS 0x00000006ff000000 space 16384K,   0% used [0x00000006ff000000, 0x00000006ff000010, 0x0000000700000000)
 HS         TS     7 PTAMS 0x0000000700000000 NTAMS 0x0000000700000000 space 32768K,  50% used [0x0000000700000000, 0x0000000701000010, 0x0000000702000000)
 HC         TS     7 PTAMS 0x0000000701000000 NTAMS 0x0000000701000000 space 16384K,   0% used [0x0000000701000000, 0x0000000701000010, 0x0000000702000000)
 HS         TS     7 PTAMS 0x0000000702000000 NTAMS 0x0000000702000000 space 32768K,  50% used [0x0000000702000000, 0x0000000703000010, 0x0000000704000000)
 HC         TS     5 PTAMS 0x0000000703000000 NTAMS 0x0000000703000000 space 16384K,   0% used [0x0000000703000000, 0x0000000703000010, 0x0000000704000000)
 HS         TS     5 PTAMS 0x0000000704000000 NTAMS 0x0000000704000000 space 32768K,  50% used [0x0000000704000000, 0x0000000705000010, 0x0000000706000000)
 HC         TS     5 PTAMS 0x0000000705000000 NTAMS 0x0000000705000000 space 16384K,   0% used [0x0000000705000000, 0x0000000705000010, 0x0000000706000000)
 HS         TS     9 PTAMS 0x0000000706000000 NTAMS 0x0000000706000000 space 32768K,  50% used [0x0000000706000000, 0x0000000707000010, 0x0000000708000000)
 HC         TS     9 PTAMS 0x0000000707000000 NTAMS 0x0000000707000000 space 16384K,   0% used [0x0000000707000000, 0x0000000707000010, 0x0000000708000000)
 HS         TS     9 PTAMS 0x0000000708000000 NTAMS 0x0000000708000000 space 32768K,  50% used [0x0000000708000000, 0x0000000709000010, 0x000000070a000000)
 HC         TS    13 PTAMS 0x0000000709000000 NTAMS 0x0000000709000000 space 16384K,   0% used [0x0000000709000000, 0x0000000709000010, 0x000000070a000000)
 HS         TS    13 PTAMS 0x000000070a000000 NTAMS 0x000000070a000000 space 32768K,  50% used [0x000000070a000000, 0x000000070b000010, 0x000000070c000000)
 HC         TS    13 PTAMS 0x000000070b000000 NTAMS 0x000000070b000000 space 16384K,   0% used [0x000000070b000000, 0x000000070b000010, 0x000000070c000000)
          F TS    17 PTAMS 0x000000070c000000 NTAMS 0x000000070c000000 space 16384K,   0% used [0x000000070c000000, 0x000000070c000000, 0x000000070d000000)
          F TS    17 PTAMS 0x000000070d000000 NTAMS 0x000000070d000000 space 16384K,   0% used [0x000000070d000000, 0x000000070d000000, 0x000000070e000000)
          F TS    15 PTAMS 0x000000070e000000 NTAMS 0x000000070e000000 space 16384K,   0% used [0x000000070e000000, 0x000000070e000000, 0x000000070f000000)
          F TS    15 PTAMS 0x000000070f000000 NTAMS 0x000000070f000000 space 16384K,   0% used [0x000000070f000000, 0x000000070f000000, 0x0000000710000000)
          F TS    15 PTAMS 0x0000000710000000 NTAMS 0x0000000710000000 space 16384K,   0% used [0x0000000710000000, 0x0000000710000000, 0x0000000711000000)
          F TS    15 PTAMS 0x0000000711000000 NTAMS 0x0000000711000000 space 16384K,   0% used [0x0000000711000000, 0x0000000711000000, 0x0000000712000000)
          F TS    15 PTAMS 0x0000000712000000 NTAMS 0x0000000712000000 space 16384K,   0% used [0x0000000712000000, 0x0000000712000000, 0x0000000713000000)
          F TS    17 PTAMS 0x0000000713000000 NTAMS 0x0000000713000000 space 16384K,   0% used [0x0000000713000000, 0x0000000713000000, 0x0000000714000000)
          F TS    17 PTAMS 0x0000000714000000 NTAMS 0x0000000714000000 space 16384K,   0% used [0x0000000714000000, 0x0000000714000000, 0x0000000715000000)
          F TS    17 PTAMS 0x0000000715000000 NTAMS 0x0000000715000000 space 16384K,   0% used [0x0000000715000000, 0x0000000715000000, 0x0000000716000000)
          F TS    17 PTAMS 0x0000000716000000 NTAMS 0x0000000716000000 space 16384K,   0% used [0x0000000716000000, 0x0000000716000000, 0x0000000717000000)
          F TS    15 PTAMS 0x0000000717000000 NTAMS 0x0000000717000000 space 16384K,   0% used [0x0000000717000000, 0x0000000717000000, 0x0000000718000000)
          F TS    21 PTAMS 0x0000000718000000 NTAMS 0x0000000718000000 space 16384K,   0% used [0x0000000718000000, 0x0000000718000000, 0x0000000719000000)
          F TS    29 PTAMS 0x0000000719000000 NTAMS 0x0000000719000000 space 16384K,   0% used [0x0000000719000000, 0x0000000719000000, 0x000000071a000000)
          F TS    33 PTAMS 0x000000071a000000 NTAMS 0x000000071a000000 space 16384K,   0% used [0x000000071a000000, 0x000000071a000000, 0x000000071b000000)
          F TS    33 PTAMS 0x000000071b000000 NTAMS 0x000000071b000000 space 16384K,   0% used [0x000000071b000000, 0x000000071b000000, 0x000000071c000000)
          F TS    37 PTAMS 0x000000071c000000 NTAMS 0x000000071c000000 space 16384K,   0% used [0x000000071c000000, 0x000000071c000000, 0x000000071d000000)
          F TS    49 PTAMS 0x000000071d000000 NTAMS 0x000000071d000000 space 16384K,   0% used [0x000000071d000000, 0x000000071d000000, 0x000000071e000000)
          F TS    57 PTAMS 0x000000071e000000 NTAMS 0x000000071e000000 space 16384K,   0% used [0x000000071e000000, 0x000000071e000000, 0x000000071f000000)
          F TS    59 PTAMS 0x000000071f000000 NTAMS 0x000000071f000000 space 16384K,   0% used [0x000000071f000000, 0x000000071f000000, 0x0000000720000000)
          F TS    57 PTAMS 0x0000000720000000 NTAMS 0x0000000720000000 space 16384K,   0% used [0x0000000720000000, 0x0000000720000000, 0x0000000721000000)
          F TS    81 PTAMS 0x0000000721000000 NTAMS 0x0000000721000000 space 16384K,   0% used [0x0000000721000000, 0x0000000721000000, 0x0000000722000000)
          F TS    99 PTAMS 0x0000000722000000 NTAMS 0x0000000722000000 space 16384K,   0% used [0x0000000722000000, 0x0000000722000000, 0x0000000723000000)
          F TS   109 PTAMS 0x0000000723000000 NTAMS 0x0000000723000000 space 16384K,   0% used [0x0000000723000000, 0x0000000723000000, 0x0000000724000000)
          F TS   125 PTAMS 0x0000000724000000 NTAMS 0x0000000724000000 space 16384K,   0% used [0x0000000724000000, 0x0000000724000000, 0x0000000725000000)
          F TS   127 PTAMS 0x0000000725000000 NTAMS 0x0000000725000000 space 16384K,   0% used [0x0000000725000000, 0x0000000725000000, 0x0000000726000000)
          F TS   131 PTAMS 0x0000000726000000 NTAMS 0x0000000726000000 space 16384K,   0% used [0x0000000726000000, 0x0000000726000000, 0x0000000727000000)
          F TS   133 PTAMS 0x0000000727000000 NTAMS 0x0000000727000000 space 16384K,   0% used [0x0000000727000000, 0x0000000727000000, 0x0000000728000000)
          F TS   193 PTAMS 0x0000000728000000 NTAMS 0x0000000728000000 space 16384K,   0% used [0x0000000728000000, 0x0000000728000000, 0x0000000729000000)
          F TS   191 PTAMS 0x0000000729000000 NTAMS 0x0000000729000000 space 16384K,   0% used [0x0000000729000000, 0x0000000729000000, 0x000000072a000000)
          F TS   213 PTAMS 0x000000072a000000 NTAMS 0x000000072a000000 space 16384K,   0% used [0x000000072a000000, 0x000000072a000000, 0x000000072b000000)
          F TS   329 PTAMS 0x000000072b000000 NTAMS 0x000000072b000000 space 16384K,   0% used [0x000000072b000000, 0x000000072b000000, 0x000000072c000000)
          F TS   411 PTAMS 0x000000072c000000 NTAMS 0x000000072c000000 space 16384K,   0% used [0x000000072c000000, 0x000000072c000000, 0x000000072d000000)
    CS SU   TS   435 PTAMS 0x000000072d000000 NTAMS 0x000000072d000000 space 16384K,  81% used [0x000000072d000000, 0x000000072dd14f80, 0x000000072e000000)
          F TS   435 PTAMS 0x000000072e000000 NTAMS 0x000000072e000000 space 16384K,   0% used [0x000000072e000000, 0x000000072e000000, 0x000000072f000000)
          F TS   435 PTAMS 0x000000072f000000 NTAMS 0x000000072f000000 space 16384K,   0% used [0x000000072f000000, 0x000000072f000000, 0x0000000730000000)
          F TS   435 PTAMS 0x0000000730000000 NTAMS 0x0000000730000000 space 16384K,   0% used [0x0000000730000000, 0x0000000730000000, 0x0000000731000000)
          F TS   435 PTAMS 0x0000000731000000 NTAMS 0x0000000731000000 space 16384K,   0% used [0x0000000731000000, 0x0000000731000000, 0x0000000732000000)
          F TS   435 PTAMS 0x0000000732000000 NTAMS 0x0000000732000000 space 16384K,   0% used [0x0000000732000000, 0x0000000732000000, 0x0000000733000000)
          F TS   435 PTAMS 0x0000000733000000 NTAMS 0x0000000733000000 space 16384K,   0% used [0x0000000733000000, 0x0000000733000000, 0x0000000734000000)
          F TS   435 PTAMS 0x0000000734000000 NTAMS 0x0000000734000000 space 16384K,   0% used [0x0000000734000000, 0x0000000734000000, 0x0000000735000000)
          F TS   435 PTAMS 0x0000000735000000 NTAMS 0x0000000735000000 space 16384K,   0% used [0x0000000735000000, 0x0000000735000000, 0x0000000736000000)
          F TS   435 PTAMS 0x0000000736000000 NTAMS 0x0000000736000000 space 16384K,   0% used [0x0000000736000000, 0x0000000736000000, 0x0000000737000000)
          F TS   435 PTAMS 0x0000000737000000 NTAMS 0x0000000737000000 space 16384K,   0% used [0x0000000737000000, 0x0000000737000000, 0x0000000738000000)
          F TS   435 PTAMS 0x0000000738000000 NTAMS 0x0000000738000000 space 16384K,   0% used [0x0000000738000000, 0x0000000738000000, 0x0000000739000000)
          F TS   435 PTAMS 0x0000000739000000 NTAMS 0x0000000739000000 space 16384K,   0% used [0x0000000739000000, 0x0000000739000000, 0x000000073a000000)
          F TS   435 PTAMS 0x000000073a000000 NTAMS 0x000000073a000000 space 16384K,   0% used [0x000000073a000000, 0x000000073a000000, 0x000000073b000000)
          F TS   435 PTAMS 0x000000073b000000 NTAMS 0x000000073b000000 space 16384K,   0% used [0x000000073b000000, 0x000000073b000000, 0x000000073c000000)
          F TS   435 PTAMS 0x000000073c000000 NTAMS 0x000000073c000000 space 16384K,   0% used [0x000000073c000000, 0x000000073c000000, 0x000000073d000000)
          F TS   435 PTAMS 0x000000073d000000 NTAMS 0x000000073d000000 space 16384K,   0% used [0x000000073d000000, 0x000000073d000000, 0x000000073e000000)
          F TS   435 PTAMS 0x000000073e000000 NTAMS 0x000000073e000000 space 16384K,   0% used [0x000000073e000000, 0x000000073e000000, 0x000000073f000000)
          F TS   435 PTAMS 0x000000073f000000 NTAMS 0x000000073f000000 space 16384K,   0% used [0x000000073f000000, 0x000000073f000000, 0x0000000740000000)
          F TS   435 PTAMS 0x0000000740000000 NTAMS 0x0000000740000000 space 16384K,   0% used [0x0000000740000000, 0x0000000740000000, 0x0000000741000000)
          F TS   435 PTAMS 0x0000000741000000 NTAMS 0x0000000741000000 space 16384K,   0% used [0x0000000741000000, 0x0000000741000000, 0x0000000742000000)
          F TS   435 PTAMS 0x0000000742000000 NTAMS 0x0000000742000000 space 16384K,   0% used [0x0000000742000000, 0x0000000742000000, 0x0000000743000000)
          F TS   435 PTAMS 0x0000000743000000 NTAMS 0x0000000743000000 space 16384K,   0% used [0x0000000743000000, 0x0000000743000000, 0x0000000744000000)
          F TS   435 PTAMS 0x0000000744000000 NTAMS 0x0000000744000000 space 16384K,   0% used [0x0000000744000000, 0x0000000744000000, 0x0000000745000000)
          F TS   435 PTAMS 0x0000000745000000 NTAMS 0x0000000745000000 space 16384K,   0% used [0x0000000745000000, 0x0000000745000000, 0x0000000746000000)
          F TS   435 PTAMS 0x0000000746000000 NTAMS 0x0000000746000000 space 16384K,   0% used [0x0000000746000000, 0x0000000746000000, 0x0000000747000000)
          F TS   435 PTAMS 0x0000000747000000 NTAMS 0x0000000747000000 space 16384K,   0% used [0x0000000747000000, 0x0000000747000000, 0x0000000748000000)
          F TS   435 PTAMS 0x0000000748000000 NTAMS 0x0000000748000000 space 16384K,   0% used [0x0000000748000000, 0x0000000748000000, 0x0000000749000000)
          F TS   435 PTAMS 0x0000000749000000 NTAMS 0x0000000749000000 space 16384K,   0% used [0x0000000749000000, 0x0000000749000000, 0x000000074a000000)
          F TS   435 PTAMS 0x000000074a000000 NTAMS 0x000000074a000000 space 16384K,   0% used [0x000000074a000000, 0x000000074a000000, 0x000000074b000000)
          F TS   435 PTAMS 0x000000074b000000 NTAMS 0x000000074b000000 space 16384K,   0% used [0x000000074b000000, 0x000000074b000000, 0x000000074c000000)
          F TS   435 PTAMS 0x000000074c000000 NTAMS 0x000000074c000000 space 16384K,   0% used [0x000000074c000000, 0x000000074c000000, 0x000000074d000000)
          F TS   435 PTAMS 0x000000074d000000 NTAMS 0x000000074d000000 space 16384K,   0% used [0x000000074d000000, 0x000000074d000000, 0x000000074e000000)
          F TS   435 PTAMS 0x000000074e000000 NTAMS 0x000000074e000000 space 16384K,   0% used [0x000000074e000000, 0x000000074e000000, 0x000000074f000000)
          F TS   435 PTAMS 0x000000074f000000 NTAMS 0x000000074f000000 space 16384K,   0% used [0x000000074f000000, 0x000000074f000000, 0x0000000750000000)
       Y    TS   435 PTAMS 0x0000000750000000 NTAMS 0x0000000750000000 space 16384K,  55% used [0x0000000750000000, 0x00000007508f44a8, 0x0000000751000000)
    CS Y    TS   435 PTAMS 0x0000000751000000 NTAMS 0x0000000751000000 space 16384K, 100% used [0x0000000751000000, 0x0000000752000000, 0x0000000752000000)
    CS Y    TS   435 PTAMS 0x0000000752000000 NTAMS 0x0000000752000000 space 16384K, 100% used [0x0000000752000000, 0x0000000753000000, 0x0000000753000000)
    CS Y    TS   435 PTAMS 0x0000000753000000 NTAMS 0x0000000753000000 space 16384K, 100% used [0x0000000753000000, 0x0000000754000000, 0x0000000754000000)
    CS Y    TS   435 PTAMS 0x0000000754000000 NTAMS 0x0000000754000000 space 16384K, 100% used [0x0000000754000000, 0x0000000755000000, 0x0000000755000000)
    CS Y    TS   435 PTAMS 0x0000000755000000 NTAMS 0x0000000755000000 space 16384K, 100% used [0x0000000755000000, 0x0000000756000000, 0x0000000756000000)
    CS Y    TS   435 PTAMS 0x0000000756000000 NTAMS 0x0000000756000000 space 16384K, 100% used [0x0000000756000000, 0x0000000757000000, 0x0000000757000000)
    CS Y    TS   435 PTAMS 0x0000000757000000 NTAMS 0x0000000757000000 space 16384K, 100% used [0x0000000757000000, 0x0000000758000000, 0x0000000758000000)
    CS Y    TS   435 PTAMS 0x0000000758000000 NTAMS 0x0000000758000000 space 16384K, 100% used [0x0000000758000000, 0x0000000759000000, 0x0000000759000000)
    CS Y    TS   435 PTAMS 0x0000000759000000 NTAMS 0x0000000759000000 space 16384K, 100% used [0x0000000759000000, 0x000000075a000000, 0x000000075a000000)
    CS Y    TS   435 PTAMS 0x000000075a000000 NTAMS 0x000000075a000000 space 16384K, 100% used [0x000000075a000000, 0x000000075b000000, 0x000000075b000000)
    CS Y    TS   435 PTAMS 0x000000075b000000 NTAMS 0x000000075b000000 space 16384K, 100% used [0x000000075b000000, 0x000000075c000000, 0x000000075c000000)
    CS Y    TS   435 PTAMS 0x000000075c000000 NTAMS 0x000000075c000000 space 16384K, 100% used [0x000000075c000000, 0x000000075d000000, 0x000000075d000000)
    CS Y    TS   435 PTAMS 0x000000075d000000 NTAMS 0x000000075d000000 space 16384K, 100% used [0x000000075d000000, 0x000000075e000000, 0x000000075e000000)
    CS Y    TS   435 PTAMS 0x000000075e000000 NTAMS 0x000000075e000000 space 16384K, 100% used [0x000000075e000000, 0x000000075f000000, 0x000000075f000000)
    CS Y    TS   435 PTAMS 0x000000075f000000 NTAMS 0x000000075f000000 space 16384K, 100% used [0x000000075f000000, 0x0000000760000000, 0x0000000760000000)
    CS Y    TS   435 PTAMS 0x0000000760000000 NTAMS 0x0000000760000000 space 16384K, 100% used [0x0000000760000000, 0x0000000761000000, 0x0000000761000000)
    CS Y    TS   435 PTAMS 0x0000000761000000 NTAMS 0x0000000761000000 space 16384K, 100% used [0x0000000761000000, 0x0000000762000000, 0x0000000762000000)
    CS Y    TS   435 PTAMS 0x0000000762000000 NTAMS 0x0000000762000000 space 16384K, 100% used [0x0000000762000000, 0x0000000763000000, 0x0000000763000000)
    CS Y    TS   435 PTAMS 0x0000000763000000 NTAMS 0x0000000763000000 space 16384K, 100% used [0x0000000763000000, 0x0000000764000000, 0x0000000764000000)
    CS Y    TS   435 PTAMS 0x0000000764000000 NTAMS 0x0000000764000000 space 16384K, 100% used [0x0000000764000000, 0x0000000765000000, 0x0000000765000000)
    CS Y    TS   435 PTAMS 0x0000000765000000 NTAMS 0x0000000765000000 space 16384K, 100% used [0x0000000765000000, 0x0000000766000000, 0x0000000766000000)
    CS Y    TS   435 PTAMS 0x0000000766000000 NTAMS 0x0000000766000000 space 16384K, 100% used [0x0000000766000000, 0x0000000767000000, 0x0000000767000000)
    CS Y    TS   435 PTAMS 0x0000000767000000 NTAMS 0x0000000767000000 space 16384K, 100% used [0x0000000767000000, 0x0000000768000000, 0x0000000768000000)

Card table byte_map: [0x0000000013360000,0x0000000013b70000] byte_map_base: 0x000000000fd60000

Marking Bits (Prev, Next): (CMBitMap*) 0x00000000030bee00, (CMBitMap*) 0x00000000030bed48
 Prev Bits: [0x0000000018ca0000, 0x000000001cca0000)
 Next Bits: [0x0000000014c90000, 0x0000000018c90000)

Polling page: 0x00000000013e0000

CodeCache: size=245760Kb used=45299Kb max_used=45432Kb free=200460Kb
 bounds [0x0000000003260000, 0x0000000005f60000, 0x0000000012260000]
 total_blobs=12579 nmethods=11621 adapters=867
 compilation: enabled

Compilation events (10 events):
Event: 784.910 Thread 0x00000000200a8000 18562       1       net.minecraft.network.play.server.S0EPacketSpawnObject::func_149010_g (5 bytes)
Event: 784.910 Thread 0x00000000200a8000 nmethod 18562 0x000000000537a9d0 code [0x000000000537ab20, 0x000000000537ac30]
Event: 784.910 Thread 0x00000000200a8000 18563       1       net.minecraft.network.play.server.S0EPacketSpawnObject::func_149004_h (5 bytes)
Event: 784.910 Thread 0x00000000200a8000 nmethod 18563 0x00000000058f2410 code [0x00000000058f2560, 0x00000000058f2670]
Event: 784.910 Thread 0x00000000200a8000 18564       1       net.minecraft.network.play.server.S0EPacketSpawnObject::func_148999_i (5 bytes)
Event: 784.910 Thread 0x00000000200a8000 nmethod 18564 0x00000000058f2150 code [0x00000000058f22a0, 0x00000000058f23b0]
Event: 785.442 Thread 0x00000000200a8000 18565       3       net.minecraft.client.gui.GuiChat::func_73869_a (210 bytes)
Event: 785.443 Thread 0x00000000200a8000 nmethod 18565 0x00000000058f0910 code [0x00000000058f0ba0, 0x00000000058f1b78]
Event: 785.454 Thread 0x00000000200a8000 18566       3       net.minecraft.entity.Entity::func_70089_S (13 bytes)
Event: 785.454 Thread 0x00000000200a8000 nmethod 18566 0x00000000058f0590 code [0x00000000058f06e0, 0x00000000058f0890]

GC Heap History (10 events):
Event: 773.465 GC heap before
{Heap before GC invocations=295 (full 5):
 garbage-first heap   total 2752512K, used 1726272K [0x00000006c0000000, 0x0000000768000000, 0x00000007c0000000)
  region size 16384K, 58 young (950272K), 1 survivors (16384K)
 Metaspace       used 54274K, capacity 54845K, committed 55256K, reserved 1097728K
  class space    used 6493K, capacity 6637K, committed 6656K, reserved 1048576K
Event: 773.472 GC heap after
Heap after GC invocations=296 (full 5):
 garbage-first heap   total 2752512K, used 792887K [0x00000006c0000000, 0x0000000768000000, 0x00000007c0000000)
  region size 16384K, 1 young (16384K), 1 survivors (16384K)
 Metaspace       used 54274K, capacity 54845K, committed 55256K, reserved 1097728K
  class space    used 6493K, capacity 6637K, committed 6656K, reserved 1048576K
}
Event: 776.096 GC heap before
{Heap before GC invocations=296 (full 5):
 garbage-first heap   total 2752512K, used 1726775K [0x00000006c0000000, 0x0000000768000000, 0x00000007c0000000)
  region size 16384K, 58 young (950272K), 1 survivors (16384K)
 Metaspace       used 54274K, capacity 54845K, committed 55256K, reserved 1097728K
  class space    used 6493K, capacity 6637K, committed 6656K, reserved 1048576K
Event: 776.106 GC heap after
Heap after GC invocations=297 (full 5):
 garbage-first heap   total 2752512K, used 797487K [0x00000006c0000000, 0x0000000768000000, 0x00000007c0000000)
  region size 16384K, 1 young (16384K), 1 survivors (16384K)
 Metaspace       used 54274K, capacity 54845K, committed 55256K, reserved 1097728K
  class space    used 6493K, capacity 6637K, committed 6656K, reserved 1048576K
}
Event: 779.008 GC heap before
{Heap before GC invocations=297 (full 5):
 garbage-first heap   total 2752512K, used 1731375K [0x00000006c0000000, 0x0000000768000000, 0x00000007c0000000)
  region size 16384K, 58 young (950272K), 1 survivors (16384K)
 Metaspace       used 54274K, capacity 54845K, committed 55256K, reserved 1097728K
  class space    used 6493K, capacity 6637K, committed 6656K, reserved 1048576K
Event: 779.016 GC heap after
Heap after GC invocations=298 (full 5):
 garbage-first heap   total 2752512K, used 798283K [0x00000006c0000000, 0x0000000768000000, 0x00000007c0000000)
  region size 16384K, 1 young (16384K), 1 survivors (16384K)
 Metaspace       used 54274K, capacity 54845K, committed 55256K, reserved 1097728K
  class space    used 6493K, capacity 6637K, committed 6656K, reserved 1048576K
}
Event: 781.962 GC heap before
{Heap before GC invocations=298 (full 5):
 garbage-first heap   total 2752512K, used 1732171K [0x00000006c0000000, 0x0000000768000000, 0x00000007c0000000)
  region size 16384K, 58 young (950272K), 1 survivors (16384K)
 Metaspace       used 54282K, capacity 54909K, committed 55256K, reserved 1097728K
  class space    used 6493K, capacity 6637K, committed 6656K, reserved 1048576K
Event: 781.969 GC heap after
Heap after GC invocations=299 (full 5):
 garbage-first heap   total 2752512K, used 793846K [0x00000006c0000000, 0x0000000768000000, 0x00000007c0000000)
  region size 16384K, 1 young (16384K), 1 survivors (16384K)
 Metaspace       used 54282K, capacity 54909K, committed 55256K, reserved 1097728K
  class space    used 6493K, capacity 6637K, committed 6656K, reserved 1048576K
}
Event: 784.711 GC heap before
{Heap before GC invocations=299 (full 5):
 garbage-first heap   total 2752512K, used 1727734K [0x00000006c0000000, 0x0000000768000000, 0x00000007c0000000)
  region size 16384K, 58 young (950272K), 1 survivors (16384K)
 Metaspace       used 54284K, capacity 54909K, committed 55256K, reserved 1097728K
  class space    used 6493K, capacity 6637K, committed 6656K, reserved 1048576K
Event: 784.723 GC heap after
Heap after GC invocations=300 (full 5):
 garbage-first heap   total 2752512K, used 797026K [0x00000006c0000000, 0x0000000768000000, 0x00000007c0000000)
  region size 16384K, 1 young (16384K), 1 survivors (16384K)
 Metaspace       used 54284K, capacity 54909K, committed 55256K, reserved 1097728K
  class space    used 6493K, capacity 6637K, committed 6656K, reserved 1048576K
}

Deoptimization events (10 events):
Event: 758.440 Thread 0x0000000003093800 Uncommon trap: reason=unreached action=reinterpret pc=0x0000000005656200 method=net.minecraft.client.gui.GuiKeyBindingList$KeyEntry.func_180790_a(IIIIIIIZ)V @ 14
Event: 760.337 Thread 0x0000000022656000 Uncommon trap: reason=class_check action=maybe_recompile pc=0x0000000003c29704 method=net.minecraft.nbt.NBTTagList.func_74734_a(Ljava/io/DataOutput;)V @ 45
Event: 760.337 Thread 0x0000000022656000 Uncommon trap: reason=class_check action=maybe_recompile pc=0x0000000004984d60 method=net.minecraft.nbt.NBTTagLong.func_74734_a(Ljava/io/DataOutput;)V @ 5
Event: 760.337 Thread 0x0000000022656000 Uncommon trap: reason=class_check action=maybe_recompile pc=0x0000000004984d60 method=net.minecraft.nbt.NBTTagLong.func_74734_a(Ljava/io/DataOutput;)V @ 5
Event: 760.337 Thread 0x0000000022656000 Uncommon trap: reason=class_check action=maybe_recompile pc=0x0000000005680c40 method=net.minecraft.nbt.NBTTagIntArray.func_74734_a(Ljava/io/DataOutput;)V @ 6
Event: 760.337 Thread 0x0000000022656000 Uncommon trap: reason=class_check action=maybe_recompile pc=0x0000000003c29704 method=net.minecraft.nbt.NBTTagList.func_74734_a(Ljava/io/DataOutput;)V @ 45
Event: 760.337 Thread 0x0000000022657000 Uncommon trap: reason=class_check action=maybe_recompile pc=0x0000000003efe5d0 method=net.minecraft.nbt.NBTTagLong.func_152446_a(Ljava/io/DataInput;ILnet/minecraft/nbt/NBTSizeTracker;)V @ 4
Event: 760.337 Thread 0x0000000022657000 Uncommon trap: reason=class_check action=maybe_recompile pc=0x0000000003efe5d0 method=net.minecraft.nbt.NBTTagLong.func_152446_a(Ljava/io/DataInput;ILnet/minecraft/nbt/NBTSizeTracker;)V @ 4
Event: 760.337 Thread 0x0000000022657000 Uncommon trap: reason=class_check action=maybe_recompile pc=0x00000000049c31cc method=net.minecraft.nbt.NBTTagIntArray.func_152446_a(Ljava/io/DataInput;ILnet/minecraft/nbt/NBTSizeTracker;)V @ 4
Event: 776.745 Thread 0x0000000025278000 Uncommon trap: reason=bimorphic action=maybe_recompile pc=0x00000000054b4e14 method=java.util.AbstractMap.isEmpty()Z @ 1

Internal exceptions (10 events):
Event: 785.858 Thread 0x0000000025276800 Exception <a 'java/lang/InterruptedException': sleep interrupted> (0x00000007527c6f78) thrown at [D:\re\workspace\8-2-build-windows-amd64-cygwin\jdk8u25\1677\hotspot\src\share\vm\prims\jvm.cpp, line 3141]
Event: 785.875 Thread 0x0000000025276800 Exception <a 'java/lang/InterruptedException': sleep interrupted> (0x00000007517c7918) thrown at [D:\re\workspace\8-2-build-windows-amd64-cygwin\jdk8u25\1677\hotspot\src\share\vm\prims\jvm.cpp, line 3141]
Event: 785.892 Thread 0x0000000025276800 Exception <a 'java/lang/InterruptedException': sleep interrupted> (0x00000007517c7b18) thrown at [D:\re\workspace\8-2-build-windows-amd64-cygwin\jdk8u25\1677\hotspot\src\share\vm\prims\jvm.cpp, line 3141]
Event: 785.893 Thread 0x0000000025276800 Exception <a 'java/lang/InterruptedException': sleep interrupted> (0x00000007517c7d18) thrown at [D:\re\workspace\8-2-build-windows-amd64-cygwin\jdk8u25\1677\hotspot\src\share\vm\prims\jvm.cpp, line 3141]
Event: 785.908 Thread 0x0000000025276800 Exception <a 'java/lang/InterruptedException': sleep interrupted> (0x00000007517c7f18) thrown at [D:\re\workspace\8-2-build-windows-amd64-cygwin\jdk8u25\1677\hotspot\src\share\vm\prims\jvm.cpp, line 3141]
Event: 785.924 Thread 0x0000000025276800 Exception <a 'java/lang/InterruptedException': sleep interrupted> (0x00000007517c8118) thrown at [D:\re\workspace\8-2-build-windows-amd64-cygwin\jdk8u25\1677\hotspot\src\share\vm\prims\jvm.cpp, line 3141]
Event: 785.943 Thread 0x0000000025276800 Exception <a 'java/lang/InterruptedException': sleep interrupted> (0x0000000751f8d0c8) thrown at [D:\re\workspace\8-2-build-windows-amd64-cygwin\jdk8u25\1677\hotspot\src\share\vm\prims\jvm.cpp, line 3141]
Event: 785.957 Thread 0x0000000025276800 Exception <a 'java/lang/InterruptedException': sleep interrupted> (0x0000000751f8d2c8) thrown at [D:\re\workspace\8-2-build-windows-amd64-cygwin\jdk8u25\1677\hotspot\src\share\vm\prims\jvm.cpp, line 3141]
Event: 785.974 Thread 0x0000000025276800 Exception <a 'java/lang/InterruptedException': sleep interrupted> (0x0000000751f8d4c8) thrown at [D:\re\workspace\8-2-build-windows-amd64-cygwin\jdk8u25\1677\hotspot\src\share\vm\prims\jvm.cpp, line 3141]
Event: 785.993 Thread 0x0000000025276800 Exception <a 'java/lang/InterruptedException': sleep interrupted> (0x0000000751f8d6c8) thrown at [D:\re\workspace\8-2-build-windows-amd64-cygwin\jdk8u25\1677\hotspot\src\share\vm\prims\jvm.cpp, line 3141]

Events (10 events):
Event: 776.763 Thread 0x00000000200a8000 flushing nmethod 0x000000000557f250
Event: 776.763 Thread 0x00000000200a8000 flushing nmethod 0x0000000005593b50
Event: 776.764 Thread 0x00000000200a8000 flushing nmethod 0x000000000559bb10
Event: 776.764 Thread 0x00000000200a8000 flushing nmethod 0x00000000055d2c10
Event: 779.008 Executing VM operation: G1IncCollectionPause
Event: 779.016 Executing VM operation: G1IncCollectionPause done
Event: 781.962 Executing VM operation: G1IncCollectionPause
Event: 781.969 Executing VM operation: G1IncCollectionPause done
Event: 784.711 Executing VM operation: G1IncCollectionPause
Event: 784.723 Executing VM operation: G1IncCollectionPause done


Dynamic libraries:
0x00007ff7341d0000 - 0x00007ff734204000 	C:\Program Files (x86)\Minecraft\runtime\jre-x64\1.8.0_25\bin\javaw.exe
0x00007ffc681f0000 - 0x00007ffc683c2000 	C:\Windows\SYSTEM32\ntdll.dll
0x00007ffc67c70000 - 0x00007ffc67d1c000 	C:\Windows\System32\KERNEL32.DLL
0x00007ffc64a90000 - 0x00007ffc64cad000 	C:\Windows\System32\KERNELBASE.dll
0x00007ffc65790000 - 0x00007ffc65832000 	C:\Windows\System32\ADVAPI32.dll
0x00007ffc67d20000 - 0x00007ffc67dbe000 	C:\Windows\System32\msvcrt.dll
0x00007ffc67bb0000 - 0x00007ffc67c09000 	C:\Windows\System32\sechost.dll
0x00007ffc65bf0000 - 0x00007ffc65d11000 	C:\Windows\System32\RPCRT4.dll
0x00007ffc663b0000 - 0x00007ffc66515000 	C:\Windows\System32\USER32.dll
0x00007ffc647f0000 - 0x00007ffc6480e000 	C:\Windows\System32\win32u.dll
0x00007ffc65840000 - 0x00007ffc65874000 	C:\Windows\System32\GDI32.dll
0x00007ffc65600000 - 0x00007ffc65780000 	C:\Windows\System32\gdi32full.dll
0x00007ffc539d0000 - 0x00007ffc53c4a000 	C:\Windows\WinSxS\amd64_microsoft.windows.common-controls_6595b64144ccf1df_6.0.14393.953_none_42151e83c686086b\COMCTL32.dll
0x00007ffc65fa0000 - 0x00007ffc66268000 	C:\Windows\System32\combase.dll
0x00007ffc646f0000 - 0x00007ffc647e5000 	C:\Windows\System32\ucrtbase.dll
0x00007ffc65590000 - 0x00007ffc655fa000 	C:\Windows\System32\bcryptPrimitives.dll
0x00007ffc665b0000 - 0x00007ffc665de000 	C:\Windows\System32\IMM32.DLL
0x0000000071600000 - 0x00000000716d2000 	C:\Program Files (x86)\Minecraft\runtime\jre-x64\1.8.0_25\bin\msvcr100.dll
0x0000000070da0000 - 0x00000000715fa000 	C:\Program Files (x86)\Minecraft\runtime\jre-x64\1.8.0_25\bin\server\jvm.dll
0x00007ffc65780000 - 0x00007ffc65788000 	C:\Windows\System32\PSAPI.DLL
0x00007ffc4f410000 - 0x00007ffc4f419000 	C:\Windows\SYSTEM32\WSOCK32.dll
0x00007ffc62ae0000 - 0x00007ffc62b03000 	C:\Windows\SYSTEM32\WINMM.dll
0x00007ffc65ed0000 - 0x00007ffc65f3a000 	C:\Windows\System32\WS2_32.dll
0x00007ffc62a80000 - 0x00007ffc62aab000 	C:\Windows\SYSTEM32\WINMMBASE.dll
0x00007ffc654e0000 - 0x00007ffc65522000 	C:\Windows\System32\cfgmgr32.dll
0x0000000070d90000 - 0x0000000070d9f000 	C:\Program Files (x86)\Minecraft\runtime\jre-x64\1.8.0_25\bin\verify.dll
0x0000000070d60000 - 0x0000000070d88000 	C:\Program Files (x86)\Minecraft\runtime\jre-x64\1.8.0_25\bin\java.dll
0x0000000070d40000 - 0x0000000070d56000 	C:\Program Files (x86)\Minecraft\runtime\jre-x64\1.8.0_25\bin\zip.dll
0x00007ffc665e0000 - 0x00007ffc67ae8000 	C:\Windows\System32\SHELL32.dll
0x00007ffc64d50000 - 0x00007ffc65428000 	C:\Windows\System32\windows.storage.dll
0x00007ffc64670000 - 0x00007ffc646bc000 	C:\Windows\System32\powrprof.dll
0x00007ffc65f40000 - 0x00007ffc65f92000 	C:\Windows\System32\shlwapi.dll
0x00007ffc646c0000 - 0x00007ffc646cf000 	C:\Windows\System32\kernel.appcore.dll
0x00007ffc65430000 - 0x00007ffc654d9000 	C:\Windows\System32\shcore.dll
0x00007ffc646d0000 - 0x00007ffc646e4000 	C:\Windows\System32\profapi.dll
0x0000000070d30000 - 0x0000000070d3d000 	C:\Program Files (x86)\Minecraft\runtime\jre-x64\1.8.0_25\bin\management.dll
0x0000000070d10000 - 0x0000000070d2a000 	C:\Program Files (x86)\Minecraft\runtime\jre-x64\1.8.0_25\bin\net.dll
0x00007ffc63f90000 - 0x00007ffc63fec000 	C:\Windows\system32\mswsock.dll
0x0000000070cf0000 - 0x0000000070d01000 	C:\Program Files (x86)\Minecraft\runtime\jre-x64\1.8.0_25\bin\nio.dll
0x00007ffc64140000 - 0x00007ffc64157000 	C:\Windows\SYSTEM32\CRYPTSP.dll
0x00007ffc63b30000 - 0x00007ffc63b63000 	C:\Windows\system32\rsaenh.dll
0x00007ffc64240000 - 0x00007ffc6426b000 	C:\Windows\SYSTEM32\bcrypt.dll
0x00007ffc63e10000 - 0x00007ffc63e2f000 	C:\Windows\SYSTEM32\USERENV.dll
0x00007ffc64130000 - 0x00007ffc6413b000 	C:\Windows\SYSTEM32\CRYPTBASE.dll
0x00007ffc63d10000 - 0x00007ffc63d48000 	C:\Windows\SYSTEM32\IPHLPAPI.DLL
0x00007ffc66520000 - 0x00007ffc66528000 	C:\Windows\System32\NSI.dll
0x00007ffc60500000 - 0x00007ffc60516000 	C:\Windows\SYSTEM32\dhcpcsvc6.DLL
0x00007ffc60620000 - 0x00007ffc6063a000 	C:\Windows\SYSTEM32\dhcpcsvc.DLL
0x00007ffc50240000 - 0x00007ffc5024a000 	C:\Users\Boweeton\AppData\Local\Temp\jansi-64-6719597029832121370.dll
0x00007ffc49860000 - 0x00007ffc49876000 	C:\Windows\system32\napinsp.dll
0x00007ffc49880000 - 0x00007ffc4989a000 	C:\Windows\system32\pnrpnsp.dll
0x00007ffc62490000 - 0x00007ffc624a8000 	C:\Windows\system32\NLAapi.dll
0x00007ffc63d50000 - 0x00007ffc63df1000 	C:\Windows\SYSTEM32\DNSAPI.dll
0x00007ffc498c0000 - 0x00007ffc498ce000 	C:\Windows\System32\winrnr.dll
0x00007ffc498a0000 - 0x00007ffc498b5000 	C:\Windows\System32\wshbth.dll
0x0000000072fe0000 - 0x0000000073006000 	C:\Program Files\Bonjour\mdnsNSP.dll
0x00007ffc52740000 - 0x00007ffc5274a000 	C:\Windows\System32\rasadhlp.dll
0x00007ffc56c90000 - 0x00007ffc56cfa000 	C:\Windows\System32\fwpuclnt.dll
0x0000000070cd0000 - 0x0000000070ce7000 	C:\Program Files (x86)\Minecraft\runtime\jre-x64\1.8.0_25\bin\unpack.dll
0x0000000180000000 - 0x0000000180053000 	C:\Users\Boweeton\AppData\Local\Temp\a939-1a7c-b125-700a\lwjgl64.dll
0x00007ffc40850000 - 0x00007ffc40973000 	C:\Windows\SYSTEM32\OPENGL32.dll
0x00007ffc5ce70000 - 0x00007ffc5ce7a000 	C:\Windows\SYSTEM32\VERSION.dll
0x00007ffc40c30000 - 0x00007ffc40c5d000 	C:\Windows\SYSTEM32\GLU32.dll
0x00007ffc40750000 - 0x00007ffc40847000 	C:\Windows\SYSTEM32\DDRAW.dll
0x00007ffc48860000 - 0x00007ffc48868000 	C:\Windows\SYSTEM32\DCIMAN32.dll
0x0000000070b30000 - 0x0000000070cc8000 	C:\Program Files (x86)\Minecraft\runtime\jre-x64\1.8.0_25\bin\awt.dll
0x00007ffc67af0000 - 0x00007ffc67baf000 	C:\Windows\System32\OLEAUT32.dll
0x00007ffc64cb0000 - 0x00007ffc64d4c000 	C:\Windows\System32\msvcp_win.dll
0x00007ffc62ce0000 - 0x00007ffc62d5a000 	C:\Windows\SYSTEM32\apphelp.dll
0x00007ffc62ec0000 - 0x00007ffc62f55000 	C:\Windows\system32\uxtheme.dll
0x00007ffc658f0000 - 0x00007ffc65a4a000 	C:\Windows\System32\MSCTF.dll
0x00007ffc623c0000 - 0x00007ffc623e6000 	C:\Windows\system32\dwmapi.dll
0x00007ffc20eb0000 - 0x00007ffc21bf7000 	C:\Windows\System32\DriverStore\FileRepository\igdlh64.inf_amd64_43155d58ecd36b2e\ig9icd64.dll
0x00007ffc61fd0000 - 0x00007ffc61fe3000 	C:\Windows\SYSTEM32\WTSAPI32.dll
0x00007ffc4bf60000 - 0x00007ffc4bff1000 	C:\Windows\SYSTEM32\mscms.dll
0x00007ffc495a0000 - 0x00007ffc495e2000 	C:\Windows\SYSTEM32\icm32.dll
0x00007ffc5d500000 - 0x00007ffc5e65c000 	C:\Windows\System32\DriverStore\FileRepository\igdlh64.inf_amd64_43155d58ecd36b2e\igc64.dll
0x0000000024330000 - 0x0000000024368000 	C:\Users\Boweeton\AppData\Local\Temp\jna\jna5799867601450768262.dll
0x0000000070b00000 - 0x0000000070b24000 	C:\Program Files (x86)\Minecraft\runtime\jre-x64\1.8.0_25\bin\sunec.dll
0x00000000260f0000 - 0x0000000026154000 	C:\Users\Boweeton\AppData\Local\Temp\a939-1a7c-b125-700a\OpenAL64.dll
0x00007ffc66270000 - 0x00007ffc663a8000 	C:\Windows\System32\ole32.dll
0x00007ffc65b50000 - 0x00007ffc65bef000 	C:\Windows\System32\clbcatq.dll
0x00007ffc60130000 - 0x00007ffc601a1000 	C:\Windows\System32\MMDevApi.dll
0x00007ffc63310000 - 0x00007ffc63338000 	C:\Windows\System32\DEVOBJ.dll
0x00007ffc62030000 - 0x00007ffc621b5000 	C:\Windows\System32\PROPSYS.dll
0x00007ffc50dd0000 - 0x00007ffc50e6b000 	C:\Windows\SYSTEM32\dsound.dll
0x00007ffc53dd0000 - 0x00007ffc53e64000 	C:\Windows\SYSTEM32\AUDIOSES.DLL
0x00007ffc61b30000 - 0x00007ffc61c66000 	C:\Windows\SYSTEM32\wintypes.dll
0x00007ffc52cb0000 - 0x00007ffc52e42000 	C:\Windows\SYSTEM32\dbghelp.dll

VM Arguments:
jvm_args: -Dos.name=Windows 10 -Dos.version=10.0 -XX:HeapDumpPath=MojangTricksIntelDriversForPerformance_javaw.exe_minecraft.exe.heapdump -Djava.library.path=C:\Users\Boweeton\AppData\Local\Temp\a939-1a7c-b125-700a -Dminecraft.launcher.brand=minecraft-launcher -Dminecraft.launcher.version=2.0.1003 -Dminecraft.client.jar=C:\Users\Boweeton\AppData\Roaming\.minecraft\versions\1.8.9\1.8.9.jar -Xmx4G -XX:+UnlockExperimentalVMOptions -XX:+UseG1GC -XX:G1NewSizePercent=20 -XX:G1ReservePercent=20 -XX:MaxGCPauseMillis=50 -XX:G1HeapRegionSize=16M -Dlog4j.configurationFile=C:/Users\Boweeton\AppData\Roaming\.minecraft\assets\log_configs\client-1.7.xml 
java_command: net.minecraft.launchwrapper.Launch --username Boweeton --version 1.8.9-forge1.8.9-11.15.1.1722 --gameDir C:/Users\Boweeton\AppData\Roaming\.minecraft --assetsDir C:/Users\Boweeton\AppData\Roaming\.minecraft/assets --assetIndex 1.8 --uuid e94b3883e7084ae3a7ee7cbd02c84b47 --accessToken 076dce117cf04f9ca97c74455e7faa87 --userProperties {} --userType mojang --tweakClass net.minecraftforge.fml.common.launcher.FMLTweaker
java_class_path (initial): C:\Users\Boweeton\AppData\Roaming\.minecraft\libraries\net\minecraftforge\forge\1.8.9-11.15.1.1722\forge-1.8.9-11.15.1.1722.jar;C:\Users\Boweeton\AppData\Roaming\.minecraft\libraries\io\netty\netty-all\4.0.23.Final\netty-all-4.0.23.Final.jar;C:\Users\Boweeton\AppData\Roaming\.minecraft\libraries\net\minecraft\launchwrapper\1.12\launchwrapper-1.12.jar;C:\Users\Boweeton\AppData\Roaming\.minecraft\libraries\org\ow2\asm\asm-all\5.0.3\asm-all-5.0.3.jar;C:\Users\Boweeton\AppData\Roaming\.minecraft\libraries\jline\jline\2.13\jline-2.13.jar;C:\Users\Boweeton\AppData\Roaming\.minecraft\libraries\com\typesafe\akka\akka-actor_2.11\2.3.3\akka-actor_2.11-2.3.3.jar;C:\Users\Boweeton\AppData\Roaming\.minecraft\libraries\com\typesafe\config\1.2.1\config-1.2.1.jar;C:\Users\Boweeton\AppData\Roaming\.minecraft\libraries\org\scala-lang\scala-actors-migration_2.11\1.1.0\scala-actors-migration_2.11-1.1.0.jar;C:\Users\Boweeton\AppData\Roaming\.minecraft\libraries\org\scala-lang\scala-compiler\2.11.1\scala-compiler-2.11.1.jar;C:\Users\Boweeton\AppData\Roaming\.minecraft\libraries\org\scala-lang\plugins\scala-continuations-library_2.11\1.0.2\scala-continuations-library_2.11-1.0.2.jar;C:\Users\Boweeton\AppData\Roaming\.minecraft\libraries\org\scala-lang\plugins\scala-continuations-plugin_2.11.1\1.0.2\scala-continuations-plugin_2.11.1-1.0.2.jar;C:\Users\Boweeton\AppData\Roaming\.minecraft\libraries\org\scala-lang\scala-library\2.11.1\scala-library-2.11.1.jar;C:\Users\Boweeton\AppData\Roaming\.minecraft\libraries\org\scala-lang\scala-parser-combinators_2.11\1.0.1\scala-parser-combinators_2.11-1.0.1.jar;C:\Users\Boweeton\AppData\Roaming\.minecraft\libraries\org\scala-lang\scala-reflect\2.11.1\scala-reflect-2.11.1.jar;C:\Users\Boweeton\AppData\Roaming\.minecraft\libraries\org\scala-lang\scala-swing_2.11\1.0.1\scala-swing_2.11-1.0.1.jar;C:\Users\Boweeton\AppData\Roaming\.minecraft\libraries\org\scala-lang\scala-xml_2.11\1.0.2\scala-xml_2.11-1.0.2.jar;C:\Users\Boweeton
Launcher Type: SUN_STANDARD

Environment Variables:
PATH=C:\ProgramData\Oracle\Java\javapath;C:\Windows\system32;C:\Windows;C:\Windows\System32\Wbem;C:\Windows\System32\WindowsPowerShell\v1.0\;C:\Program Files (x86)\NVIDIA Corporation\PhysX\Common;C:\Users\Boweeton\AppData\Local\Microsoft\WindowsApps;;C:\Program Files (x86)\SSH Communications Security\SSH Secure Shell
USERNAME=Boweeton
OS=Windows_NT
PROCESSOR_IDENTIFIER=Intel64 Family 6 Model 158 Stepping 9, GenuineIntel



---------------  S Y S T E M  ---------------

OS: Windows 8.1 , 64 bit Build 9600 

CPU:total 4 (4 cores per cpu, 1 threads per core) family 6 model 158 stepping 9, cmov, cx8, fxsr, mmx, sse, sse2, sse3, ssse3, sse4.1, sse4.2, popcnt, avx, avx2, aes, clmul, erms, lzcnt, tsc, tscinvbit, bmi1, bmi2

Memory: 4k page, physical 16642276k(6388528k free), swap 19132644k(5840252k free)

vm_info: Java HotSpot(TM) 64-Bit Server VM (25.25-b02) for windows-amd64 JRE (1.8.0_25-b18), built on Oct  7 2014 14:25:37 by "java_re" with MS VC++ 10.0 (VS2010)

time: Fri Jan 26 10:43:49 2018
elapsed time: 786 seconds (0d 0h 13m 6s)

