[00:02:11] [Server thread/INFO]: Saving and pausing game...
[00:02:11] [Server thread/INFO]: Saving chunks for level 'mod testing'/Overworld
[00:02:11] [Server thread/INFO]: Saving chunks for level 'mod testing'/Nether
[00:02:11] [Server thread/INFO]: Saving chunks for level 'mod testing'/The End
[00:02:59] [Server thread/INFO]: Saving and pausing game...
[00:02:59] [Server thread/INFO]: Saving chunks for level 'mod testing'/Overworld
[00:02:59] [Server thread/INFO]: Saving chunks for level 'mod testing'/Nether
[00:02:59] [Server thread/INFO]: Saving chunks for level 'mod testing'/The End
[00:03:00] [Client thread/INFO]: Mapping halted in C:\Users\Luke\AppData\Roaming\.minecraft\journeymap\data\sp\mod testing\DIM0
[00:03:00] [JM-task-15/WARN]: TaskBatch thread interrupted: journeymap.client.task.multi.MapPlayerTask$MapPlayerTaskBatch@149c4893
[00:03:00] [Server thread/INFO]: Stopping server
[00:03:00] [Server thread/INFO]: Saving players
[00:03:00] [Server thread/INFO]: Saving worlds
[00:03:00] [Server thread/INFO]: Saving chunks for level 'mod testing'/Overworld
[00:03:00] [Server thread/INFO]: Saving chunks for level 'mod testing'/Nether
[00:03:00] [Server thread/INFO]: Saving chunks for level 'mod testing'/The End
[00:03:02] [Server thread/INFO]: Unloading dimension 0
[00:03:02] [Server thread/INFO]: Unloading dimension -1
[00:03:02] [Server thread/INFO]: Unloading dimension 1
[00:03:04] [Server thread/INFO]: Applying holder lookups
[00:03:04] [Server thread/INFO]: Holder lookups applied
[00:03:05] [Client thread/INFO]: Stopping!
[00:03:05] [Client thread/INFO]: SoundSystem shutting down...
[00:03:05] [Client thread/WARN]: Author: Paul Lamb, www.paulscode.com
